<?xml version="1.0" encoding="UTF-8"?>
<coverage generated="1543473774825" clover="3.2.0">
  <project timestamp="1543473774825" name="All files">
    <metrics statements="770" coveredstatements="662" conditionals="266" coveredconditionals="226" methods="308" coveredmethods="224" elements="1344" coveredelements="1112" complexity="0" loc="770" ncloc="770" packages="23" files="57" classes="57">
      <package name="viero-paints-app">
        <metrics statements="1" coveredstatements="1" conditionals="0" coveredconditionals="0" methods="0" coveredmethods="0"/>
        <file name="jest-setup.js" path="/Users/sooraj/vierosafe/viero-paints-app/jest-setup.js">
          <metrics statements="1" coveredstatements="1" conditionals="0" coveredconditionals="0" methods="0" coveredmethods="0"/>
          <line num="4" count="26" type="stmt"/>
        </file>
      </package>
      <package name="viero-paints-app.src.components.categorydetails">
        <metrics statements="39" coveredstatements="31" conditionals="12" coveredconditionals="9" methods="18" coveredmethods="13"/>
        <file name="categorydetails.js" path="/Users/sooraj/vierosafe/viero-paints-app/src/components/categorydetails/categorydetails.js">
          <metrics statements="35" coveredstatements="27" conditionals="12" coveredconditionals="9" methods="18" coveredmethods="13"/>
          <line num="28" count="1" type="stmt"/>
          <line num="29" count="1" type="stmt"/>
          <line num="30" count="1" type="stmt"/>
          <line num="36" count="6" type="stmt"/>
          <line num="37" count="6" type="stmt"/>
          <line num="48" count="6" type="stmt"/>
          <line num="49" count="6" type="stmt"/>
          <line num="54" count="0" type="cond" truecount="0" falsecount="2"/>
          <line num="55" count="0" type="stmt"/>
          <line num="57" count="0" type="stmt"/>
          <line num="59" count="0" type="stmt"/>
          <line num="62" count="6" type="stmt"/>
          <line num="65" count="0" type="stmt"/>
          <line num="69" count="70" type="stmt"/>
          <line num="72" count="0" type="stmt"/>
          <line num="91" count="1" type="stmt"/>
          <line num="95" count="3" type="stmt"/>
          <line num="96" count="3" type="cond" truecount="2" falsecount="0"/>
          <line num="97" count="3" type="stmt"/>
          <line num="102" count="85" type="stmt"/>
          <line num="111" count="10" type="stmt"/>
          <line num="112" count="10" type="stmt"/>
          <line num="113" count="10" type="stmt"/>
          <line num="114" count="20" type="stmt"/>
          <line num="115" count="10" type="stmt"/>
          <line num="116" count="10" type="stmt"/>
          <line num="117" count="10" type="stmt"/>
          <line num="118" count="10" type="stmt"/>
          <line num="153" count="14" type="stmt"/>
          <line num="155" count="70" type="stmt"/>
          <line num="174" count="0" type="stmt"/>
          <line num="188" count="70" type="stmt"/>
          <line num="189" count="0" type="stmt"/>
          <line num="215" count="84" type="stmt"/>
          <line num="246" count="1" type="stmt"/>
        </file>
        <file name="demoproducts.js" path="/Users/sooraj/vierosafe/viero-paints-app/src/components/categorydetails/demoproducts.js">
          <metrics statements="2" coveredstatements="2" conditionals="0" coveredconditionals="0" methods="0" coveredmethods="0"/>
          <line num="1" count="1" type="stmt"/>
          <line num="3" count="1" type="stmt"/>
        </file>
        <file name="styles.js" path="/Users/sooraj/vierosafe/viero-paints-app/src/components/categorydetails/styles.js">
          <metrics statements="2" coveredstatements="2" conditionals="0" coveredconditionals="0" methods="0" coveredmethods="0"/>
          <line num="7" count="1" type="stmt"/>
          <line num="9" count="1" type="stmt"/>
        </file>
      </package>
      <package name="viero-paints-app.src.components.editprofile">
        <metrics statements="119" coveredstatements="97" conditionals="64" coveredconditionals="59" methods="30" coveredmethods="12"/>
        <file name="card.js" path="/Users/sooraj/vierosafe/viero-paints-app/src/components/editprofile/card.js">
          <metrics statements="12" coveredstatements="11" conditionals="4" coveredconditionals="4" methods="4" coveredmethods="3"/>
          <line num="19" count="2" type="stmt"/>
          <line num="20" count="2" type="stmt"/>
          <line num="25" count="4" type="stmt"/>
          <line num="26" count="4" type="stmt"/>
          <line num="33" count="2" type="cond" truecount="2" falsecount="0"/>
          <line num="34" count="1" type="stmt"/>
          <line num="36" count="1" type="stmt"/>
          <line num="38" count="2" type="stmt"/>
          <line num="42" count="9" type="stmt"/>
          <line num="44" count="0" type="stmt"/>
          <line num="68" count="2" type="stmt"/>
          <line num="76" count="2" type="stmt"/>
        </file>
        <file name="editprofile.js" path="/Users/sooraj/vierosafe/viero-paints-app/src/components/editprofile/editprofile.js">
          <metrics statements="105" coveredstatements="84" conditionals="60" coveredconditionals="55" methods="26" coveredmethods="9"/>
          <line num="29" count="1" type="stmt"/>
          <line num="30" count="1" type="stmt"/>
          <line num="35" count="7" type="stmt"/>
          <line num="36" count="7" type="stmt"/>
          <line num="46" count="4" type="stmt"/>
          <line num="47" count="4" type="cond" truecount="2" falsecount="0"/>
          <line num="48" count="1" type="stmt"/>
          <line num="49" count="3" type="cond" truecount="2" falsecount="0"/>
          <line num="50" count="1" type="stmt"/>
          <line num="51" count="2" type="cond" truecount="2" falsecount="0"/>
          <line num="52" count="1" type="stmt"/>
          <line num="54" count="1" type="stmt"/>
          <line num="59" count="5" type="stmt"/>
          <line num="60" count="5" type="stmt"/>
          <line num="61" count="5" type="stmt"/>
          <line num="62" count="5" type="stmt"/>
          <line num="63" count="5" type="stmt"/>
          <line num="64" count="5" type="stmt"/>
          <line num="65" count="5" type="stmt"/>
          <line num="66" count="5" type="stmt"/>
          <line num="67" count="5" type="stmt"/>
          <line num="69" count="5" type="cond" truecount="2" falsecount="0"/>
          <line num="70" count="2" type="stmt"/>
          <line num="71" count="2" type="stmt"/>
          <line num="72" count="2" type="stmt"/>
          <line num="73" count="2" type="stmt"/>
          <line num="75" count="2" type="stmt"/>
          <line num="86" count="2" type="stmt"/>
          <line num="87" count="3" type="cond" truecount="2" falsecount="0"/>
          <line num="88" count="1" type="stmt"/>
          <line num="89" count="1" type="stmt"/>
          <line num="90" count="1" type="stmt"/>
          <line num="91" count="1" type="stmt"/>
          <line num="92" count="1" type="stmt"/>
          <line num="93" count="1" type="stmt"/>
          <line num="94" count="1" type="stmt"/>
          <line num="95" count="1" type="stmt"/>
          <line num="96" count="1" type="stmt"/>
          <line num="97" count="1" type="stmt"/>
          <line num="98" count="1" type="stmt"/>
          <line num="99" count="1" type="stmt"/>
          <line num="114" count="1" type="stmt"/>
          <line num="115" count="1" type="stmt"/>
          <line num="117" count="1" type="stmt"/>
          <line num="130" count="1" type="stmt"/>
          <line num="131" count="2" type="cond" truecount="2" falsecount="0"/>
          <line num="132" count="1" type="stmt"/>
          <line num="133" count="1" type="stmt"/>
          <line num="134" count="1" type="stmt"/>
          <line num="135" count="1" type="stmt"/>
          <line num="136" count="1" type="stmt"/>
          <line num="137" count="1" type="stmt"/>
          <line num="138" count="1" type="stmt"/>
          <line num="139" count="1" type="stmt"/>
          <line num="140" count="1" type="stmt"/>
          <line num="141" count="1" type="stmt"/>
          <line num="142" count="1" type="stmt"/>
          <line num="143" count="1" type="stmt"/>
          <line num="158" count="1" type="stmt"/>
          <line num="159" count="1" type="stmt"/>
          <line num="161" count="1" type="stmt"/>
          <line num="174" count="1" type="stmt"/>
          <line num="176" count="1" type="stmt"/>
          <line num="181" count="4" type="stmt"/>
          <line num="182" count="4" type="stmt"/>
          <line num="183" count="4" type="stmt"/>
          <line num="188" count="4" type="stmt"/>
          <line num="189" count="4" type="stmt"/>
          <line num="190" count="4" type="stmt"/>
          <line num="194" count="6" type="stmt"/>
          <line num="195" count="6" type="cond" truecount="2" falsecount="0"/>
          <line num="196" count="2" type="cond" truecount="1" falsecount="1"/>
          <line num="197" count="2" type="stmt"/>
          <line num="198" count="2" type="stmt"/>
          <line num="200" count="0" type="stmt"/>
          <line num="201" count="0" type="stmt"/>
          <line num="204" count="4" type="cond" truecount="1" falsecount="1"/>
          <line num="205" count="4" type="stmt"/>
          <line num="206" count="4" type="stmt"/>
          <line num="207" count="4" type="stmt"/>
          <line num="209" count="0" type="stmt"/>
          <line num="210" count="0" type="stmt"/>
          <line num="216" count="15" type="stmt"/>
          <line num="217" count="15" type="stmt"/>
          <line num="218" count="15" type="stmt"/>
          <line num="219" count="15" type="stmt"/>
          <line num="220" count="15" type="stmt"/>
          <line num="252" count="0" type="stmt"/>
          <line num="260" count="0" type="stmt"/>
          <line num="275" count="0" type="stmt"/>
          <line num="283" count="0" type="stmt"/>
          <line num="291" count="0" type="stmt"/>
          <line num="299" count="0" type="stmt"/>
          <line num="307" count="0" type="stmt"/>
          <line num="315" count="0" type="stmt"/>
          <line num="323" count="0" type="stmt"/>
          <line num="338" count="0" type="stmt"/>
          <line num="346" count="0" type="stmt"/>
          <line num="354" count="0" type="stmt"/>
          <line num="362" count="0" type="stmt"/>
          <line num="370" count="0" type="stmt"/>
          <line num="378" count="0" type="stmt"/>
          <line num="386" count="0" type="stmt"/>
          <line num="406" count="0" type="stmt"/>
          <line num="423" count="1" type="stmt"/>
        </file>
        <file name="styles.js" path="/Users/sooraj/vierosafe/viero-paints-app/src/components/editprofile/styles.js">
          <metrics statements="2" coveredstatements="2" conditionals="0" coveredconditionals="0" methods="0" coveredmethods="0"/>
          <line num="6" count="2" type="stmt"/>
          <line num="8" count="2" type="stmt"/>
        </file>
      </package>
      <package name="viero-paints-app.src.components.education">
        <metrics statements="67" coveredstatements="58" conditionals="36" coveredconditionals="26" methods="24" coveredmethods="17"/>
        <file name="education.js" path="/Users/sooraj/vierosafe/viero-paints-app/src/components/education/education.js">
          <metrics statements="65" coveredstatements="56" conditionals="36" coveredconditionals="26" methods="24" coveredmethods="17"/>
          <line num="26" count="1" type="stmt"/>
          <line num="27" count="1" type="stmt"/>
          <line num="28" count="1" type="stmt"/>
          <line num="29" count="1" type="stmt"/>
          <line num="31" count="1" type="stmt"/>
          <line num="32" count="1" type="stmt"/>
          <line num="37" count="13" type="stmt"/>
          <line num="38" count="13" type="stmt"/>
          <line num="51" count="13" type="stmt"/>
          <line num="52" count="2" type="stmt"/>
          <line num="57" count="2" type="cond" truecount="1" falsecount="1"/>
          <line num="58" count="2" type="stmt"/>
          <line num="63" count="4" type="stmt"/>
          <line num="64" count="4" type="cond" truecount="1" falsecount="1"/>
          <line num="65" count="4" type="stmt"/>
          <line num="66" count="4" type="stmt"/>
          <line num="70" count="1" type="stmt"/>
          <line num="71" count="1" type="cond" truecount="1" falsecount="1"/>
          <line num="72" count="1" type="stmt"/>
          <line num="74" count="0" type="stmt"/>
          <line num="76" count="0" type="stmt"/>
          <line num="80" count="2" type="cond" truecount="2" falsecount="0"/>
          <line num="81" count="1" type="stmt"/>
          <line num="83" count="1" type="stmt"/>
          <line num="88" count="4" type="cond" truecount="2" falsecount="0"/>
          <line num="89" count="2" type="stmt"/>
          <line num="93" count="10" type="stmt"/>
          <line num="95" count="0" type="stmt"/>
          <line num="121" count="2" type="stmt"/>
          <line num="126" count="3" type="stmt"/>
          <line num="127" count="3" type="stmt"/>
          <line num="128" count="3" type="stmt"/>
          <line num="129" count="3" type="stmt"/>
          <line num="130" count="3" type="cond" truecount="1" falsecount="1"/>
          <line num="131" count="3" type="stmt"/>
          <line num="134" count="3" type="cond" truecount="1" falsecount="1"/>
          <line num="135" count="3" type="stmt"/>
          <line num="137" count="0" type="stmt"/>
          <line num="139" count="3" type="cond" truecount="2" falsecount="0"/>
          <line num="140" count="2" type="stmt"/>
          <line num="141" count="2" type="cond" truecount="2" falsecount="0"/>
          <line num="142" count="1" type="stmt"/>
          <line num="143" count="1" type="stmt"/>
          <line num="145" count="1" type="stmt"/>
          <line num="152" count="2" type="stmt"/>
          <line num="153" count="2" type="cond" truecount="1" falsecount="1"/>
          <line num="154" count="2" type="cond" truecount="2" falsecount="0"/>
          <line num="155" count="1" type="stmt"/>
          <line num="156" count="1" type="stmt"/>
          <line num="158" count="1" type="stmt"/>
          <line num="159" count="1" type="stmt"/>
          <line num="160" count="1" type="cond" truecount="1" falsecount="1"/>
          <line num="161" count="1" type="stmt"/>
          <line num="164" count="1" type="stmt"/>
          <line num="169" count="4" type="cond" truecount="2" falsecount="0"/>
          <line num="170" count="1" type="stmt"/>
          <line num="172" count="0" type="stmt"/>
          <line num="198" count="3" type="stmt"/>
          <line num="200" count="0" type="stmt"/>
          <line num="235" count="29" type="stmt"/>
          <line num="244" count="0" type="stmt"/>
          <line num="245" count="0" type="stmt"/>
          <line num="253" count="0" type="stmt"/>
          <line num="273" count="2" type="stmt"/>
          <line num="286" count="1" type="stmt"/>
        </file>
        <file name="styles.js" path="/Users/sooraj/vierosafe/viero-paints-app/src/components/education/styles.js">
          <metrics statements="2" coveredstatements="2" conditionals="0" coveredconditionals="0" methods="0" coveredmethods="0"/>
          <line num="6" count="1" type="stmt"/>
          <line num="8" count="1" type="stmt"/>
        </file>
      </package>
      <package name="viero-paints-app.src.components.home">
        <metrics statements="73" coveredstatements="36" conditionals="20" coveredconditionals="8" methods="39" coveredmethods="14"/>
        <file name="home.js" path="/Users/sooraj/vierosafe/viero-paints-app/src/components/home/home.js">
          <metrics statements="30" coveredstatements="26" conditionals="12" coveredconditionals="8" methods="15" coveredmethods="11"/>
          <line num="25" count="1" type="stmt"/>
          <line num="29" count="4" type="stmt"/>
          <line num="30" count="4" type="stmt"/>
          <line num="38" count="5" type="stmt"/>
          <line num="42" count="6" type="stmt"/>
          <line num="43" count="6" type="stmt"/>
          <line num="48" count="1" type="stmt"/>
          <line num="49" count="1" type="stmt"/>
          <line num="50" count="1" type="stmt"/>
          <line num="51" count="1" type="stmt"/>
          <line num="52" count="2" type="stmt"/>
          <line num="53" count="2" type="cond" truecount="1" falsecount="1"/>
          <line num="54" count="2" type="stmt"/>
          <line num="57" count="1" type="cond" truecount="1" falsecount="1"/>
          <line num="61" count="1" type="cond" truecount="1" falsecount="1"/>
          <line num="67" count="7" type="stmt"/>
          <line num="68" count="7" type="stmt"/>
          <line num="69" count="14" type="cond" truecount="1" falsecount="1"/>
          <line num="70" count="14" type="cond" truecount="2" falsecount="0"/>
          <line num="71" count="7" type="stmt"/>
          <line num="78" count="7" type="stmt"/>
          <line num="86" count="7" type="stmt"/>
          <line num="87" count="7" type="stmt"/>
          <line num="92" count="1" type="stmt"/>
          <line num="96" count="19" type="stmt"/>
          <line num="106" count="0" type="stmt"/>
          <line num="107" count="0" type="stmt"/>
          <line num="128" count="0" type="stmt"/>
          <line num="129" count="0" type="stmt"/>
          <line num="144" count="1" type="stmt"/>
        </file>
        <file name="masonry.js" path="/Users/sooraj/vierosafe/viero-paints-app/src/components/home/masonry.js">
          <metrics statements="41" coveredstatements="8" conditionals="8" coveredconditionals="0" methods="24" coveredmethods="3"/>
          <line num="7" count="0" type="stmt"/>
          <line num="19" count="0" type="stmt"/>
          <line num="20" count="0" type="stmt"/>
          <line num="27" count="0" type="stmt"/>
          <line num="31" count="0" type="stmt"/>
          <line num="43" count="0" type="stmt"/>
          <line num="47" count="0" type="stmt"/>
          <line num="51" count="0" type="stmt"/>
          <line num="52" count="0" type="stmt"/>
          <line num="53" count="0" type="stmt"/>
          <line num="54" count="0" type="stmt"/>
          <line num="55" count="0" type="cond" truecount="0" falsecount="2"/>
          <line num="75" count="4" type="stmt"/>
          <line num="76" count="4" type="stmt"/>
          <line num="77" count="4" type="stmt"/>
          <line num="78" count="8" type="stmt"/>
          <line num="80" count="4" type="stmt"/>
          <line num="83" count="4" type="stmt"/>
          <line num="87" count="0" type="stmt"/>
          <line num="91" count="0" type="cond" truecount="0" falsecount="2"/>
          <line num="92" count="0" type="cond" truecount="0" falsecount="2"/>
          <line num="93" count="0" type="stmt"/>
          <line num="95" count="0" type="stmt"/>
          <line num="96" count="0" type="stmt"/>
          <line num="99" count="0" type="cond" truecount="0" falsecount="2"/>
          <line num="100" count="0" type="stmt"/>
          <line num="101" count="0" type="stmt"/>
          <line num="108" count="0" type="stmt"/>
          <line num="109" count="0" type="stmt"/>
          <line num="117" count="0" type="stmt"/>
          <line num="118" count="0" type="stmt"/>
          <line num="119" count="0" type="stmt"/>
          <line num="120" count="0" type="stmt"/>
          <line num="124" count="0" type="stmt"/>
          <line num="125" count="0" type="stmt"/>
          <line num="134" count="0" type="stmt"/>
          <line num="138" count="0" type="stmt"/>
          <line num="139" count="0" type="stmt"/>
          <line num="140" count="0" type="stmt"/>
          <line num="144" count="19" type="stmt"/>
          <line num="148" count="38" type="stmt"/>
        </file>
        <file name="styles.js" path="/Users/sooraj/vierosafe/viero-paints-app/src/components/home/styles.js">
          <metrics statements="2" coveredstatements="2" conditionals="0" coveredconditionals="0" methods="0" coveredmethods="0"/>
          <line num="6" count="1" type="stmt"/>
          <line num="8" count="1" type="stmt"/>
        </file>
      </package>
      <package name="viero-paints-app.src.components.informazioni">
        <metrics statements="12" coveredstatements="12" conditionals="2" coveredconditionals="1" methods="7" coveredmethods="7"/>
        <file name="informazioni.js" path="/Users/sooraj/vierosafe/viero-paints-app/src/components/informazioni/informazioni.js">
          <metrics statements="10" coveredstatements="10" conditionals="0" coveredconditionals="0" methods="7" coveredmethods="7"/>
          <line num="24" count="1" type="stmt"/>
          <line num="26" count="1" type="stmt"/>
          <line num="31" count="3" type="stmt"/>
          <line num="32" count="3" type="stmt"/>
          <line num="39" count="3" type="stmt"/>
          <line num="43" count="4" type="stmt"/>
          <line num="44" count="4" type="stmt"/>
          <line num="49" count="6" type="stmt"/>
          <line num="53" count="9" type="stmt"/>
          <line num="95" count="1" type="stmt"/>
        </file>
        <file name="styles.js" path="/Users/sooraj/vierosafe/viero-paints-app/src/components/informazioni/styles.js">
          <metrics statements="2" coveredstatements="2" conditionals="2" coveredconditionals="1" methods="0" coveredmethods="0"/>
          <line num="7" count="1" type="stmt"/>
          <line num="9" count="1" type="stmt"/>
        </file>
      </package>
      <package name="viero-paints-app.src.components.lavoridetails">
        <metrics statements="22" coveredstatements="22" conditionals="0" coveredconditionals="0" methods="5" coveredmethods="5"/>
        <file name="demolavori.js" path="/Users/sooraj/vierosafe/viero-paints-app/src/components/lavoridetails/demolavori.js">
          <metrics statements="5" coveredstatements="5" conditionals="0" coveredconditionals="0" methods="0" coveredmethods="0"/>
          <line num="1" count="1" type="stmt"/>
          <line num="2" count="1" type="stmt"/>
          <line num="3" count="1" type="stmt"/>
          <line num="4" count="1" type="stmt"/>
          <line num="6" count="1" type="stmt"/>
        </file>
        <file name="lavoridetails.js" path="/Users/sooraj/vierosafe/viero-paints-app/src/components/lavoridetails/lavoridetails.js">
          <metrics statements="15" coveredstatements="15" conditionals="0" coveredconditionals="0" methods="5" coveredmethods="5"/>
          <line num="27" count="1" type="stmt"/>
          <line num="28" count="1" type="stmt"/>
          <line num="29" count="1" type="stmt"/>
          <line num="31" count="1" type="stmt"/>
          <line num="37" count="1" type="stmt"/>
          <line num="38" count="1" type="stmt"/>
          <line num="45" count="4" type="stmt"/>
          <line num="46" count="4" type="stmt"/>
          <line num="47" count="4" type="stmt"/>
          <line num="77" count="1" type="stmt"/>
          <line num="78" count="1" type="stmt"/>
          <line num="79" count="1" type="stmt"/>
          <line num="95" count="4" type="stmt"/>
          <line num="157" count="4" type="stmt"/>
          <line num="173" count="1" type="stmt"/>
        </file>
        <file name="styles.js" path="/Users/sooraj/vierosafe/viero-paints-app/src/components/lavoridetails/styles.js">
          <metrics statements="2" coveredstatements="2" conditionals="0" coveredconditionals="0" methods="0" coveredmethods="0"/>
          <line num="6" count="1" type="stmt"/>
          <line num="8" count="1" type="stmt"/>
        </file>
      </package>
      <package name="viero-paints-app.src.components.lavorifilter">
        <metrics statements="21" coveredstatements="18" conditionals="16" coveredconditionals="15" methods="9" coveredmethods="6"/>
        <file name="lavorifilter.js" path="/Users/sooraj/vierosafe/viero-paints-app/src/components/lavorifilter/lavorifilter.js">
          <metrics statements="19" coveredstatements="16" conditionals="16" coveredconditionals="15" methods="9" coveredmethods="6"/>
          <line num="18" count="2" type="stmt"/>
          <line num="23" count="3" type="stmt"/>
          <line num="24" count="3" type="stmt"/>
          <line num="31" count="3" type="stmt"/>
          <line num="35" count="2" type="stmt"/>
          <line num="36" count="2" type="cond" truecount="2" falsecount="0"/>
          <line num="37" count="1" type="stmt"/>
          <line num="39" count="1" type="stmt"/>
          <line num="44" count="9" type="cond" truecount="2" falsecount="0"/>
          <line num="45" count="7" type="stmt"/>
          <line num="46" count="7" type="stmt"/>
          <line num="50" count="0" type="stmt"/>
          <line num="58" count="0" type="stmt"/>
          <line num="69" count="35" type="stmt"/>
          <line num="70" count="0" type="stmt"/>
          <line num="97" count="2" type="stmt"/>
          <line num="106" count="8" type="stmt"/>
          <line num="112" count="2" type="stmt"/>
          <line num="118" count="2" type="stmt"/>
        </file>
        <file name="styles.js" path="/Users/sooraj/vierosafe/viero-paints-app/src/components/lavorifilter/styles.js">
          <metrics statements="2" coveredstatements="2" conditionals="0" coveredconditionals="0" methods="0" coveredmethods="0"/>
          <line num="6" count="2" type="stmt"/>
          <line num="8" count="2" type="stmt"/>
        </file>
      </package>
      <package name="viero-paints-app.src.components.login">
        <metrics statements="46" coveredstatements="46" conditionals="12" coveredconditionals="12" methods="14" coveredmethods="14"/>
        <file name="formconfig.js" path="/Users/sooraj/vierosafe/viero-paints-app/src/components/login/formconfig.js">
          <metrics statements="1" coveredstatements="1" conditionals="0" coveredconditionals="0" methods="0" coveredmethods="0"/>
          <line num="1" count="1" type="stmt"/>
        </file>
        <file name="login.js" path="/Users/sooraj/vierosafe/viero-paints-app/src/components/login/login.js">
          <metrics statements="43" coveredstatements="43" conditionals="12" coveredconditionals="12" methods="14" coveredmethods="14"/>
          <line num="26" count="1" type="stmt"/>
          <line num="27" count="1" type="stmt"/>
          <line num="30" count="1" type="stmt"/>
          <line num="31" count="1" type="stmt"/>
          <line num="36" count="6" type="stmt"/>
          <line num="37" count="6" type="stmt"/>
          <line num="38" count="6" type="stmt"/>
          <line num="45" count="3" type="stmt"/>
          <line num="46" count="3" type="stmt"/>
          <line num="48" count="3" type="cond" truecount="2" falsecount="0"/>
          <line num="49" count="1" type="stmt"/>
          <line num="50" count="1" type="stmt"/>
          <line num="52" count="2" type="stmt"/>
          <line num="53" count="1" type="stmt"/>
          <line num="55" count="2" type="cond" truecount="4" falsecount="0"/>
          <line num="56" count="1" type="stmt"/>
          <line num="58" count="1" type="stmt"/>
          <line num="64" count="3" type="stmt"/>
          <line num="65" count="3" type="stmt"/>
          <line num="66" count="3" type="stmt"/>
          <line num="67" count="3" type="stmt"/>
          <line num="68" count="3" type="stmt"/>
          <line num="69" count="3" type="stmt"/>
          <line num="70" count="3" type="stmt"/>
          <line num="71" count="3" type="stmt"/>
          <line num="72" count="2" type="stmt"/>
          <line num="76" count="3" type="cond" truecount="2" falsecount="0"/>
          <line num="77" count="2" type="stmt"/>
          <line num="78" count="2" type="stmt"/>
          <line num="80" count="1" type="stmt"/>
          <line num="81" count="1" type="stmt"/>
          <line num="82" count="1" type="stmt"/>
          <line num="87" count="1" type="stmt"/>
          <line num="88" count="1" type="stmt"/>
          <line num="92" count="1" type="stmt"/>
          <line num="93" count="1" type="stmt"/>
          <line num="94" count="1" type="stmt"/>
          <line num="98" count="1" type="stmt"/>
          <line num="102" count="1" type="stmt"/>
          <line num="106" count="14" type="stmt"/>
          <line num="125" count="28" type="stmt"/>
          <line num="129" count="44" type="stmt"/>
          <line num="151" count="1" type="stmt"/>
        </file>
        <file name="styles.js" path="/Users/sooraj/vierosafe/viero-paints-app/src/components/login/styles.js">
          <metrics statements="2" coveredstatements="2" conditionals="0" coveredconditionals="0" methods="0" coveredmethods="0"/>
          <line num="6" count="2" type="stmt"/>
          <line num="8" count="2" type="stmt"/>
        </file>
      </package>
      <package name="viero-paints-app.src.components.menu">
        <metrics statements="23" coveredstatements="23" conditionals="6" coveredconditionals="5" methods="10" coveredmethods="10"/>
        <file name="menu.js" path="/Users/sooraj/vierosafe/viero-paints-app/src/components/menu/menu.js">
          <metrics statements="20" coveredstatements="20" conditionals="4" coveredconditionals="4" methods="10" coveredmethods="10"/>
          <line num="22" count="1" type="stmt"/>
          <line num="27" count="5" type="stmt"/>
          <line num="28" count="5" type="stmt"/>
          <line num="35" count="6" type="stmt"/>
          <line num="36" count="6" type="stmt"/>
          <line num="41" count="7" type="stmt"/>
          <line num="42" count="1" type="stmt"/>
          <line num="43" count="1" type="stmt"/>
          <line num="47" count="5" type="stmt"/>
          <line num="48" count="5" type="cond" truecount="2" falsecount="0"/>
          <line num="49" count="2" type="stmt"/>
          <line num="51" count="5" type="cond" truecount="2" falsecount="0"/>
          <line num="52" count="1" type="stmt"/>
          <line num="54" count="4" type="stmt"/>
          <line num="55" count="4" type="stmt"/>
          <line num="60" count="6" type="stmt"/>
          <line num="66" count="30" type="stmt"/>
          <line num="69" count="1" type="stmt"/>
          <line num="80" count="1" type="stmt"/>
          <line num="98" count="1" type="stmt"/>
        </file>
        <file name="menuitems.js" path="/Users/sooraj/vierosafe/viero-paints-app/src/components/menu/menuitems.js">
          <metrics statements="1" coveredstatements="1" conditionals="0" coveredconditionals="0" methods="0" coveredmethods="0"/>
          <line num="1" count="1" type="stmt"/>
        </file>
        <file name="styles.js" path="/Users/sooraj/vierosafe/viero-paints-app/src/components/menu/styles.js">
          <metrics statements="2" coveredstatements="2" conditionals="2" coveredconditionals="1" methods="0" coveredmethods="0"/>
          <line num="7" count="1" type="stmt"/>
          <line num="9" count="1" type="stmt"/>
        </file>
      </package>
      <package name="viero-paints-app.src.components.navheader">
        <metrics statements="9" coveredstatements="9" conditionals="2" coveredconditionals="2" methods="4" coveredmethods="4"/>
        <file name="navheader.js" path="/Users/sooraj/vierosafe/viero-paints-app/src/components/navheader/navheader.js">
          <metrics statements="7" coveredstatements="7" conditionals="2" coveredconditionals="2" methods="4" coveredmethods="4"/>
          <line num="15" count="15" type="stmt"/>
          <line num="16" count="15" type="stmt"/>
          <line num="17" count="15" type="stmt"/>
          <line num="22" count="1" type="stmt"/>
          <line num="26" count="112" type="stmt"/>
          <line num="28" count="1" type="stmt"/>
          <line num="36" count="1" type="stmt"/>
        </file>
        <file name="styles.js" path="/Users/sooraj/vierosafe/viero-paints-app/src/components/navheader/styles.js">
          <metrics statements="2" coveredstatements="2" conditionals="0" coveredconditionals="0" methods="0" coveredmethods="0"/>
          <line num="6" count="15" type="stmt"/>
          <line num="8" count="15" type="stmt"/>
        </file>
      </package>
      <package name="viero-paints-app.src.components.orders">
        <metrics statements="43" coveredstatements="40" conditionals="6" coveredconditionals="5" methods="21" coveredmethods="18"/>
        <file name="demoorders.js" path="/Users/sooraj/vierosafe/viero-paints-app/src/components/orders/demoorders.js">
          <metrics statements="1" coveredstatements="1" conditionals="0" coveredconditionals="0" methods="0" coveredmethods="0"/>
          <line num="1" count="1" type="stmt"/>
        </file>
        <file name="orders.js" path="/Users/sooraj/vierosafe/viero-paints-app/src/components/orders/orders.js">
          <metrics statements="40" coveredstatements="37" conditionals="6" coveredconditionals="5" methods="21" coveredmethods="18"/>
          <line num="24" count="1" type="stmt"/>
          <line num="25" count="1" type="stmt"/>
          <line num="26" count="1" type="stmt"/>
          <line num="27" count="1" type="stmt"/>
          <line num="32" count="8" type="stmt"/>
          <line num="33" count="8" type="stmt"/>
          <line num="39" count="8" type="stmt"/>
          <line num="43" count="10" type="stmt"/>
          <line num="47" count="10" type="stmt"/>
          <line num="48" count="10" type="stmt"/>
          <line num="49" count="10" type="stmt"/>
          <line num="50" count="10" type="stmt"/>
          <line num="51" count="10" type="stmt"/>
          <line num="56" count="10" type="stmt"/>
          <line num="57" count="10" type="stmt"/>
          <line num="65" count="1" type="stmt"/>
          <line num="69" count="1" type="stmt"/>
          <line num="88" count="1" type="stmt"/>
          <line num="94" count="1" type="stmt"/>
          <line num="113" count="1" type="cond" truecount="1" falsecount="1"/>
          <line num="114" count="1" type="stmt"/>
          <line num="115" count="1" type="stmt"/>
          <line num="116" count="1" type="stmt"/>
          <line num="121" count="1" type="stmt"/>
          <line num="122" count="1" type="stmt"/>
          <line num="123" count="1" type="stmt"/>
          <line num="124" count="1" type="stmt"/>
          <line num="125" count="1" type="stmt"/>
          <line num="130" count="1" type="stmt"/>
          <line num="131" count="1" type="stmt"/>
          <line num="134" count="1" type="stmt"/>
          <line num="137" count="1" type="stmt"/>
          <line num="138" count="1" type="stmt"/>
          <line num="142" count="21" type="stmt"/>
          <line num="143" count="21" type="stmt"/>
          <line num="144" count="21" type="stmt"/>
          <line num="147" count="0" type="stmt"/>
          <line num="148" count="0" type="stmt"/>
          <line num="178" count="0" type="stmt"/>
          <line num="198" count="1" type="stmt"/>
        </file>
        <file name="styles.js" path="/Users/sooraj/vierosafe/viero-paints-app/src/components/orders/styles.js">
          <metrics statements="2" coveredstatements="2" conditionals="0" coveredconditionals="0" methods="0" coveredmethods="0"/>
          <line num="6" count="1" type="stmt"/>
          <line num="8" count="1" type="stmt"/>
        </file>
      </package>
      <package name="viero-paints-app.src.components.productdetails">
        <metrics statements="45" coveredstatements="41" conditionals="14" coveredconditionals="13" methods="21" coveredmethods="17"/>
        <file name="attachmentview.js" path="/Users/sooraj/vierosafe/viero-paints-app/src/components/productdetails/attachmentview.js">
          <metrics statements="4" coveredstatements="4" conditionals="0" coveredconditionals="0" methods="1" coveredmethods="1"/>
          <line num="18" count="2" type="stmt"/>
          <line num="24" count="1" type="stmt"/>
          <line num="42" count="2" type="stmt"/>
          <line num="46" count="2" type="stmt"/>
        </file>
        <file name="descriptionstyles.js" path="/Users/sooraj/vierosafe/viero-paints-app/src/components/productdetails/descriptionstyles.js">
          <metrics statements="1" coveredstatements="1" conditionals="0" coveredconditionals="0" methods="0" coveredmethods="0"/>
          <line num="6" count="1" type="stmt"/>
        </file>
        <file name="materialcard.js" path="/Users/sooraj/vierosafe/viero-paints-app/src/components/productdetails/materialcard.js">
          <metrics statements="3" coveredstatements="3" conditionals="4" coveredconditionals="4" methods="1" coveredmethods="1"/>
          <line num="21" count="2" type="stmt"/>
          <line num="52" count="2" type="stmt"/>
          <line num="58" count="2" type="stmt"/>
        </file>
        <file name="productdetails.js" path="/Users/sooraj/vierosafe/viero-paints-app/src/components/productdetails/productdetails.js">
          <metrics statements="32" coveredstatements="28" conditionals="6" coveredconditionals="6" methods="18" coveredmethods="14"/>
          <line num="33" count="1" type="stmt"/>
          <line num="34" count="1" type="stmt"/>
          <line num="35" count="1" type="stmt"/>
          <line num="36" count="1" type="stmt"/>
          <line num="37" count="1" type="stmt"/>
          <line num="38" count="1" type="stmt"/>
          <line num="39" count="1" type="stmt"/>
          <line num="44" count="7" type="stmt"/>
          <line num="45" count="7" type="stmt"/>
          <line num="52" count="7" type="stmt"/>
          <line num="56" count="7" type="stmt"/>
          <line num="57" count="7" type="stmt"/>
          <line num="58" count="7" type="stmt"/>
          <line num="62" count="1" type="stmt"/>
          <line num="67" count="1" type="stmt"/>
          <line num="71" count="1" type="stmt"/>
          <line num="72" count="1" type="stmt"/>
          <line num="73" count="1" type="stmt"/>
          <line num="77" count="2" type="stmt"/>
          <line num="81" count="1" type="stmt"/>
          <line num="90" count="13" type="stmt"/>
          <line num="91" count="65" type="stmt"/>
          <line num="92" count="13" type="stmt"/>
          <line num="93" count="13" type="stmt"/>
          <line num="151" count="0" type="stmt"/>
          <line num="165" count="77" type="stmt"/>
          <line num="166" count="0" type="stmt"/>
          <line num="192" count="0" type="stmt"/>
          <line num="215" count="44" type="stmt"/>
          <line num="226" count="33" type="stmt"/>
          <line num="245" count="0" type="stmt"/>
          <line num="265" count="1" type="stmt"/>
        </file>
        <file name="propertyview.js" path="/Users/sooraj/vierosafe/viero-paints-app/src/components/productdetails/propertyview.js">
          <metrics statements="3" coveredstatements="3" conditionals="2" coveredconditionals="2" methods="1" coveredmethods="1"/>
          <line num="20" count="2" type="stmt"/>
          <line num="37" count="2" type="stmt"/>
          <line num="43" count="2" type="stmt"/>
        </file>
        <file name="styles.js" path="/Users/sooraj/vierosafe/viero-paints-app/src/components/productdetails/styles.js">
          <metrics statements="2" coveredstatements="2" conditionals="2" coveredconditionals="1" methods="0" coveredmethods="0"/>
          <line num="7" count="4" type="stmt"/>
          <line num="9" count="4" type="stmt"/>
        </file>
      </package>
      <package name="viero-paints-app.src.components.productfilter">
        <metrics statements="12" coveredstatements="12" conditionals="6" coveredconditionals="6" methods="4" coveredmethods="4"/>
        <file name="productfilter.js" path="/Users/sooraj/vierosafe/viero-paints-app/src/components/productfilter/productfilter.js">
          <metrics statements="10" coveredstatements="10" conditionals="6" coveredconditionals="6" methods="4" coveredmethods="4"/>
          <line num="18" count="2" type="stmt"/>
          <line num="23" count="7" type="cond" truecount="2" falsecount="0"/>
          <line num="24" count="5" type="stmt"/>
          <line num="25" count="5" type="stmt"/>
          <line num="29" count="15" type="stmt"/>
          <line num="31" count="1" type="stmt"/>
          <line num="57" count="2" type="stmt"/>
          <line num="66" count="4" type="stmt"/>
          <line num="72" count="2" type="stmt"/>
          <line num="78" count="2" type="stmt"/>
        </file>
        <file name="styles.js" path="/Users/sooraj/vierosafe/viero-paints-app/src/components/productfilter/styles.js">
          <metrics statements="2" coveredstatements="2" conditionals="0" coveredconditionals="0" methods="0" coveredmethods="0"/>
          <line num="6" count="2" type="stmt"/>
          <line num="8" count="2" type="stmt"/>
        </file>
      </package>
      <package name="viero-paints-app.src.components.products">
        <metrics statements="55" coveredstatements="45" conditionals="18" coveredconditionals="14" methods="27" coveredmethods="20"/>
        <file name="productsapi.js" path="/Users/sooraj/vierosafe/viero-paints-app/src/components/products/productsapi.js">
          <metrics statements="53" coveredstatements="43" conditionals="18" coveredconditionals="14" methods="27" coveredmethods="20"/>
          <line num="27" count="1" type="stmt"/>
          <line num="28" count="1" type="stmt"/>
          <line num="34" count="9" type="stmt"/>
          <line num="35" count="9" type="stmt"/>
          <line num="45" count="9" type="stmt"/>
          <line num="49" count="10" type="stmt"/>
          <line num="50" count="10" type="stmt"/>
          <line num="54" count="2" type="stmt"/>
          <line num="55" count="2" type="stmt"/>
          <line num="60" count="2" type="stmt"/>
          <line num="61" count="2" type="stmt"/>
          <line num="65" count="2" type="stmt"/>
          <line num="66" count="2" type="stmt"/>
          <line num="71" count="2" type="stmt"/>
          <line num="72" count="0" type="stmt"/>
          <line num="76" count="2" type="cond" truecount="2" falsecount="0"/>
          <line num="77" count="1" type="stmt"/>
          <line num="79" count="1" type="stmt"/>
          <line num="84" count="4" type="cond" truecount="2" falsecount="0"/>
          <line num="85" count="1" type="stmt"/>
          <line num="93" count="3" type="stmt"/>
          <line num="97" count="0" type="stmt"/>
          <line num="101" count="1" type="stmt"/>
          <line num="102" count="1" type="stmt"/>
          <line num="103" count="1" type="stmt"/>
          <line num="104" count="1" type="stmt"/>
          <line num="105" count="1" type="cond" truecount="1" falsecount="1"/>
          <line num="106" count="1" type="stmt"/>
          <line num="109" count="1" type="cond" truecount="1" falsecount="1"/>
          <line num="110" count="1" type="stmt"/>
          <line num="112" count="0" type="stmt"/>
          <line num="114" count="1" type="cond" truecount="1" falsecount="1"/>
          <line num="115" count="0" type="stmt"/>
          <line num="116" count="0" type="stmt"/>
          <line num="121" count="2" type="stmt"/>
          <line num="122" count="2" type="stmt"/>
          <line num="123" count="2" type="stmt"/>
          <line num="124" count="2" type="stmt"/>
          <line num="125" count="2" type="cond" truecount="4" falsecount="0"/>
          <line num="126" count="1" type="stmt"/>
          <line num="128" count="1" type="stmt"/>
          <line num="130" count="2" type="stmt"/>
          <line num="134" count="1" type="stmt"/>
          <line num="138" count="5" type="stmt"/>
          <line num="139" count="2" type="stmt"/>
          <line num="140" count="1" type="stmt"/>
          <line num="142" count="0" type="stmt"/>
          <line num="161" count="22" type="stmt"/>
          <line num="174" count="0" type="stmt"/>
          <line num="175" count="0" type="stmt"/>
          <line num="183" count="0" type="stmt"/>
          <line num="202" count="0" type="stmt"/>
          <line num="215" count="1" type="stmt"/>
        </file>
        <file name="styles.js" path="/Users/sooraj/vierosafe/viero-paints-app/src/components/products/styles.js">
          <metrics statements="2" coveredstatements="2" conditionals="0" coveredconditionals="0" methods="0" coveredmethods="0"/>
          <line num="6" count="1" type="stmt"/>
          <line num="8" count="1" type="stmt"/>
        </file>
      </package>
      <package name="viero-paints-app.src.components.profile">
        <metrics statements="15" coveredstatements="14" conditionals="0" coveredconditionals="0" methods="4" coveredmethods="3"/>
        <file name="profile.js" path="/Users/sooraj/vierosafe/viero-paints-app/src/components/profile/profile.js">
          <metrics statements="13" coveredstatements="12" conditionals="0" coveredconditionals="0" methods="4" coveredmethods="3"/>
          <line num="21" count="1" type="stmt"/>
          <line num="23" count="1" type="stmt"/>
          <line num="28" count="1" type="stmt"/>
          <line num="29" count="1" type="stmt"/>
          <line num="30" count="1" type="stmt"/>
          <line num="31" count="1" type="stmt"/>
          <line num="32" count="1" type="stmt"/>
          <line num="36" count="2" type="stmt"/>
          <line num="37" count="2" type="stmt"/>
          <line num="38" count="2" type="stmt"/>
          <line num="55" count="8" type="stmt"/>
          <line num="58" count="0" type="stmt"/>
          <line num="73" count="1" type="stmt"/>
        </file>
        <file name="styles.js" path="/Users/sooraj/vierosafe/viero-paints-app/src/components/profile/styles.js">
          <metrics statements="2" coveredstatements="2" conditionals="0" coveredconditionals="0" methods="0" coveredmethods="0"/>
          <line num="6" count="1" type="stmt"/>
          <line num="8" count="1" type="stmt"/>
        </file>
      </package>
      <package name="viero-paints-app.src.components.publishlavori">
        <metrics statements="10" coveredstatements="9" conditionals="2" coveredconditionals="2" methods="4" coveredmethods="3"/>
        <file name="publishlavori.js" path="/Users/sooraj/vierosafe/viero-paints-app/src/components/publishlavori/publishlavori.js">
          <metrics statements="8" coveredstatements="7" conditionals="2" coveredconditionals="2" methods="4" coveredmethods="3"/>
          <line num="23" count="1" type="stmt"/>
          <line num="24" count="1" type="stmt"/>
          <line num="25" count="1" type="stmt"/>
          <line num="30" count="4" type="stmt"/>
          <line num="39" count="0" type="stmt"/>
          <line num="52" count="1" type="stmt"/>
          <line num="69" count="1" type="stmt"/>
          <line num="96" count="1" type="stmt"/>
        </file>
        <file name="styles.js" path="/Users/sooraj/vierosafe/viero-paints-app/src/components/publishlavori/styles.js">
          <metrics statements="2" coveredstatements="2" conditionals="0" coveredconditionals="0" methods="0" coveredmethods="0"/>
          <line num="6" count="1" type="stmt"/>
          <line num="8" count="1" type="stmt"/>
        </file>
      </package>
      <package name="viero-paints-app.src.components.relatedproducts">
        <metrics statements="16" coveredstatements="15" conditionals="4" coveredconditionals="4" methods="12" coveredmethods="11"/>
        <file name="relatedproducts.js" path="/Users/sooraj/vierosafe/viero-paints-app/src/components/relatedproducts/relatedproducts.js">
          <metrics statements="14" coveredstatements="13" conditionals="4" coveredconditionals="4" methods="12" coveredmethods="11"/>
          <line num="21" count="2" type="stmt"/>
          <line num="27" count="2" type="stmt"/>
          <line num="28" count="2" type="stmt"/>
          <line num="35" count="4" type="stmt"/>
          <line num="36" count="4" type="stmt"/>
          <line num="40" count="4" type="stmt"/>
          <line num="41" count="4" type="stmt"/>
          <line num="46" count="4" type="stmt"/>
          <line num="50" count="47" type="stmt"/>
          <line num="51" count="12" type="stmt"/>
          <line num="52" count="6" type="stmt"/>
          <line num="54" count="0" type="stmt"/>
          <line num="73" count="8" type="stmt"/>
          <line num="84" count="6" type="stmt"/>
        </file>
        <file name="styles.js" path="/Users/sooraj/vierosafe/viero-paints-app/src/components/relatedproducts/styles.js">
          <metrics statements="2" coveredstatements="2" conditionals="0" coveredconditionals="0" methods="0" coveredmethods="0"/>
          <line num="6" count="2" type="stmt"/>
          <line num="8" count="2" type="stmt"/>
        </file>
      </package>
      <package name="viero-paints-app.src.components.splashscreen">
        <metrics statements="13" coveredstatements="13" conditionals="2" coveredconditionals="2" methods="6" coveredmethods="6"/>
        <file name="splashscreen.js" path="/Users/sooraj/vierosafe/viero-paints-app/src/components/splashscreen/splashscreen.js">
          <metrics statements="12" coveredstatements="12" conditionals="2" coveredconditionals="2" methods="6" coveredmethods="6"/>
          <line num="22" count="1" type="stmt"/>
          <line num="23" count="1" type="stmt"/>
          <line num="28" count="5" type="stmt"/>
          <line num="29" count="5" type="stmt"/>
          <line num="33" count="4" type="stmt"/>
          <line num="34" count="4" type="cond" truecount="2" falsecount="0"/>
          <line num="35" count="1" type="stmt"/>
          <line num="37" count="3" type="stmt"/>
          <line num="43" count="4" type="stmt"/>
          <line num="47" count="4" type="stmt"/>
          <line num="51" count="4" type="stmt"/>
          <line num="72" count="1" type="stmt"/>
        </file>
        <file name="styles.js" path="/Users/sooraj/vierosafe/viero-paints-app/src/components/splashscreen/styles.js">
          <metrics statements="1" coveredstatements="1" conditionals="0" coveredconditionals="0" methods="0" coveredmethods="0"/>
          <line num="5" count="1" type="stmt"/>
        </file>
      </package>
      <package name="viero-paints-app.src.components.vetrinalavori">
        <metrics statements="46" coveredstatements="40" conditionals="14" coveredconditionals="14" methods="16" coveredmethods="10"/>
        <file name="demolavori.js" path="/Users/sooraj/vierosafe/viero-paints-app/src/components/vetrinalavori/demolavori.js">
          <metrics statements="5" coveredstatements="5" conditionals="0" coveredconditionals="0" methods="0" coveredmethods="0"/>
          <line num="1" count="4" type="stmt"/>
          <line num="2" count="4" type="stmt"/>
          <line num="3" count="4" type="stmt"/>
          <line num="4" count="4" type="stmt"/>
          <line num="6" count="4" type="stmt"/>
        </file>
        <file name="styles.js" path="/Users/sooraj/vierosafe/viero-paints-app/src/components/vetrinalavori/styles.js">
          <metrics statements="2" coveredstatements="2" conditionals="0" coveredconditionals="0" methods="0" coveredmethods="0"/>
          <line num="6" count="1" type="stmt"/>
          <line num="8" count="1" type="stmt"/>
        </file>
        <file name="vetrinalavori.js" path="/Users/sooraj/vierosafe/viero-paints-app/src/components/vetrinalavori/vetrinalavori.js">
          <metrics statements="39" coveredstatements="33" conditionals="14" coveredconditionals="14" methods="16" coveredmethods="10"/>
          <line num="27" count="1" type="stmt"/>
          <line num="28" count="1" type="stmt"/>
          <line num="29" count="1" type="stmt"/>
          <line num="34" count="13" type="stmt"/>
          <line num="35" count="13" type="stmt"/>
          <line num="42" count="13" type="stmt"/>
          <line num="46" count="1" type="stmt"/>
          <line num="50" count="4" type="stmt"/>
          <line num="51" count="4" type="stmt"/>
          <line num="52" count="4" type="stmt"/>
          <line num="53" count="16" type="stmt"/>
          <line num="54" count="16" type="cond" truecount="2" falsecount="0"/>
          <line num="55" count="10" type="stmt"/>
          <line num="58" count="4" type="cond" truecount="2" falsecount="0"/>
          <line num="59" count="3" type="stmt"/>
          <line num="61" count="1" type="stmt"/>
          <line num="63" count="4" type="cond" truecount="2" falsecount="0"/>
          <line num="64" count="2" type="cond" truecount="2" falsecount="0"/>
          <line num="65" count="1" type="stmt"/>
          <line num="66" count="1" type="stmt"/>
          <line num="68" count="1" type="stmt"/>
          <line num="74" count="1" type="stmt"/>
          <line num="76" count="0" type="stmt"/>
          <line num="105" count="2" type="cond" truecount="2" falsecount="0"/>
          <line num="106" count="1" type="stmt"/>
          <line num="108" count="1" type="stmt"/>
          <line num="113" count="29" type="cond" truecount="2" falsecount="0"/>
          <line num="114" count="2" type="stmt"/>
          <line num="122" count="27" type="stmt"/>
          <line num="127" count="1" type="stmt"/>
          <line num="128" count="1" type="stmt"/>
          <line num="132" count="1" type="stmt"/>
          <line num="137" count="30" type="stmt"/>
          <line num="150" count="0" type="stmt"/>
          <line num="151" count="0" type="stmt"/>
          <line num="159" count="0" type="stmt"/>
          <line num="176" count="0" type="stmt"/>
          <line num="179" count="0" type="stmt"/>
          <line num="196" count="1" type="stmt"/>
        </file>
      </package>
      <package name="viero-paints-app.src.components.wishlist">
        <metrics statements="21" coveredstatements="18" conditionals="8" coveredconditionals="7" methods="13" coveredmethods="10"/>
        <file name="styles.js" path="/Users/sooraj/vierosafe/viero-paints-app/src/components/wishlist/styles.js">
          <metrics statements="2" coveredstatements="2" conditionals="0" coveredconditionals="0" methods="0" coveredmethods="0"/>
          <line num="6" count="1" type="stmt"/>
          <line num="8" count="1" type="stmt"/>
        </file>
        <file name="wishlist.js" path="/Users/sooraj/vierosafe/viero-paints-app/src/components/wishlist/wishlist.js">
          <metrics statements="19" coveredstatements="16" conditionals="8" coveredconditionals="7" methods="13" coveredmethods="10"/>
          <line num="23" count="1" type="stmt"/>
          <line num="29" count="3" type="stmt"/>
          <line num="30" count="3" type="stmt"/>
          <line num="37" count="6" type="stmt"/>
          <line num="38" count="6" type="stmt"/>
          <line num="43" count="6" type="stmt"/>
          <line num="44" count="6" type="stmt"/>
          <line num="45" count="0" type="stmt"/>
          <line num="49" count="3" type="stmt"/>
          <line num="50" count="3" type="stmt"/>
          <line num="51" count="3" type="stmt"/>
          <line num="52" count="3" type="stmt"/>
          <line num="53" count="3" type="stmt"/>
          <line num="58" count="5" type="stmt"/>
          <line num="62" count="1" type="stmt"/>
          <line num="66" count="1" type="stmt"/>
          <line num="69" count="0" type="stmt"/>
          <line num="87" count="8" type="stmt"/>
          <line num="108" count="0" type="stmt"/>
        </file>
      </package>
      <package name="viero-paints-app.src.controller">
        <metrics statements="44" coveredstatements="44" conditionals="12" coveredconditionals="12" methods="16" coveredmethods="16"/>
        <file name="apiconfig.js" path="/Users/sooraj/vierosafe/viero-paints-app/src/controller/apiconfig.js">
          <metrics statements="16" coveredstatements="16" conditionals="0" coveredconditionals="0" methods="0" coveredmethods="0"/>
          <line num="1" count="13" type="stmt"/>
          <line num="2" count="13" type="stmt"/>
          <line num="3" count="13" type="stmt"/>
          <line num="4" count="13" type="stmt"/>
          <line num="5" count="13" type="stmt"/>
          <line num="6" count="13" type="stmt"/>
          <line num="7" count="13" type="stmt"/>
          <line num="8" count="13" type="stmt"/>
          <line num="9" count="13" type="stmt"/>
          <line num="10" count="13" type="stmt"/>
          <line num="11" count="13" type="stmt"/>
          <line num="12" count="13" type="stmt"/>
          <line num="13" count="13" type="stmt"/>
          <line num="14" count="13" type="stmt"/>
          <line num="15" count="13" type="stmt"/>
          <line num="16" count="13" type="stmt"/>
        </file>
        <file name="apicontroller.js" path="/Users/sooraj/vierosafe/viero-paints-app/src/controller/apicontroller.js">
          <metrics statements="28" coveredstatements="28" conditionals="12" coveredconditionals="12" methods="16" coveredmethods="16"/>
          <line num="6" count="12" type="stmt"/>
          <line num="7" count="12" type="stmt"/>
          <line num="8" count="12" type="stmt"/>
          <line num="12" count="1" type="stmt"/>
          <line num="16" count="1" type="stmt"/>
          <line num="20" count="1" type="stmt"/>
          <line num="24" count="1" type="stmt"/>
          <line num="28" count="1" type="stmt"/>
          <line num="32" count="1" type="stmt"/>
          <line num="36" count="96" type="stmt"/>
          <line num="42" count="96" type="stmt"/>
          <line num="47" count="96" type="cond" truecount="2" falsecount="0"/>
          <line num="48" count="46" type="stmt"/>
          <line num="52" count="35" type="stmt"/>
          <line num="55" count="33" type="cond" truecount="2" falsecount="0"/>
          <line num="56" count="32" type="stmt"/>
          <line num="59" count="2" type="stmt"/>
          <line num="62" count="50" type="stmt"/>
          <line num="67" count="38" type="stmt"/>
          <line num="68" count="38" type="stmt"/>
          <line num="71" count="37" type="cond" truecount="2" falsecount="0"/>
          <line num="72" count="36" type="stmt"/>
          <line num="75" count="1" type="stmt"/>
          <line num="81" count="38" type="stmt"/>
          <line num="85" count="38" type="stmt"/>
          <line num="89" count="18" type="stmt"/>
          <line num="90" count="18" type="cond" truecount="2" falsecount="0"/>
          <line num="91" count="5" type="stmt"/>
        </file>
      </package>
      <package name="viero-paints-app.src.lib.textinput">
        <metrics statements="18" coveredstatements="18" conditionals="10" coveredconditionals="10" methods="4" coveredmethods="4"/>
        <file name="styles.js" path="/Users/sooraj/vierosafe/viero-paints-app/src/lib/textinput/styles.js">
          <metrics statements="1" coveredstatements="1" conditionals="0" coveredconditionals="0" methods="0" coveredmethods="0"/>
          <line num="5" count="4" type="stmt"/>
        </file>
        <file name="textinput.js" path="/Users/sooraj/vierosafe/viero-paints-app/src/lib/textinput/textinput.js">
          <metrics statements="17" coveredstatements="17" conditionals="10" coveredconditionals="10" methods="4" coveredmethods="4"/>
          <line num="18" count="18" type="stmt"/>
          <line num="19" count="18" type="stmt"/>
          <line num="26" count="4" type="stmt"/>
          <line num="27" count="4" type="stmt"/>
          <line num="28" count="4" type="cond" truecount="2" falsecount="0"/>
          <line num="29" count="2" type="stmt"/>
          <line num="30" count="2" type="cond" truecount="2" falsecount="0"/>
          <line num="31" count="1" type="stmt"/>
          <line num="32" count="1" type="stmt"/>
          <line num="34" count="1" type="stmt"/>
          <line num="35" count="1" type="stmt"/>
          <line num="41" count="40" type="cond" truecount="2" falsecount="0"/>
          <line num="47" count="40" type="cond" truecount="2" falsecount="0"/>
          <line num="53" count="40" type="stmt"/>
          <line num="72" count="1" type="stmt"/>
          <line num="80" count="4" type="stmt"/>
          <line num="97" count="4" type="stmt"/>
        </file>
      </package>
    </metrics>
  </project>
</coverage>
