{"/Users/sooraj/vierosafe/viero-paints-app/jest-setup.js": {"path":"/Users/sooraj/vierosafe/viero-paints-app/jest-setup.js","statementMap":{"0":{"start":{"line":4,"column":0},"end":{"line":4,"column":16}}},"fnMap":{},"branchMap":{},"s":{"0":26},"f":{},"b":{},"_coverageSchema":"332fd63041d2c1bcb487cc26dd0d5f7d97098a6c","hash":"7969b1e3cd8c1b045e564987f516c8022af407ae"}
,"/Users/sooraj/vierosafe/viero-paints-app/src/components/categorydetails/categorydetails.js": {"path":"/Users/sooraj/vierosafe/viero-paints-app/src/components/categorydetails/categorydetails.js","statementMap":{"0":{"start":{"line":28,"column":26},"end":{"line":28,"column":50}},"1":{"start":{"line":29,"column":16},"end":{"line":29,"column":65}},"2":{"start":{"line":30,"column":15},"end":{"line":30,"column":169}},"3":{"start":{"line":36,"column":4},"end":{"line":36,"column":12}},"4":{"start":{"line":37,"column":4},"end":{"line":47,"column":6}},"5":{"start":{"line":48,"column":4},"end":{"line":48,"column":41}},"6":{"start":{"line":49,"column":4},"end":{"line":49,"column":53}},"7":{"start":{"line":54,"column":4},"end":{"line":58,"column":5}},"8":{"start":{"line":55,"column":6},"end":{"line":55,"column":58}},"9":{"start":{"line":57,"column":6},"end":{"line":57,"column":58}},"10":{"start":{"line":59,"column":4},"end":{"line":59,"column":55}},"11":{"start":{"line":62,"column":25},"end":{"line":62,"column":40}},"12":{"start":{"line":65,"column":4},"end":{"line":65,"column":31}},"13":{"start":{"line":69,"column":4},"end":{"line":87,"column":6}},"14":{"start":{"line":72,"column":25},"end":{"line":72,"column":51}},"15":{"start":{"line":91,"column":4},"end":{"line":91,"column":36}},"16":{"start":{"line":95,"column":26},"end":{"line":95,"column":59}},"17":{"start":{"line":96,"column":22},"end":{"line":96,"column":74}},"18":{"start":{"line":97,"column":4},"end":{"line":97,"column":67}},"19":{"start":{"line":102,"column":4},"end":{"line":107,"column":5}},"20":{"start":{"line":111,"column":22},"end":{"line":111,"column":43}},"21":{"start":{"line":112,"column":17},"end":{"line":112,"column":34}},"22":{"start":{"line":113,"column":21},"end":{"line":113,"column":42}},"23":{"start":{"line":114,"column":34},"end":{"line":114,"column":116}},"24":{"start":{"line":114,"column":75},"end":{"line":114,"column":115}},"25":{"start":{"line":115,"column":29},"end":{"line":115,"column":111}},"26":{"start":{"line":116,"column":29},"end":{"line":116,"column":105}},"27":{"start":{"line":116,"column":70},"end":{"line":116,"column":104}},"28":{"start":{"line":117,"column":24},"end":{"line":117,"column":101}},"29":{"start":{"line":118,"column":4},"end":{"line":242,"column":6}},"30":{"start":{"line":153,"column":34},"end":{"line":153,"column":53}},"31":{"start":{"line":155,"column":48},"end":{"line":155,"column":79}},"32":{"start":{"line":174,"column":42},"end":{"line":174,"column":75}},"33":{"start":{"line":188,"column":25},"end":{"line":199,"column":44}},"34":{"start":{"line":189,"column":42},"end":{"line":189,"column":65}},"35":{"start":{"line":215,"column":42},"end":{"line":215,"column":65}},"36":{"start":{"line":246,"column":0},"end":{"line":252,"column":2}}},"fnMap":{"0":{"name":"(anonymous_0)","decl":{"start":{"line":35,"column":2},"end":{"line":35,"column":3}},"loc":{"start":{"line":35,"column":16},"end":{"line":50,"column":3}},"line":35},"1":{"name":"(anonymous_1)","decl":{"start":{"line":52,"column":2},"end":{"line":52,"column":3}},"loc":{"start":{"line":52,"column":24},"end":{"line":60,"column":3}},"line":52},"2":{"name":"(anonymous_2)","decl":{"start":{"line":62,"column":18},"end":{"line":62,"column":19}},"loc":{"start":{"line":62,"column":25},"end":{"line":62,"column":40}},"line":62},"3":{"name":"(anonymous_3)","decl":{"start":{"line":64,"column":2},"end":{"line":64,"column":3}},"loc":{"start":{"line":64,"column":11},"end":{"line":66,"column":3}},"line":64},"4":{"name":"(anonymous_4)","decl":{"start":{"line":68,"column":2},"end":{"line":68,"column":3}},"loc":{"start":{"line":68,"column":29},"end":{"line":88,"column":3}},"line":68},"5":{"name":"(anonymous_5)","decl":{"start":{"line":72,"column":19},"end":{"line":72,"column":20}},"loc":{"start":{"line":72,"column":25},"end":{"line":72,"column":51}},"line":72},"6":{"name":"(anonymous_6)","decl":{"start":{"line":90,"column":2},"end":{"line":90,"column":3}},"loc":{"start":{"line":90,"column":21},"end":{"line":92,"column":3}},"line":90},"7":{"name":"(anonymous_7)","decl":{"start":{"line":94,"column":2},"end":{"line":94,"column":3}},"loc":{"start":{"line":94,"column":22},"end":{"line":99,"column":3}},"line":94},"8":{"name":"(anonymous_8)","decl":{"start":{"line":101,"column":2},"end":{"line":101,"column":3}},"loc":{"start":{"line":101,"column":21},"end":{"line":108,"column":3}},"line":101},"9":{"name":"(anonymous_9)","decl":{"start":{"line":110,"column":2},"end":{"line":110,"column":3}},"loc":{"start":{"line":110,"column":11},"end":{"line":243,"column":3}},"line":110},"10":{"name":"(anonymous_10)","decl":{"start":{"line":114,"column":70},"end":{"line":114,"column":71}},"loc":{"start":{"line":114,"column":75},"end":{"line":114,"column":115}},"line":114},"11":{"name":"(anonymous_11)","decl":{"start":{"line":116,"column":65},"end":{"line":116,"column":66}},"loc":{"start":{"line":116,"column":70},"end":{"line":116,"column":104}},"line":116},"12":{"name":"(anonymous_12)","decl":{"start":{"line":153,"column":27},"end":{"line":153,"column":28}},"loc":{"start":{"line":153,"column":34},"end":{"line":153,"column":53}},"line":153},"13":{"name":"(anonymous_13)","decl":{"start":{"line":155,"column":31},"end":{"line":155,"column":32}},"loc":{"start":{"line":155,"column":48},"end":{"line":155,"column":79}},"line":155},"14":{"name":"(anonymous_14)","decl":{"start":{"line":174,"column":34},"end":{"line":174,"column":35}},"loc":{"start":{"line":174,"column":42},"end":{"line":174,"column":75}},"line":174},"15":{"name":"(anonymous_15)","decl":{"start":{"line":187,"column":35},"end":{"line":187,"column":36}},"loc":{"start":{"line":188,"column":25},"end":{"line":199,"column":44}},"line":188},"16":{"name":"(anonymous_16)","decl":{"start":{"line":189,"column":36},"end":{"line":189,"column":37}},"loc":{"start":{"line":189,"column":42},"end":{"line":189,"column":65}},"line":189},"17":{"name":"(anonymous_17)","decl":{"start":{"line":215,"column":28},"end":{"line":215,"column":29}},"loc":{"start":{"line":215,"column":42},"end":{"line":215,"column":65}},"line":215}},"branchMap":{"0":{"loc":{"start":{"line":54,"column":4},"end":{"line":58,"column":5}},"type":"if","locations":[{"start":{"line":54,"column":4},"end":{"line":58,"column":5}},{"start":{"line":54,"column":4},"end":{"line":58,"column":5}}],"line":54},"1":{"loc":{"start":{"line":73,"column":17},"end":{"line":73,"column":98}},"type":"cond-expr","locations":[{"start":{"line":73,"column":53},"end":{"line":73,"column":77}},{"start":{"line":73,"column":80},"end":{"line":73,"column":98}}],"line":73},"2":{"loc":{"start":{"line":77,"column":12},"end":{"line":83,"column":21}},"type":"cond-expr","locations":[{"start":{"line":79,"column":14},"end":{"line":79,"column":22}},{"start":{"line":81,"column":14},"end":{"line":83,"column":21}}],"line":77},"3":{"loc":{"start":{"line":96,"column":22},"end":{"line":96,"column":74}},"type":"cond-expr","locations":[{"start":{"line":96,"column":58},"end":{"line":96,"column":65}},{"start":{"line":96,"column":68},"end":{"line":96,"column":74}}],"line":96},"4":{"loc":{"start":{"line":126,"column":24},"end":{"line":130,"column":32}},"type":"cond-expr","locations":[{"start":{"line":128,"column":17},"end":{"line":128,"column":65}},{"start":{"line":130,"column":18},"end":{"line":130,"column":31}}],"line":126},"5":{"loc":{"start":{"line":191,"column":29},"end":{"line":195,"column":48}},"type":"cond-expr","locations":[{"start":{"line":193,"column":29},"end":{"line":193,"column":54}},{"start":{"line":195,"column":29},"end":{"line":195,"column":48}}],"line":191}},"s":{"0":1,"1":1,"2":1,"3":6,"4":6,"5":6,"6":6,"7":0,"8":0,"9":0,"10":0,"11":6,"12":0,"13":70,"14":0,"15":1,"16":3,"17":3,"18":3,"19":85,"20":10,"21":10,"22":10,"23":10,"24":20,"25":10,"26":10,"27":10,"28":10,"29":10,"30":14,"31":70,"32":0,"33":70,"34":0,"35":84,"36":1},"f":{"0":6,"1":0,"2":6,"3":0,"4":70,"5":0,"6":1,"7":3,"8":85,"9":10,"10":20,"11":10,"12":14,"13":70,"14":0,"15":70,"16":0,"17":84},"b":{"0":[0,0],"1":[10,60],"2":[10,60],"3":[1,2],"4":[10,0],"5":[9,61]},"_coverageSchema":"332fd63041d2c1bcb487cc26dd0d5f7d97098a6c","hash":"d55571e5eb1c0c1fe1b7c98305300a7ccfeed2f4"}
,"/Users/sooraj/vierosafe/viero-paints-app/src/components/categorydetails/demoproducts.js": {"path":"/Users/sooraj/vierosafe/viero-paints-app/src/components/categorydetails/demoproducts.js","statementMap":{"0":{"start":{"line":1,"column":19},"end":{"line":1,"column":54}},"1":{"start":{"line":3,"column":21},"end":{"line":46,"column":1}}},"fnMap":{},"branchMap":{},"s":{"0":1,"1":1},"f":{},"b":{},"_coverageSchema":"332fd63041d2c1bcb487cc26dd0d5f7d97098a6c","hash":"be7a9efe9ec0623c74da108faeb7f81df345142a"}
,"/Users/sooraj/vierosafe/viero-paints-app/src/components/categorydetails/styles.js": {"path":"/Users/sooraj/vierosafe/viero-paints-app/src/components/categorydetails/styles.js","statementMap":{"0":{"start":{"line":7,"column":26},"end":{"line":7,"column":50}},"1":{"start":{"line":9,"column":15},"end":{"line":245,"column":2}}},"fnMap":{},"branchMap":{},"s":{"0":1,"1":1},"f":{},"b":{},"_coverageSchema":"332fd63041d2c1bcb487cc26dd0d5f7d97098a6c","hash":"0baad0baebdf0d78ca62175b2e20fb0dd6c47f84"}
,"/Users/sooraj/vierosafe/viero-paints-app/src/components/editprofile/card.js": {"path":"/Users/sooraj/vierosafe/viero-paints-app/src/components/editprofile/card.js","statementMap":{"0":{"start":{"line":19,"column":17},"end":{"line":19,"column":49}},"1":{"start":{"line":20,"column":17},"end":{"line":20,"column":49}},"2":{"start":{"line":25,"column":4},"end":{"line":25,"column":12}},"3":{"start":{"line":26,"column":4},"end":{"line":28,"column":6}},"4":{"start":{"line":33,"column":4},"end":{"line":37,"column":5}},"5":{"start":{"line":34,"column":6},"end":{"line":34,"column":30}},"6":{"start":{"line":36,"column":6},"end":{"line":36,"column":30}},"7":{"start":{"line":38,"column":4},"end":{"line":38,"column":34}},"8":{"start":{"line":42,"column":4},"end":{"line":64,"column":6}},"9":{"start":{"line":44,"column":67},"end":{"line":44,"column":85}},"10":{"start":{"line":68,"column":0},"end":{"line":74,"column":2}},"11":{"start":{"line":76,"column":0},"end":{"line":82,"column":2}}},"fnMap":{"0":{"name":"(anonymous_0)","decl":{"start":{"line":24,"column":2},"end":{"line":24,"column":3}},"loc":{"start":{"line":24,"column":16},"end":{"line":29,"column":3}},"line":24},"1":{"name":"(anonymous_1)","decl":{"start":{"line":32,"column":2},"end":{"line":32,"column":3}},"loc":{"start":{"line":32,"column":16},"end":{"line":39,"column":3}},"line":32},"2":{"name":"(anonymous_2)","decl":{"start":{"line":41,"column":2},"end":{"line":41,"column":3}},"loc":{"start":{"line":41,"column":11},"end":{"line":65,"column":3}},"line":41},"3":{"name":"(anonymous_3)","decl":{"start":{"line":44,"column":61},"end":{"line":44,"column":62}},"loc":{"start":{"line":44,"column":67},"end":{"line":44,"column":85}},"line":44}},"branchMap":{"0":{"loc":{"start":{"line":33,"column":4},"end":{"line":37,"column":5}},"type":"if","locations":[{"start":{"line":33,"column":4},"end":{"line":37,"column":5}},{"start":{"line":33,"column":4},"end":{"line":37,"column":5}}],"line":33},"1":{"loc":{"start":{"line":52,"column":15},"end":{"line":56,"column":44}},"type":"cond-expr","locations":[{"start":{"line":54,"column":17},"end":{"line":54,"column":64}},{"start":{"line":56,"column":17},"end":{"line":56,"column":44}}],"line":52}},"s":{"0":2,"1":2,"2":4,"3":4,"4":2,"5":1,"6":1,"7":2,"8":9,"9":0,"10":2,"11":2},"f":{"0":4,"1":2,"2":9,"3":0},"b":{"0":[1,1],"1":[4,5]},"_coverageSchema":"332fd63041d2c1bcb487cc26dd0d5f7d97098a6c","hash":"ac8539f425db366d88d189afd4d68adc4f747d89"}
,"/Users/sooraj/vierosafe/viero-paints-app/src/components/editprofile/editprofile.js": {"path":"/Users/sooraj/vierosafe/viero-paints-app/src/components/editprofile/editprofile.js","statementMap":{"0":{"start":{"line":29,"column":18},"end":{"line":29,"column":53}},"1":{"start":{"line":30,"column":23},"end":{"line":30,"column":55}},"2":{"start":{"line":35,"column":4},"end":{"line":35,"column":12}},"3":{"start":{"line":36,"column":4},"end":{"line":42,"column":6}},"4":{"start":{"line":46,"column":4},"end":{"line":46,"column":36}},"5":{"start":{"line":47,"column":4},"end":{"line":55,"column":5}},"6":{"start":{"line":48,"column":6},"end":{"line":48,"column":24}},"7":{"start":{"line":49,"column":11},"end":{"line":55,"column":5}},"8":{"start":{"line":50,"column":6},"end":{"line":50,"column":25}},"9":{"start":{"line":51,"column":11},"end":{"line":55,"column":5}},"10":{"start":{"line":52,"column":6},"end":{"line":52,"column":25}},"11":{"start":{"line":54,"column":6},"end":{"line":54,"column":30}},"12":{"start":{"line":59,"column":22},"end":{"line":59,"column":43}},"13":{"start":{"line":60,"column":21},"end":{"line":60,"column":46}},"14":{"start":{"line":61,"column":26},"end":{"line":61,"column":44}},"15":{"start":{"line":62,"column":25},"end":{"line":62,"column":42}},"16":{"start":{"line":63,"column":20},"end":{"line":63,"column":37}},"17":{"start":{"line":64,"column":22},"end":{"line":64,"column":41}},"18":{"start":{"line":65,"column":18},"end":{"line":65,"column":32}},"19":{"start":{"line":66,"column":32},"end":{"line":66,"column":61}},"20":{"start":{"line":67,"column":29},"end":{"line":67,"column":55}},"21":{"start":{"line":69,"column":4},"end":{"line":177,"column":5}},"22":{"start":{"line":70,"column":19},"end":{"line":70,"column":55}},"23":{"start":{"line":71,"column":24},"end":{"line":71,"column":31}},"24":{"start":{"line":72,"column":23},"end":{"line":72,"column":30}},"25":{"start":{"line":73,"column":23},"end":{"line":73,"column":49}},"26":{"start":{"line":75,"column":19},"end":{"line":85,"column":7}},"27":{"start":{"line":86,"column":6},"end":{"line":86,"column":30}},"28":{"start":{"line":87,"column":11},"end":{"line":177,"column":5}},"29":{"start":{"line":88,"column":19},"end":{"line":88,"column":56}},"30":{"start":{"line":89,"column":24},"end":{"line":89,"column":31}},"31":{"start":{"line":90,"column":23},"end":{"line":90,"column":30}},"32":{"start":{"line":91,"column":22},"end":{"line":91,"column":50}},"33":{"start":{"line":92,"column":20},"end":{"line":92,"column":50}},"34":{"start":{"line":93,"column":23},"end":{"line":93,"column":52}},"35":{"start":{"line":94,"column":21},"end":{"line":94,"column":48}},"36":{"start":{"line":95,"column":19},"end":{"line":95,"column":44}},"37":{"start":{"line":96,"column":21},"end":{"line":96,"column":48}},"38":{"start":{"line":97,"column":25},"end":{"line":97,"column":27}},"39":{"start":{"line":98,"column":6},"end":{"line":98,"column":30}},"40":{"start":{"line":99,"column":28},"end":{"line":112,"column":7}},"41":{"start":{"line":114,"column":24},"end":{"line":114,"column":26}},"42":{"start":{"line":115,"column":6},"end":{"line":115,"column":36}},"43":{"start":{"line":117,"column":19},"end":{"line":128,"column":7}},"44":{"start":{"line":130,"column":6},"end":{"line":130,"column":30}},"45":{"start":{"line":131,"column":11},"end":{"line":177,"column":5}},"46":{"start":{"line":132,"column":19},"end":{"line":132,"column":45}},"47":{"start":{"line":133,"column":24},"end":{"line":133,"column":31}},"48":{"start":{"line":134,"column":23},"end":{"line":134,"column":30}},"49":{"start":{"line":135,"column":22},"end":{"line":135,"column":51}},"50":{"start":{"line":136,"column":20},"end":{"line":136,"column":51}},"51":{"start":{"line":137,"column":23},"end":{"line":137,"column":53}},"52":{"start":{"line":138,"column":21},"end":{"line":138,"column":49}},"53":{"start":{"line":139,"column":19},"end":{"line":139,"column":45}},"54":{"start":{"line":140,"column":21},"end":{"line":140,"column":49}},"55":{"start":{"line":141,"column":25},"end":{"line":141,"column":27}},"56":{"start":{"line":142,"column":6},"end":{"line":142,"column":30}},"57":{"start":{"line":143,"column":28},"end":{"line":156,"column":7}},"58":{"start":{"line":158,"column":24},"end":{"line":158,"column":26}},"59":{"start":{"line":159,"column":6},"end":{"line":159,"column":36}},"60":{"start":{"line":161,"column":19},"end":{"line":172,"column":7}},"61":{"start":{"line":174,"column":6},"end":{"line":174,"column":30}},"62":{"start":{"line":176,"column":25},"end":{"line":176,"column":56}},"63":{"start":{"line":181,"column":4},"end":{"line":181,"column":37}},"64":{"start":{"line":182,"column":4},"end":{"line":184,"column":6}},"65":{"start":{"line":183,"column":15},"end":{"line":183,"column":51}},"66":{"start":{"line":188,"column":17},"end":{"line":188,"column":37}},"67":{"start":{"line":189,"column":4},"end":{"line":190,"column":50}},"68":{"start":{"line":190,"column":16},"end":{"line":190,"column":48}},"69":{"start":{"line":194,"column":4},"end":{"line":194,"column":49}},"70":{"start":{"line":195,"column":4},"end":{"line":212,"column":5}},"71":{"start":{"line":196,"column":6},"end":{"line":202,"column":7}},"72":{"start":{"line":197,"column":8},"end":{"line":197,"column":67}},"73":{"start":{"line":198,"column":8},"end":{"line":198,"column":48}},"74":{"start":{"line":200,"column":8},"end":{"line":200,"column":45}},"75":{"start":{"line":201,"column":8},"end":{"line":201,"column":42}},"76":{"start":{"line":204,"column":6},"end":{"line":211,"column":7}},"77":{"start":{"line":205,"column":8},"end":{"line":205,"column":63}},"78":{"start":{"line":206,"column":8},"end":{"line":206,"column":50}},"79":{"start":{"line":207,"column":8},"end":{"line":207,"column":47}},"80":{"start":{"line":209,"column":8},"end":{"line":209,"column":53}},"81":{"start":{"line":210,"column":8},"end":{"line":210,"column":42}},"82":{"start":{"line":216,"column":22},"end":{"line":216,"column":43}},"83":{"start":{"line":217,"column":17},"end":{"line":217,"column":39}},"84":{"start":{"line":218,"column":21},"end":{"line":218,"column":46}},"85":{"start":{"line":219,"column":20},"end":{"line":219,"column":38}},"86":{"start":{"line":220,"column":4},"end":{"line":419,"column":6}},"87":{"start":{"line":252,"column":43},"end":{"line":252,"column":59}},"88":{"start":{"line":260,"column":43},"end":{"line":260,"column":60}},"89":{"start":{"line":275,"column":43},"end":{"line":275,"column":60}},"90":{"start":{"line":283,"column":43},"end":{"line":283,"column":62}},"91":{"start":{"line":291,"column":43},"end":{"line":291,"column":61}},"92":{"start":{"line":299,"column":43},"end":{"line":299,"column":63}},"93":{"start":{"line":307,"column":43},"end":{"line":307,"column":64}},"94":{"start":{"line":315,"column":43},"end":{"line":315,"column":59}},"95":{"start":{"line":323,"column":43},"end":{"line":323,"column":61}},"96":{"start":{"line":338,"column":43},"end":{"line":338,"column":60}},"97":{"start":{"line":346,"column":43},"end":{"line":346,"column":63}},"98":{"start":{"line":354,"column":43},"end":{"line":354,"column":62}},"99":{"start":{"line":362,"column":43},"end":{"line":362,"column":64}},"100":{"start":{"line":370,"column":43},"end":{"line":370,"column":65}},"101":{"start":{"line":378,"column":43},"end":{"line":378,"column":60}},"102":{"start":{"line":386,"column":43},"end":{"line":386,"column":62}},"103":{"start":{"line":406,"column":47},"end":{"line":406,"column":69}},"104":{"start":{"line":423,"column":0},"end":{"line":429,"column":2}}},"fnMap":{"0":{"name":"(anonymous_0)","decl":{"start":{"line":34,"column":2},"end":{"line":34,"column":3}},"loc":{"start":{"line":34,"column":16},"end":{"line":43,"column":3}},"line":34},"1":{"name":"(anonymous_1)","decl":{"start":{"line":45,"column":2},"end":{"line":45,"column":3}},"loc":{"start":{"line":45,"column":20},"end":{"line":56,"column":3}},"line":45},"2":{"name":"(anonymous_2)","decl":{"start":{"line":58,"column":2},"end":{"line":58,"column":3}},"loc":{"start":{"line":58,"column":20},"end":{"line":178,"column":3}},"line":58},"3":{"name":"(anonymous_3)","decl":{"start":{"line":180,"column":2},"end":{"line":180,"column":3}},"loc":{"start":{"line":180,"column":21},"end":{"line":185,"column":3}},"line":180},"4":{"name":"(anonymous_4)","decl":{"start":{"line":183,"column":6},"end":{"line":183,"column":7}},"loc":{"start":{"line":183,"column":15},"end":{"line":183,"column":51}},"line":183},"5":{"name":"(anonymous_5)","decl":{"start":{"line":187,"column":2},"end":{"line":187,"column":3}},"loc":{"start":{"line":187,"column":34},"end":{"line":191,"column":3}},"line":187},"6":{"name":"(anonymous_6)","decl":{"start":{"line":190,"column":6},"end":{"line":190,"column":7}},"loc":{"start":{"line":190,"column":16},"end":{"line":190,"column":48}},"line":190},"7":{"name":"(anonymous_7)","decl":{"start":{"line":193,"column":2},"end":{"line":193,"column":3}},"loc":{"start":{"line":193,"column":28},"end":{"line":213,"column":3}},"line":193},"8":{"name":"(anonymous_8)","decl":{"start":{"line":215,"column":2},"end":{"line":215,"column":3}},"loc":{"start":{"line":215,"column":11},"end":{"line":420,"column":3}},"line":215},"9":{"name":"(anonymous_9)","decl":{"start":{"line":252,"column":32},"end":{"line":252,"column":33}},"loc":{"start":{"line":252,"column":41},"end":{"line":252,"column":61}},"line":252},"10":{"name":"(anonymous_10)","decl":{"start":{"line":260,"column":32},"end":{"line":260,"column":33}},"loc":{"start":{"line":260,"column":41},"end":{"line":260,"column":62}},"line":260},"11":{"name":"(anonymous_11)","decl":{"start":{"line":275,"column":32},"end":{"line":275,"column":33}},"loc":{"start":{"line":275,"column":41},"end":{"line":275,"column":62}},"line":275},"12":{"name":"(anonymous_12)","decl":{"start":{"line":283,"column":32},"end":{"line":283,"column":33}},"loc":{"start":{"line":283,"column":41},"end":{"line":283,"column":64}},"line":283},"13":{"name":"(anonymous_13)","decl":{"start":{"line":291,"column":32},"end":{"line":291,"column":33}},"loc":{"start":{"line":291,"column":41},"end":{"line":291,"column":63}},"line":291},"14":{"name":"(anonymous_14)","decl":{"start":{"line":299,"column":32},"end":{"line":299,"column":33}},"loc":{"start":{"line":299,"column":41},"end":{"line":299,"column":65}},"line":299},"15":{"name":"(anonymous_15)","decl":{"start":{"line":307,"column":32},"end":{"line":307,"column":33}},"loc":{"start":{"line":307,"column":41},"end":{"line":307,"column":66}},"line":307},"16":{"name":"(anonymous_16)","decl":{"start":{"line":315,"column":32},"end":{"line":315,"column":33}},"loc":{"start":{"line":315,"column":41},"end":{"line":315,"column":61}},"line":315},"17":{"name":"(anonymous_17)","decl":{"start":{"line":323,"column":32},"end":{"line":323,"column":33}},"loc":{"start":{"line":323,"column":41},"end":{"line":323,"column":63}},"line":323},"18":{"name":"(anonymous_18)","decl":{"start":{"line":338,"column":32},"end":{"line":338,"column":33}},"loc":{"start":{"line":338,"column":41},"end":{"line":338,"column":62}},"line":338},"19":{"name":"(anonymous_19)","decl":{"start":{"line":346,"column":32},"end":{"line":346,"column":33}},"loc":{"start":{"line":346,"column":41},"end":{"line":346,"column":65}},"line":346},"20":{"name":"(anonymous_20)","decl":{"start":{"line":354,"column":32},"end":{"line":354,"column":33}},"loc":{"start":{"line":354,"column":41},"end":{"line":354,"column":64}},"line":354},"21":{"name":"(anonymous_21)","decl":{"start":{"line":362,"column":32},"end":{"line":362,"column":33}},"loc":{"start":{"line":362,"column":41},"end":{"line":362,"column":66}},"line":362},"22":{"name":"(anonymous_22)","decl":{"start":{"line":370,"column":32},"end":{"line":370,"column":33}},"loc":{"start":{"line":370,"column":41},"end":{"line":370,"column":67}},"line":370},"23":{"name":"(anonymous_23)","decl":{"start":{"line":378,"column":32},"end":{"line":378,"column":33}},"loc":{"start":{"line":378,"column":41},"end":{"line":378,"column":62}},"line":378},"24":{"name":"(anonymous_24)","decl":{"start":{"line":386,"column":32},"end":{"line":386,"column":33}},"loc":{"start":{"line":386,"column":41},"end":{"line":386,"column":64}},"line":386},"25":{"name":"(anonymous_25)","decl":{"start":{"line":406,"column":36},"end":{"line":406,"column":37}},"loc":{"start":{"line":406,"column":45},"end":{"line":406,"column":71}},"line":406}},"branchMap":{"0":{"loc":{"start":{"line":47,"column":4},"end":{"line":55,"column":5}},"type":"if","locations":[{"start":{"line":47,"column":4},"end":{"line":55,"column":5}},{"start":{"line":47,"column":4},"end":{"line":55,"column":5}}],"line":47},"1":{"loc":{"start":{"line":49,"column":11},"end":{"line":55,"column":5}},"type":"if","locations":[{"start":{"line":49,"column":11},"end":{"line":55,"column":5}},{"start":{"line":49,"column":11},"end":{"line":55,"column":5}}],"line":49},"2":{"loc":{"start":{"line":51,"column":11},"end":{"line":55,"column":5}},"type":"if","locations":[{"start":{"line":51,"column":11},"end":{"line":55,"column":5}},{"start":{"line":51,"column":11},"end":{"line":55,"column":5}}],"line":51},"3":{"loc":{"start":{"line":69,"column":4},"end":{"line":177,"column":5}},"type":"if","locations":[{"start":{"line":69,"column":4},"end":{"line":177,"column":5}},{"start":{"line":69,"column":4},"end":{"line":177,"column":5}}],"line":69},"4":{"loc":{"start":{"line":79,"column":20},"end":{"line":79,"column":66}},"type":"cond-expr","locations":[{"start":{"line":79,"column":45},"end":{"line":79,"column":53}},{"start":{"line":79,"column":56},"end":{"line":79,"column":66}}],"line":79},"5":{"loc":{"start":{"line":87,"column":11},"end":{"line":177,"column":5}},"type":"if","locations":[{"start":{"line":87,"column":11},"end":{"line":177,"column":5}},{"start":{"line":87,"column":11},"end":{"line":177,"column":5}}],"line":87},"6":{"loc":{"start":{"line":106,"column":18},"end":{"line":106,"column":64}},"type":"cond-expr","locations":[{"start":{"line":106,"column":43},"end":{"line":106,"column":51}},{"start":{"line":106,"column":54},"end":{"line":106,"column":64}}],"line":106},"7":{"loc":{"start":{"line":131,"column":11},"end":{"line":177,"column":5}},"type":"if","locations":[{"start":{"line":131,"column":11},"end":{"line":177,"column":5}},{"start":{"line":131,"column":11},"end":{"line":177,"column":5}}],"line":131},"8":{"loc":{"start":{"line":150,"column":18},"end":{"line":150,"column":64}},"type":"cond-expr","locations":[{"start":{"line":150,"column":43},"end":{"line":150,"column":51}},{"start":{"line":150,"column":54},"end":{"line":150,"column":64}}],"line":150},"9":{"loc":{"start":{"line":195,"column":4},"end":{"line":212,"column":5}},"type":"if","locations":[{"start":{"line":195,"column":4},"end":{"line":212,"column":5}},{"start":{"line":195,"column":4},"end":{"line":212,"column":5}}],"line":195},"10":{"loc":{"start":{"line":196,"column":6},"end":{"line":202,"column":7}},"type":"if","locations":[{"start":{"line":196,"column":6},"end":{"line":202,"column":7}},{"start":{"line":196,"column":6},"end":{"line":202,"column":7}}],"line":196},"11":{"loc":{"start":{"line":204,"column":6},"end":{"line":211,"column":7}},"type":"if","locations":[{"start":{"line":204,"column":6},"end":{"line":211,"column":7}},{"start":{"line":204,"column":6},"end":{"line":211,"column":7}}],"line":204},"12":{"loc":{"start":{"line":224,"column":10},"end":{"line":416,"column":38}},"type":"cond-expr","locations":[{"start":{"line":226,"column":12},"end":{"line":228,"column":19}},{"start":{"line":230,"column":12},"end":{"line":416,"column":38}}],"line":224},"13":{"loc":{"start":{"line":257,"column":28},"end":{"line":257,"column":65}},"type":"cond-expr","locations":[{"start":{"line":257,"column":53},"end":{"line":257,"column":57}},{"start":{"line":257,"column":60},"end":{"line":257,"column":65}}],"line":257},"14":{"loc":{"start":{"line":265,"column":28},"end":{"line":265,"column":65}},"type":"cond-expr","locations":[{"start":{"line":265,"column":53},"end":{"line":265,"column":57}},{"start":{"line":265,"column":60},"end":{"line":265,"column":65}}],"line":265},"15":{"loc":{"start":{"line":280,"column":28},"end":{"line":280,"column":65}},"type":"cond-expr","locations":[{"start":{"line":280,"column":53},"end":{"line":280,"column":57}},{"start":{"line":280,"column":60},"end":{"line":280,"column":65}}],"line":280},"16":{"loc":{"start":{"line":288,"column":28},"end":{"line":288,"column":65}},"type":"cond-expr","locations":[{"start":{"line":288,"column":53},"end":{"line":288,"column":57}},{"start":{"line":288,"column":60},"end":{"line":288,"column":65}}],"line":288},"17":{"loc":{"start":{"line":296,"column":28},"end":{"line":296,"column":65}},"type":"cond-expr","locations":[{"start":{"line":296,"column":53},"end":{"line":296,"column":57}},{"start":{"line":296,"column":60},"end":{"line":296,"column":65}}],"line":296},"18":{"loc":{"start":{"line":304,"column":28},"end":{"line":304,"column":65}},"type":"cond-expr","locations":[{"start":{"line":304,"column":53},"end":{"line":304,"column":57}},{"start":{"line":304,"column":60},"end":{"line":304,"column":65}}],"line":304},"19":{"loc":{"start":{"line":312,"column":28},"end":{"line":312,"column":65}},"type":"cond-expr","locations":[{"start":{"line":312,"column":53},"end":{"line":312,"column":57}},{"start":{"line":312,"column":60},"end":{"line":312,"column":65}}],"line":312},"20":{"loc":{"start":{"line":320,"column":28},"end":{"line":320,"column":65}},"type":"cond-expr","locations":[{"start":{"line":320,"column":53},"end":{"line":320,"column":57}},{"start":{"line":320,"column":60},"end":{"line":320,"column":65}}],"line":320},"21":{"loc":{"start":{"line":328,"column":28},"end":{"line":328,"column":65}},"type":"cond-expr","locations":[{"start":{"line":328,"column":53},"end":{"line":328,"column":57}},{"start":{"line":328,"column":60},"end":{"line":328,"column":65}}],"line":328},"22":{"loc":{"start":{"line":343,"column":28},"end":{"line":343,"column":65}},"type":"cond-expr","locations":[{"start":{"line":343,"column":53},"end":{"line":343,"column":57}},{"start":{"line":343,"column":60},"end":{"line":343,"column":65}}],"line":343},"23":{"loc":{"start":{"line":351,"column":28},"end":{"line":351,"column":65}},"type":"cond-expr","locations":[{"start":{"line":351,"column":53},"end":{"line":351,"column":57}},{"start":{"line":351,"column":60},"end":{"line":351,"column":65}}],"line":351},"24":{"loc":{"start":{"line":359,"column":28},"end":{"line":359,"column":65}},"type":"cond-expr","locations":[{"start":{"line":359,"column":53},"end":{"line":359,"column":57}},{"start":{"line":359,"column":60},"end":{"line":359,"column":65}}],"line":359},"25":{"loc":{"start":{"line":367,"column":28},"end":{"line":367,"column":65}},"type":"cond-expr","locations":[{"start":{"line":367,"column":53},"end":{"line":367,"column":57}},{"start":{"line":367,"column":60},"end":{"line":367,"column":65}}],"line":367},"26":{"loc":{"start":{"line":375,"column":28},"end":{"line":375,"column":65}},"type":"cond-expr","locations":[{"start":{"line":375,"column":53},"end":{"line":375,"column":57}},{"start":{"line":375,"column":60},"end":{"line":375,"column":65}}],"line":375},"27":{"loc":{"start":{"line":383,"column":28},"end":{"line":383,"column":65}},"type":"cond-expr","locations":[{"start":{"line":383,"column":53},"end":{"line":383,"column":57}},{"start":{"line":383,"column":60},"end":{"line":383,"column":65}}],"line":383},"28":{"loc":{"start":{"line":391,"column":28},"end":{"line":391,"column":65}},"type":"cond-expr","locations":[{"start":{"line":391,"column":53},"end":{"line":391,"column":57}},{"start":{"line":391,"column":60},"end":{"line":391,"column":65}}],"line":391},"29":{"loc":{"start":{"line":411,"column":32},"end":{"line":411,"column":69}},"type":"cond-expr","locations":[{"start":{"line":411,"column":57},"end":{"line":411,"column":61}},{"start":{"line":411,"column":64},"end":{"line":411,"column":69}}],"line":411}},"s":{"0":1,"1":1,"2":7,"3":7,"4":4,"5":4,"6":1,"7":3,"8":1,"9":2,"10":1,"11":1,"12":5,"13":5,"14":5,"15":5,"16":5,"17":5,"18":5,"19":5,"20":5,"21":5,"22":2,"23":2,"24":2,"25":2,"26":2,"27":2,"28":3,"29":1,"30":1,"31":1,"32":1,"33":1,"34":1,"35":1,"36":1,"37":1,"38":1,"39":1,"40":1,"41":1,"42":1,"43":1,"44":1,"45":2,"46":1,"47":1,"48":1,"49":1,"50":1,"51":1,"52":1,"53":1,"54":1,"55":1,"56":1,"57":1,"58":1,"59":1,"60":1,"61":1,"62":1,"63":4,"64":4,"65":4,"66":4,"67":4,"68":4,"69":6,"70":6,"71":2,"72":2,"73":2,"74":0,"75":0,"76":4,"77":4,"78":4,"79":4,"80":0,"81":0,"82":15,"83":15,"84":15,"85":15,"86":15,"87":0,"88":0,"89":0,"90":0,"91":0,"92":0,"93":0,"94":0,"95":0,"96":0,"97":0,"98":0,"99":0,"100":0,"101":0,"102":0,"103":0,"104":1},"f":{"0":7,"1":4,"2":5,"3":4,"4":4,"5":4,"6":4,"7":6,"8":15,"9":0,"10":0,"11":0,"12":0,"13":0,"14":0,"15":0,"16":0,"17":0,"18":0,"19":0,"20":0,"21":0,"22":0,"23":0,"24":0,"25":0},"b":{"0":[1,3],"1":[1,2],"2":[1,1],"3":[2,3],"4":[2,0],"5":[1,2],"6":[1,0],"7":[1,1],"8":[1,0],"9":[2,4],"10":[2,0],"11":[4,0],"12":[4,11],"13":[1,10],"14":[1,10],"15":[1,10],"16":[1,10],"17":[1,10],"18":[1,10],"19":[1,10],"20":[1,10],"21":[1,10],"22":[1,10],"23":[1,10],"24":[1,10],"25":[1,10],"26":[1,10],"27":[1,10],"28":[1,10],"29":[1,10]},"_coverageSchema":"332fd63041d2c1bcb487cc26dd0d5f7d97098a6c","hash":"580b09c8b23c682ed4d13135c1c1c3248132c705"}
,"/Users/sooraj/vierosafe/viero-paints-app/src/components/editprofile/styles.js": {"path":"/Users/sooraj/vierosafe/viero-paints-app/src/components/editprofile/styles.js","statementMap":{"0":{"start":{"line":6,"column":19},"end":{"line":6,"column":43}},"1":{"start":{"line":8,"column":15},"end":{"line":118,"column":2}}},"fnMap":{},"branchMap":{},"s":{"0":2,"1":2},"f":{},"b":{},"_coverageSchema":"332fd63041d2c1bcb487cc26dd0d5f7d97098a6c","hash":"10af4b9dff488fcc1d3647ec1b1c067bdc399077"}
,"/Users/sooraj/vierosafe/viero-paints-app/src/components/education/education.js": {"path":"/Users/sooraj/vierosafe/viero-paints-app/src/components/education/education.js","statementMap":{"0":{"start":{"line":26,"column":19},"end":{"line":26,"column":53}},"1":{"start":{"line":27,"column":20},"end":{"line":27,"column":55}},"2":{"start":{"line":28,"column":16},"end":{"line":28,"column":48}},"3":{"start":{"line":29,"column":18},"end":{"line":29,"column":51}},"4":{"start":{"line":31,"column":18},"end":{"line":31,"column":129}},"5":{"start":{"line":32,"column":21},"end":{"line":32,"column":112}},"6":{"start":{"line":37,"column":4},"end":{"line":37,"column":12}},"7":{"start":{"line":38,"column":4},"end":{"line":47,"column":6}},"8":{"start":{"line":51,"column":4},"end":{"line":53,"column":6}},"9":{"start":{"line":52,"column":14},"end":{"line":52,"column":43}},"10":{"start":{"line":57,"column":4},"end":{"line":59,"column":5}},"11":{"start":{"line":58,"column":6},"end":{"line":58,"column":70}},"12":{"start":{"line":63,"column":18},"end":{"line":63,"column":51}},"13":{"start":{"line":64,"column":4},"end":{"line":64,"column":37}},"14":{"start":{"line":64,"column":21},"end":{"line":64,"column":37}},"15":{"start":{"line":65,"column":14},"end":{"line":65,"column":68}},"16":{"start":{"line":66,"column":4},"end":{"line":66,"column":69}},"17":{"start":{"line":70,"column":4},"end":{"line":76,"column":61}},"18":{"start":{"line":71,"column":6},"end":{"line":75,"column":7}},"19":{"start":{"line":72,"column":8},"end":{"line":72,"column":49}},"20":{"start":{"line":74,"column":8},"end":{"line":74,"column":36}},"21":{"start":{"line":76,"column":20},"end":{"line":76,"column":59}},"22":{"start":{"line":80,"column":4},"end":{"line":84,"column":5}},"23":{"start":{"line":81,"column":6},"end":{"line":81,"column":39}},"24":{"start":{"line":83,"column":6},"end":{"line":83,"column":38}},"25":{"start":{"line":88,"column":4},"end":{"line":122,"column":5}},"26":{"start":{"line":89,"column":6},"end":{"line":119,"column":7}},"27":{"start":{"line":93,"column":13},"end":{"line":115,"column":32}},"28":{"start":{"line":95,"column":30},"end":{"line":95,"column":52}},"29":{"start":{"line":121,"column":6},"end":{"line":121,"column":20}},"30":{"start":{"line":126,"column":4},"end":{"line":126,"column":43}},"31":{"start":{"line":127,"column":17},"end":{"line":127,"column":32}},"32":{"start":{"line":128,"column":25},"end":{"line":133,"column":6}},"33":{"start":{"line":129,"column":25},"end":{"line":129,"column":78}},"34":{"start":{"line":130,"column":6},"end":{"line":132,"column":7}},"35":{"start":{"line":131,"column":8},"end":{"line":131,"column":20}},"36":{"start":{"line":134,"column":4},"end":{"line":138,"column":5}},"37":{"start":{"line":135,"column":6},"end":{"line":135,"column":44}},"38":{"start":{"line":137,"column":6},"end":{"line":137,"column":36}},"39":{"start":{"line":139,"column":4},"end":{"line":147,"column":5}},"40":{"start":{"line":140,"column":23},"end":{"line":140,"column":42}},"41":{"start":{"line":141,"column":6},"end":{"line":146,"column":7}},"42":{"start":{"line":142,"column":33},"end":{"line":142,"column":60}},"43":{"start":{"line":143,"column":8},"end":{"line":143,"column":50}},"44":{"start":{"line":145,"column":8},"end":{"line":145,"column":42}},"45":{"start":{"line":152,"column":4},"end":{"line":152,"column":58}},"46":{"start":{"line":153,"column":17},"end":{"line":153,"column":83}},"47":{"start":{"line":154,"column":4},"end":{"line":165,"column":5}},"48":{"start":{"line":155,"column":23},"end":{"line":155,"column":42}},"49":{"start":{"line":156,"column":6},"end":{"line":156,"column":61}},"50":{"start":{"line":158,"column":27},"end":{"line":163,"column":8}},"51":{"start":{"line":159,"column":27},"end":{"line":159,"column":80}},"52":{"start":{"line":160,"column":8},"end":{"line":162,"column":9}},"53":{"start":{"line":161,"column":10},"end":{"line":161,"column":22}},"54":{"start":{"line":164,"column":6},"end":{"line":164,"column":76}},"55":{"start":{"line":169,"column":4},"end":{"line":231,"column":5}},"56":{"start":{"line":170,"column":6},"end":{"line":196,"column":7}},"57":{"start":{"line":172,"column":25},"end":{"line":172,"column":59}},"58":{"start":{"line":198,"column":6},"end":{"line":230,"column":7}},"59":{"start":{"line":200,"column":25},"end":{"line":200,"column":59}},"60":{"start":{"line":235,"column":4},"end":{"line":282,"column":6}},"61":{"start":{"line":244,"column":29},"end":{"line":244,"column":65}},"62":{"start":{"line":245,"column":36},"end":{"line":245,"column":71}},"63":{"start":{"line":253,"column":27},"end":{"line":253,"column":44}},"64":{"start":{"line":273,"column":20},"end":{"line":273,"column":48}},"65":{"start":{"line":286,"column":0},"end":{"line":291,"column":2}}},"fnMap":{"0":{"name":"(anonymous_0)","decl":{"start":{"line":36,"column":2},"end":{"line":36,"column":3}},"loc":{"start":{"line":36,"column":16},"end":{"line":48,"column":3}},"line":36},"1":{"name":"(anonymous_1)","decl":{"start":{"line":50,"column":2},"end":{"line":50,"column":3}},"loc":{"start":{"line":50,"column":22},"end":{"line":54,"column":3}},"line":50},"2":{"name":"(anonymous_2)","decl":{"start":{"line":52,"column":6},"end":{"line":52,"column":7}},"loc":{"start":{"line":52,"column":14},"end":{"line":52,"column":43}},"line":52},"3":{"name":"(anonymous_3)","decl":{"start":{"line":56,"column":2},"end":{"line":56,"column":3}},"loc":{"start":{"line":56,"column":27},"end":{"line":60,"column":3}},"line":56},"4":{"name":"(anonymous_4)","decl":{"start":{"line":62,"column":2},"end":{"line":62,"column":3}},"loc":{"start":{"line":62,"column":21},"end":{"line":67,"column":3}},"line":62},"5":{"name":"(anonymous_5)","decl":{"start":{"line":69,"column":2},"end":{"line":69,"column":3}},"loc":{"start":{"line":69,"column":22},"end":{"line":77,"column":3}},"line":69},"6":{"name":"(anonymous_6)","decl":{"start":{"line":70,"column":33},"end":{"line":70,"column":34}},"loc":{"start":{"line":70,"column":46},"end":{"line":76,"column":5}},"line":70},"7":{"name":"(anonymous_7)","decl":{"start":{"line":76,"column":13},"end":{"line":76,"column":14}},"loc":{"start":{"line":76,"column":20},"end":{"line":76,"column":59}},"line":76},"8":{"name":"(anonymous_8)","decl":{"start":{"line":79,"column":2},"end":{"line":79,"column":3}},"loc":{"start":{"line":79,"column":15},"end":{"line":85,"column":3}},"line":79},"9":{"name":"(anonymous_9)","decl":{"start":{"line":87,"column":2},"end":{"line":87,"column":3}},"loc":{"start":{"line":87,"column":18},"end":{"line":123,"column":3}},"line":87},"10":{"name":"(anonymous_10)","decl":{"start":{"line":92,"column":28},"end":{"line":92,"column":29}},"loc":{"start":{"line":93,"column":13},"end":{"line":115,"column":32}},"line":93},"11":{"name":"(anonymous_11)","decl":{"start":{"line":95,"column":24},"end":{"line":95,"column":25}},"loc":{"start":{"line":95,"column":30},"end":{"line":95,"column":52}},"line":95},"12":{"name":"(anonymous_12)","decl":{"start":{"line":125,"column":2},"end":{"line":125,"column":3}},"loc":{"start":{"line":125,"column":23},"end":{"line":148,"column":3}},"line":125},"13":{"name":"(anonymous_13)","decl":{"start":{"line":128,"column":37},"end":{"line":128,"column":38}},"loc":{"start":{"line":128,"column":47},"end":{"line":133,"column":5}},"line":128},"14":{"name":"(anonymous_14)","decl":{"start":{"line":151,"column":2},"end":{"line":151,"column":3}},"loc":{"start":{"line":151,"column":23},"end":{"line":166,"column":3}},"line":151},"15":{"name":"(anonymous_15)","decl":{"start":{"line":158,"column":39},"end":{"line":158,"column":40}},"loc":{"start":{"line":158,"column":49},"end":{"line":163,"column":7}},"line":158},"16":{"name":"(anonymous_16)","decl":{"start":{"line":168,"column":2},"end":{"line":168,"column":3}},"loc":{"start":{"line":168,"column":26},"end":{"line":232,"column":3}},"line":168},"17":{"name":"(anonymous_17)","decl":{"start":{"line":172,"column":19},"end":{"line":172,"column":20}},"loc":{"start":{"line":172,"column":25},"end":{"line":172,"column":59}},"line":172},"18":{"name":"(anonymous_18)","decl":{"start":{"line":200,"column":19},"end":{"line":200,"column":20}},"loc":{"start":{"line":200,"column":25},"end":{"line":200,"column":59}},"line":200},"19":{"name":"(anonymous_19)","decl":{"start":{"line":234,"column":2},"end":{"line":234,"column":3}},"loc":{"start":{"line":234,"column":11},"end":{"line":283,"column":3}},"line":234},"20":{"name":"(anonymous_20)","decl":{"start":{"line":244,"column":24},"end":{"line":244,"column":25}},"loc":{"start":{"line":244,"column":29},"end":{"line":244,"column":65}},"line":244},"21":{"name":"(anonymous_21)","decl":{"start":{"line":245,"column":28},"end":{"line":245,"column":29}},"loc":{"start":{"line":245,"column":36},"end":{"line":245,"column":71}},"line":245},"22":{"name":"(anonymous_22)","decl":{"start":{"line":253,"column":21},"end":{"line":253,"column":22}},"loc":{"start":{"line":253,"column":27},"end":{"line":253,"column":44}},"line":253},"23":{"name":"(anonymous_23)","decl":{"start":{"line":272,"column":37},"end":{"line":272,"column":38}},"loc":{"start":{"line":273,"column":20},"end":{"line":273,"column":48}},"line":273}},"branchMap":{"0":{"loc":{"start":{"line":57,"column":4},"end":{"line":59,"column":5}},"type":"if","locations":[{"start":{"line":57,"column":4},"end":{"line":59,"column":5}},{"start":{"line":57,"column":4},"end":{"line":59,"column":5}}],"line":57},"1":{"loc":{"start":{"line":64,"column":4},"end":{"line":64,"column":37}},"type":"if","locations":[{"start":{"line":64,"column":4},"end":{"line":64,"column":37}},{"start":{"line":64,"column":4},"end":{"line":64,"column":37}}],"line":64},"2":{"loc":{"start":{"line":71,"column":6},"end":{"line":75,"column":7}},"type":"if","locations":[{"start":{"line":71,"column":6},"end":{"line":75,"column":7}},{"start":{"line":71,"column":6},"end":{"line":75,"column":7}}],"line":71},"3":{"loc":{"start":{"line":80,"column":4},"end":{"line":84,"column":5}},"type":"if","locations":[{"start":{"line":80,"column":4},"end":{"line":84,"column":5}},{"start":{"line":80,"column":4},"end":{"line":84,"column":5}}],"line":80},"4":{"loc":{"start":{"line":88,"column":4},"end":{"line":122,"column":5}},"type":"if","locations":[{"start":{"line":88,"column":4},"end":{"line":122,"column":5}},{"start":{"line":88,"column":4},"end":{"line":122,"column":5}}],"line":88},"5":{"loc":{"start":{"line":97,"column":17},"end":{"line":101,"column":34}},"type":"cond-expr","locations":[{"start":{"line":99,"column":17},"end":{"line":99,"column":62}},{"start":{"line":101,"column":17},"end":{"line":101,"column":34}}],"line":97},"6":{"loc":{"start":{"line":106,"column":20},"end":{"line":110,"column":42}},"type":"cond-expr","locations":[{"start":{"line":108,"column":20},"end":{"line":108,"column":48}},{"start":{"line":110,"column":20},"end":{"line":110,"column":42}}],"line":106},"7":{"loc":{"start":{"line":130,"column":6},"end":{"line":132,"column":7}},"type":"if","locations":[{"start":{"line":130,"column":6},"end":{"line":132,"column":7}},{"start":{"line":130,"column":6},"end":{"line":132,"column":7}}],"line":130},"8":{"loc":{"start":{"line":134,"column":4},"end":{"line":138,"column":5}},"type":"if","locations":[{"start":{"line":134,"column":4},"end":{"line":138,"column":5}},{"start":{"line":134,"column":4},"end":{"line":138,"column":5}}],"line":134},"9":{"loc":{"start":{"line":139,"column":4},"end":{"line":147,"column":5}},"type":"if","locations":[{"start":{"line":139,"column":4},"end":{"line":147,"column":5}},{"start":{"line":139,"column":4},"end":{"line":147,"column":5}}],"line":139},"10":{"loc":{"start":{"line":141,"column":6},"end":{"line":146,"column":7}},"type":"if","locations":[{"start":{"line":141,"column":6},"end":{"line":146,"column":7}},{"start":{"line":141,"column":6},"end":{"line":146,"column":7}}],"line":141},"11":{"loc":{"start":{"line":153,"column":17},"end":{"line":153,"column":83}},"type":"cond-expr","locations":[{"start":{"line":153,"column":46},"end":{"line":153,"column":61}},{"start":{"line":153,"column":64},"end":{"line":153,"column":83}}],"line":153},"12":{"loc":{"start":{"line":154,"column":4},"end":{"line":165,"column":5}},"type":"if","locations":[{"start":{"line":154,"column":4},"end":{"line":165,"column":5}},{"start":{"line":154,"column":4},"end":{"line":165,"column":5}}],"line":154},"13":{"loc":{"start":{"line":160,"column":8},"end":{"line":162,"column":9}},"type":"if","locations":[{"start":{"line":160,"column":8},"end":{"line":162,"column":9}},{"start":{"line":160,"column":8},"end":{"line":162,"column":9}}],"line":160},"14":{"loc":{"start":{"line":169,"column":4},"end":{"line":231,"column":5}},"type":"if","locations":[{"start":{"line":169,"column":4},"end":{"line":231,"column":5}},{"start":{"line":169,"column":4},"end":{"line":231,"column":5}}],"line":169},"15":{"loc":{"start":{"line":178,"column":16},"end":{"line":182,"column":73}},"type":"cond-expr","locations":[{"start":{"line":180,"column":18},"end":{"line":180,"column":85}},{"start":{"line":182,"column":18},"end":{"line":182,"column":73}}],"line":178},"16":{"loc":{"start":{"line":212,"column":16},"end":{"line":216,"column":73}},"type":"cond-expr","locations":[{"start":{"line":214,"column":18},"end":{"line":214,"column":85}},{"start":{"line":216,"column":18},"end":{"line":216,"column":73}}],"line":212},"17":{"loc":{"start":{"line":261,"column":11},"end":{"line":278,"column":85}},"type":"cond-expr","locations":[{"start":{"line":263,"column":13},"end":{"line":276,"column":20}},{"start":{"line":278,"column":13},"end":{"line":278,"column":85}}],"line":261}},"s":{"0":1,"1":1,"2":1,"3":1,"4":1,"5":1,"6":13,"7":13,"8":13,"9":2,"10":2,"11":2,"12":4,"13":4,"14":0,"15":4,"16":4,"17":1,"18":1,"19":1,"20":0,"21":0,"22":2,"23":1,"24":1,"25":4,"26":2,"27":10,"28":0,"29":2,"30":3,"31":3,"32":3,"33":3,"34":3,"35":3,"36":3,"37":3,"38":0,"39":3,"40":2,"41":2,"42":1,"43":1,"44":1,"45":2,"46":2,"47":2,"48":1,"49":1,"50":1,"51":1,"52":1,"53":1,"54":1,"55":4,"56":1,"57":0,"58":3,"59":0,"60":29,"61":0,"62":0,"63":0,"64":2,"65":1},"f":{"0":13,"1":13,"2":2,"3":2,"4":4,"5":1,"6":1,"7":0,"8":2,"9":4,"10":10,"11":0,"12":3,"13":3,"14":2,"15":1,"16":4,"17":0,"18":0,"19":29,"20":0,"21":0,"22":0,"23":2},"b":{"0":[2,0],"1":[0,4],"2":[1,0],"3":[1,1],"4":[2,2],"5":[2,8],"6":[0,10],"7":[3,0],"8":[3,0],"9":[2,1],"10":[1,1],"11":[2,0],"12":[1,1],"13":[1,0],"14":[1,3],"15":[1,0],"16":[3,0],"17":[2,27]},"_coverageSchema":"332fd63041d2c1bcb487cc26dd0d5f7d97098a6c","hash":"74271b9e4193ff6fc9217ef22797b41cc2dd49bc"}
,"/Users/sooraj/vierosafe/viero-paints-app/src/components/education/styles.js": {"path":"/Users/sooraj/vierosafe/viero-paints-app/src/components/education/styles.js","statementMap":{"0":{"start":{"line":6,"column":26},"end":{"line":6,"column":50}},"1":{"start":{"line":8,"column":15},"end":{"line":143,"column":2}}},"fnMap":{},"branchMap":{},"s":{"0":1,"1":1},"f":{},"b":{},"_coverageSchema":"332fd63041d2c1bcb487cc26dd0d5f7d97098a6c","hash":"fdd53c6a54f39faa8ddcd02e77255b8b80ad69ff"}
,"/Users/sooraj/vierosafe/viero-paints-app/src/components/home/home.js": {"path":"/Users/sooraj/vierosafe/viero-paints-app/src/components/home/home.js","statementMap":{"0":{"start":{"line":25,"column":19},"end":{"line":25,"column":43}},"1":{"start":{"line":29,"column":4},"end":{"line":29,"column":17}},"2":{"start":{"line":30,"column":4},"end":{"line":34,"column":6}},"3":{"start":{"line":38,"column":4},"end":{"line":38,"column":57}},"4":{"start":{"line":38,"column":29},"end":{"line":38,"column":55}},"5":{"start":{"line":42,"column":4},"end":{"line":44,"column":6}},"6":{"start":{"line":43,"column":14},"end":{"line":43,"column":42}},"7":{"start":{"line":48,"column":4},"end":{"line":48,"column":43}},"8":{"start":{"line":49,"column":17},"end":{"line":49,"column":34}},"9":{"start":{"line":50,"column":19},"end":{"line":50,"column":21}},"10":{"start":{"line":51,"column":25},"end":{"line":56,"column":6}},"11":{"start":{"line":52,"column":25},"end":{"line":52,"column":78}},"12":{"start":{"line":53,"column":6},"end":{"line":55,"column":7}},"13":{"start":{"line":54,"column":8},"end":{"line":54,"column":20}},"14":{"start":{"line":57,"column":4},"end":{"line":59,"column":5}},"15":{"start":{"line":61,"column":4},"end":{"line":63,"column":5}},"16":{"start":{"line":67,"column":19},"end":{"line":67,"column":21}},"17":{"start":{"line":68,"column":4},"end":{"line":85,"column":7}},"18":{"start":{"line":69,"column":18},"end":{"line":69,"column":177}},"19":{"start":{"line":70,"column":6},"end":{"line":84,"column":7}},"20":{"start":{"line":71,"column":8},"end":{"line":76,"column":11}},"21":{"start":{"line":78,"column":8},"end":{"line":83,"column":11}},"22":{"start":{"line":86,"column":4},"end":{"line":86,"column":50}},"23":{"start":{"line":87,"column":4},"end":{"line":87,"column":38}},"24":{"start":{"line":92,"column":4},"end":{"line":92,"column":95}},"25":{"start":{"line":96,"column":4},"end":{"line":140,"column":6}},"26":{"start":{"line":106,"column":27},"end":{"line":106,"column":63}},"27":{"start":{"line":107,"column":34},"end":{"line":107,"column":69}},"28":{"start":{"line":128,"column":12},"end":{"line":136,"column":31}},"29":{"start":{"line":129,"column":29},"end":{"line":129,"column":51}},"30":{"start":{"line":144,"column":0},"end":{"line":149,"column":2}}},"fnMap":{"0":{"name":"(anonymous_0)","decl":{"start":{"line":28,"column":2},"end":{"line":28,"column":3}},"loc":{"start":{"line":28,"column":21},"end":{"line":35,"column":3}},"line":28},"1":{"name":"(anonymous_1)","decl":{"start":{"line":37,"column":2},"end":{"line":37,"column":3}},"loc":{"start":{"line":37,"column":22},"end":{"line":39,"column":3}},"line":37},"2":{"name":"(anonymous_2)","decl":{"start":{"line":38,"column":20},"end":{"line":38,"column":21}},"loc":{"start":{"line":38,"column":29},"end":{"line":38,"column":55}},"line":38},"3":{"name":"(anonymous_3)","decl":{"start":{"line":41,"column":2},"end":{"line":41,"column":3}},"loc":{"start":{"line":41,"column":24},"end":{"line":45,"column":3}},"line":41},"4":{"name":"(anonymous_4)","decl":{"start":{"line":43,"column":6},"end":{"line":43,"column":7}},"loc":{"start":{"line":43,"column":14},"end":{"line":43,"column":42}},"line":43},"5":{"name":"(anonymous_5)","decl":{"start":{"line":47,"column":2},"end":{"line":47,"column":3}},"loc":{"start":{"line":47,"column":23},"end":{"line":64,"column":3}},"line":47},"6":{"name":"(anonymous_6)","decl":{"start":{"line":51,"column":37},"end":{"line":51,"column":38}},"loc":{"start":{"line":51,"column":45},"end":{"line":56,"column":5}},"line":51},"7":{"name":"(anonymous_7)","decl":{"start":{"line":66,"column":2},"end":{"line":66,"column":3}},"loc":{"start":{"line":66,"column":26},"end":{"line":89,"column":3}},"line":66},"8":{"name":"(anonymous_8)","decl":{"start":{"line":68,"column":19},"end":{"line":68,"column":20}},"loc":{"start":{"line":68,"column":36},"end":{"line":85,"column":5}},"line":68},"9":{"name":"(anonymous_9)","decl":{"start":{"line":91,"column":2},"end":{"line":91,"column":3}},"loc":{"start":{"line":91,"column":20},"end":{"line":93,"column":3}},"line":91},"10":{"name":"(anonymous_10)","decl":{"start":{"line":95,"column":2},"end":{"line":95,"column":3}},"loc":{"start":{"line":95,"column":11},"end":{"line":141,"column":3}},"line":95},"11":{"name":"(anonymous_11)","decl":{"start":{"line":106,"column":22},"end":{"line":106,"column":23}},"loc":{"start":{"line":106,"column":27},"end":{"line":106,"column":63}},"line":106},"12":{"name":"(anonymous_12)","decl":{"start":{"line":107,"column":26},"end":{"line":107,"column":27}},"loc":{"start":{"line":107,"column":34},"end":{"line":107,"column":69}},"line":107},"13":{"name":"(anonymous_13)","decl":{"start":{"line":127,"column":22},"end":{"line":127,"column":23}},"loc":{"start":{"line":128,"column":12},"end":{"line":136,"column":31}},"line":128},"14":{"name":"(anonymous_14)","decl":{"start":{"line":129,"column":23},"end":{"line":129,"column":24}},"loc":{"start":{"line":129,"column":29},"end":{"line":129,"column":51}},"line":129}},"branchMap":{"0":{"loc":{"start":{"line":53,"column":6},"end":{"line":55,"column":7}},"type":"if","locations":[{"start":{"line":53,"column":6},"end":{"line":55,"column":7}},{"start":{"line":53,"column":6},"end":{"line":55,"column":7}}],"line":53},"1":{"loc":{"start":{"line":57,"column":4},"end":{"line":59,"column":5}},"type":"if","locations":[{"start":{"line":57,"column":4},"end":{"line":59,"column":5}},{"start":{"line":57,"column":4},"end":{"line":59,"column":5}}],"line":57},"2":{"loc":{"start":{"line":61,"column":4},"end":{"line":63,"column":5}},"type":"if","locations":[{"start":{"line":61,"column":4},"end":{"line":63,"column":5}},{"start":{"line":61,"column":4},"end":{"line":63,"column":5}}],"line":61},"3":{"loc":{"start":{"line":69,"column":18},"end":{"line":69,"column":177}},"type":"cond-expr","locations":[{"start":{"line":69,"column":55},"end":{"line":69,"column":101}},{"start":{"line":69,"column":104},"end":{"line":69,"column":177}}],"line":69},"4":{"loc":{"start":{"line":70,"column":6},"end":{"line":84,"column":7}},"type":"if","locations":[{"start":{"line":70,"column":6},"end":{"line":84,"column":7}},{"start":{"line":70,"column":6},"end":{"line":84,"column":7}}],"line":70},"5":{"loc":{"start":{"line":114,"column":9},"end":{"line":122,"column":9}},"type":"binary-expr","locations":[{"start":{"line":114,"column":9},"end":{"line":114,"column":27}},{"start":{"line":115,"column":10},"end":{"line":121,"column":17}}],"line":114}},"s":{"0":1,"1":4,"2":4,"3":5,"4":4,"5":6,"6":6,"7":1,"8":1,"9":1,"10":1,"11":2,"12":2,"13":2,"14":1,"15":1,"16":7,"17":7,"18":14,"19":14,"20":7,"21":7,"22":7,"23":7,"24":1,"25":19,"26":0,"27":0,"28":0,"29":0,"30":1},"f":{"0":4,"1":5,"2":4,"3":6,"4":6,"5":1,"6":2,"7":7,"8":14,"9":1,"10":19,"11":0,"12":0,"13":0,"14":0},"b":{"0":[2,0],"1":[1,0],"2":[0,1],"3":[14,0],"4":[7,7],"5":[19,7]},"_coverageSchema":"332fd63041d2c1bcb487cc26dd0d5f7d97098a6c","hash":"86c03e46d8edcc3d146846d880c9e380b1e955f4"}
,"/Users/sooraj/vierosafe/viero-paints-app/src/components/home/masonry.js": {"path":"/Users/sooraj/vierosafe/viero-paints-app/src/components/home/masonry.js","statementMap":{"0":{"start":{"line":7,"column":2},"end":{"line":9,"column":9}},"1":{"start":{"line":19,"column":2},"end":{"line":19,"column":17}},"2":{"start":{"line":20,"column":2},"end":{"line":23,"column":4}},"3":{"start":{"line":27,"column":2},"end":{"line":27,"column":43}},"4":{"start":{"line":31,"column":2},"end":{"line":39,"column":9}},"5":{"start":{"line":43,"column":2},"end":{"line":43,"column":27}},"6":{"start":{"line":47,"column":2},"end":{"line":47,"column":35}},"7":{"start":{"line":51,"column":2},"end":{"line":56,"column":6}},"8":{"start":{"line":52,"column":22},"end":{"line":52,"column":46}},"9":{"start":{"line":53,"column":3},"end":{"line":53,"column":50}},"10":{"start":{"line":54,"column":3},"end":{"line":54,"column":50}},"11":{"start":{"line":55,"column":3},"end":{"line":55,"column":36}},"12":{"start":{"line":75,"column":2},"end":{"line":75,"column":17}},"13":{"start":{"line":76,"column":18},"end":{"line":76,"column":20}},"14":{"start":{"line":77,"column":2},"end":{"line":79,"column":3}},"15":{"start":{"line":78,"column":3},"end":{"line":78,"column":24}},"16":{"start":{"line":80,"column":2},"end":{"line":82,"column":4}},"17":{"start":{"line":83,"column":2},"end":{"line":83,"column":22}},"18":{"start":{"line":87,"column":2},"end":{"line":87,"column":51}},"19":{"start":{"line":87,"column":37},"end":{"line":87,"column":48}},"20":{"start":{"line":91,"column":2},"end":{"line":103,"column":3}},"21":{"start":{"line":92,"column":3},"end":{"line":97,"column":4}},"22":{"start":{"line":93,"column":4},"end":{"line":93,"column":52}},"23":{"start":{"line":95,"column":4},"end":{"line":95,"column":52}},"24":{"start":{"line":96,"column":4},"end":{"line":96,"column":20}},"25":{"start":{"line":99,"column":3},"end":{"line":102,"column":4}},"26":{"start":{"line":100,"column":17},"end":{"line":100,"column":39}},"27":{"start":{"line":101,"column":4},"end":{"line":101,"column":48}},"28":{"start":{"line":101,"column":30},"end":{"line":101,"column":45}},"29":{"start":{"line":108,"column":18},"end":{"line":114,"column":5}},"30":{"start":{"line":109,"column":3},"end":{"line":113,"column":4}},"31":{"start":{"line":117,"column":2},"end":{"line":121,"column":6}},"32":{"start":{"line":118,"column":15},"end":{"line":118,"column":67}},"33":{"start":{"line":118,"column":41},"end":{"line":118,"column":60}},"34":{"start":{"line":119,"column":3},"end":{"line":119,"column":25}},"35":{"start":{"line":120,"column":3},"end":{"line":120,"column":29}},"36":{"start":{"line":124,"column":2},"end":{"line":126,"column":5}},"37":{"start":{"line":125,"column":3},"end":{"line":125,"column":35}},"38":{"start":{"line":134,"column":2},"end":{"line":134,"column":78}},"39":{"start":{"line":134,"column":46},"end":{"line":134,"column":75}},"40":{"start":{"line":138,"column":17},"end":{"line":138,"column":40}},"41":{"start":{"line":139,"column":2},"end":{"line":139,"column":27}},"42":{"start":{"line":140,"column":2},"end":{"line":140,"column":30}},"43":{"start":{"line":144,"column":2},"end":{"line":154,"column":15}},"44":{"start":{"line":148,"column":5},"end":{"line":150,"column":60}},"45":{"start":{"line":148,"column":48},"end":{"line":148,"column":81}}},"fnMap":{"0":{"name":"(anonymous_0)","decl":{"start":{"line":6,"column":1},"end":{"line":6,"column":2}},"loc":{"start":{"line":6,"column":10},"end":{"line":10,"column":2}},"line":6},"1":{"name":"(anonymous_1)","decl":{"start":{"line":18,"column":1},"end":{"line":18,"column":2}},"loc":{"start":{"line":18,"column":22},"end":{"line":24,"column":2}},"line":18},"2":{"name":"(anonymous_2)","decl":{"start":{"line":26,"column":1},"end":{"line":26,"column":2}},"loc":{"start":{"line":26,"column":9},"end":{"line":28,"column":2}},"line":26},"3":{"name":"(anonymous_3)","decl":{"start":{"line":30,"column":1},"end":{"line":30,"column":2}},"loc":{"start":{"line":30,"column":10},"end":{"line":40,"column":2}},"line":30},"4":{"name":"(anonymous_4)","decl":{"start":{"line":42,"column":1},"end":{"line":42,"column":2}},"loc":{"start":{"line":42,"column":13},"end":{"line":44,"column":2}},"line":42},"5":{"name":"(anonymous_5)","decl":{"start":{"line":46,"column":1},"end":{"line":46,"column":2}},"loc":{"start":{"line":46,"column":19},"end":{"line":48,"column":2}},"line":46},"6":{"name":"(anonymous_6)","decl":{"start":{"line":50,"column":1},"end":{"line":50,"column":2}},"loc":{"start":{"line":50,"column":24},"end":{"line":57,"column":2}},"line":50},"7":{"name":"(anonymous_7)","decl":{"start":{"line":51,"column":72},"end":{"line":51,"column":73}},"loc":{"start":{"line":51,"column":85},"end":{"line":56,"column":3}},"line":51},"8":{"name":"(anonymous_8)","decl":{"start":{"line":74,"column":1},"end":{"line":74,"column":2}},"loc":{"start":{"line":74,"column":22},"end":{"line":84,"column":2}},"line":74},"9":{"name":"(anonymous_9)","decl":{"start":{"line":86,"column":1},"end":{"line":86,"column":2}},"loc":{"start":{"line":86,"column":9},"end":{"line":88,"column":2}},"line":86},"10":{"name":"(anonymous_10)","decl":{"start":{"line":87,"column":30},"end":{"line":87,"column":31}},"loc":{"start":{"line":87,"column":37},"end":{"line":87,"column":48}},"line":87},"11":{"name":"(anonymous_11)","decl":{"start":{"line":90,"column":1},"end":{"line":90,"column":2}},"loc":{"start":{"line":90,"column":19},"end":{"line":104,"column":2}},"line":90},"12":{"name":"(anonymous_12)","decl":{"start":{"line":101,"column":24},"end":{"line":101,"column":25}},"loc":{"start":{"line":101,"column":30},"end":{"line":101,"column":45}},"line":101},"13":{"name":"(anonymous_13)","decl":{"start":{"line":106,"column":1},"end":{"line":106,"column":2}},"loc":{"start":{"line":106,"column":29},"end":{"line":127,"column":2}},"line":106},"14":{"name":"(anonymous_14)","decl":{"start":{"line":108,"column":42},"end":{"line":108,"column":43}},"loc":{"start":{"line":108,"column":49},"end":{"line":114,"column":3}},"line":108},"15":{"name":"(anonymous_15)","decl":{"start":{"line":117,"column":17},"end":{"line":117,"column":18}},"loc":{"start":{"line":117,"column":29},"end":{"line":121,"column":3}},"line":117},"16":{"name":"(anonymous_16)","decl":{"start":{"line":118,"column":29},"end":{"line":118,"column":30}},"loc":{"start":{"line":118,"column":41},"end":{"line":118,"column":60}},"line":118},"17":{"name":"(anonymous_17)","decl":{"start":{"line":124,"column":19},"end":{"line":124,"column":20}},"loc":{"start":{"line":124,"column":26},"end":{"line":126,"column":3}},"line":124},"18":{"name":"(anonymous_18)","decl":{"start":{"line":133,"column":1},"end":{"line":133,"column":2}},"loc":{"start":{"line":133,"column":15},"end":{"line":135,"column":2}},"line":133},"19":{"name":"(anonymous_19)","decl":{"start":{"line":134,"column":34},"end":{"line":134,"column":35}},"loc":{"start":{"line":134,"column":46},"end":{"line":134,"column":75}},"line":134},"20":{"name":"(anonymous_20)","decl":{"start":{"line":137,"column":1},"end":{"line":137,"column":2}},"loc":{"start":{"line":137,"column":27},"end":{"line":141,"column":2}},"line":137},"21":{"name":"(anonymous_21)","decl":{"start":{"line":143,"column":1},"end":{"line":143,"column":2}},"loc":{"start":{"line":143,"column":10},"end":{"line":155,"column":2}},"line":143},"22":{"name":"(anonymous_22)","decl":{"start":{"line":147,"column":29},"end":{"line":147,"column":30}},"loc":{"start":{"line":147,"column":47},"end":{"line":151,"column":5}},"line":147},"23":{"name":"(anonymous_23)","decl":{"start":{"line":148,"column":37},"end":{"line":148,"column":38}},"loc":{"start":{"line":148,"column":48},"end":{"line":148,"column":81}},"line":148}},"branchMap":{"0":{"loc":{"start":{"line":55,"column":3},"end":{"line":55,"column":35}},"type":"binary-expr","locations":[{"start":{"line":55,"column":3},"end":{"line":55,"column":16}},{"start":{"line":55,"column":20},"end":{"line":55,"column":35}}],"line":55},"1":{"loc":{"start":{"line":91,"column":2},"end":{"line":103,"column":3}},"type":"if","locations":[{"start":{"line":91,"column":2},"end":{"line":103,"column":3}},{"start":{"line":91,"column":2},"end":{"line":103,"column":3}}],"line":91},"2":{"loc":{"start":{"line":92,"column":3},"end":{"line":97,"column":4}},"type":"if","locations":[{"start":{"line":92,"column":3},"end":{"line":97,"column":4}},{"start":{"line":92,"column":3},"end":{"line":97,"column":4}}],"line":92},"3":{"loc":{"start":{"line":99,"column":3},"end":{"line":102,"column":4}},"type":"if","locations":[{"start":{"line":99,"column":3},"end":{"line":102,"column":4}},{"start":{"line":99,"column":3},"end":{"line":102,"column":4}}],"line":99}},"s":{"0":0,"1":0,"2":0,"3":0,"4":0,"5":0,"6":0,"7":0,"8":0,"9":0,"10":0,"11":0,"12":4,"13":4,"14":4,"15":8,"16":4,"17":4,"18":0,"19":0,"20":0,"21":0,"22":0,"23":0,"24":0,"25":0,"26":0,"27":0,"28":0,"29":0,"30":0,"31":0,"32":0,"33":0,"34":0,"35":0,"36":0,"37":0,"38":0,"39":0,"40":0,"41":0,"42":0,"43":19,"44":38,"45":0},"f":{"0":0,"1":0,"2":0,"3":0,"4":0,"5":0,"6":0,"7":0,"8":4,"9":0,"10":0,"11":0,"12":0,"13":0,"14":0,"15":0,"16":0,"17":0,"18":0,"19":0,"20":0,"21":19,"22":38,"23":0},"b":{"0":[0,0],"1":[0,0],"2":[0,0],"3":[0,0]},"_coverageSchema":"332fd63041d2c1bcb487cc26dd0d5f7d97098a6c","hash":"1c7a18a4f61fe2c4a8e40141fffa71610dbb17a9"}
,"/Users/sooraj/vierosafe/viero-paints-app/src/components/home/styles.js": {"path":"/Users/sooraj/vierosafe/viero-paints-app/src/components/home/styles.js","statementMap":{"0":{"start":{"line":6,"column":26},"end":{"line":6,"column":50}},"1":{"start":{"line":8,"column":15},"end":{"line":103,"column":2}}},"fnMap":{},"branchMap":{},"s":{"0":1,"1":1},"f":{},"b":{},"_coverageSchema":"332fd63041d2c1bcb487cc26dd0d5f7d97098a6c","hash":"161b9c5dacac148ca816d4061fc937825af8ebd7"}
,"/Users/sooraj/vierosafe/viero-paints-app/src/components/informazioni/informazioni.js": {"path":"/Users/sooraj/vierosafe/viero-paints-app/src/components/informazioni/informazioni.js","statementMap":{"0":{"start":{"line":24,"column":18},"end":{"line":24,"column":50}},"1":{"start":{"line":26,"column":19},"end":{"line":26,"column":43}},"2":{"start":{"line":31,"column":4},"end":{"line":31,"column":12}},"3":{"start":{"line":32,"column":4},"end":{"line":35,"column":6}},"4":{"start":{"line":39,"column":4},"end":{"line":39,"column":58}},"5":{"start":{"line":39,"column":29},"end":{"line":39,"column":56}},"6":{"start":{"line":43,"column":4},"end":{"line":45,"column":6}},"7":{"start":{"line":44,"column":14},"end":{"line":44,"column":39}},"8":{"start":{"line":49,"column":4},"end":{"line":49,"column":55}},"9":{"start":{"line":53,"column":4},"end":{"line":91,"column":6}},"10":{"start":{"line":95,"column":0},"end":{"line":101,"column":2}}},"fnMap":{"0":{"name":"(anonymous_0)","decl":{"start":{"line":30,"column":2},"end":{"line":30,"column":3}},"loc":{"start":{"line":30,"column":16},"end":{"line":36,"column":3}},"line":30},"1":{"name":"(anonymous_1)","decl":{"start":{"line":38,"column":2},"end":{"line":38,"column":3}},"loc":{"start":{"line":38,"column":22},"end":{"line":40,"column":3}},"line":38},"2":{"name":"(anonymous_2)","decl":{"start":{"line":39,"column":20},"end":{"line":39,"column":21}},"loc":{"start":{"line":39,"column":29},"end":{"line":39,"column":56}},"line":39},"3":{"name":"(anonymous_3)","decl":{"start":{"line":42,"column":2},"end":{"line":42,"column":3}},"loc":{"start":{"line":42,"column":25},"end":{"line":46,"column":3}},"line":42},"4":{"name":"(anonymous_4)","decl":{"start":{"line":44,"column":6},"end":{"line":44,"column":7}},"loc":{"start":{"line":44,"column":14},"end":{"line":44,"column":39}},"line":44},"5":{"name":"(anonymous_5)","decl":{"start":{"line":48,"column":2},"end":{"line":48,"column":3}},"loc":{"start":{"line":48,"column":23},"end":{"line":50,"column":3}},"line":48},"6":{"name":"(anonymous_6)","decl":{"start":{"line":52,"column":2},"end":{"line":52,"column":3}},"loc":{"start":{"line":52,"column":11},"end":{"line":92,"column":3}},"line":52}},"branchMap":{},"s":{"0":1,"1":1,"2":3,"3":3,"4":3,"5":3,"6":4,"7":4,"8":6,"9":9,"10":1},"f":{"0":3,"1":3,"2":3,"3":4,"4":4,"5":6,"6":9},"b":{},"_coverageSchema":"332fd63041d2c1bcb487cc26dd0d5f7d97098a6c","hash":"b0c7e8def4faf7985db35b0ff7a2fcc08b9fca2c"}
,"/Users/sooraj/vierosafe/viero-paints-app/src/components/informazioni/styles.js": {"path":"/Users/sooraj/vierosafe/viero-paints-app/src/components/informazioni/styles.js","statementMap":{"0":{"start":{"line":7,"column":26},"end":{"line":7,"column":50}},"1":{"start":{"line":9,"column":15},"end":{"line":63,"column":2}}},"fnMap":{},"branchMap":{"0":{"loc":{"start":{"line":42,"column":16},"end":{"line":42,"column":55}},"type":"cond-expr","locations":[{"start":{"line":42,"column":40},"end":{"line":42,"column":46}},{"start":{"line":42,"column":49},"end":{"line":42,"column":55}}],"line":42}},"s":{"0":1,"1":1},"f":{},"b":{"0":[0,1]},"_coverageSchema":"332fd63041d2c1bcb487cc26dd0d5f7d97098a6c","hash":"4760242305810196c3a00093a19c6919e5d561f6"}
,"/Users/sooraj/vierosafe/viero-paints-app/src/components/lavoridetails/demolavori.js": {"path":"/Users/sooraj/vierosafe/viero-paints-app/src/components/lavoridetails/demolavori.js","statementMap":{"0":{"start":{"line":1,"column":16},"end":{"line":1,"column":51}},"1":{"start":{"line":2,"column":16},"end":{"line":2,"column":51}},"2":{"start":{"line":3,"column":16},"end":{"line":3,"column":51}},"3":{"start":{"line":4,"column":16},"end":{"line":4,"column":51}},"4":{"start":{"line":6,"column":21},"end":{"line":35,"column":1}}},"fnMap":{},"branchMap":{},"s":{"0":1,"1":1,"2":1,"3":1,"4":1},"f":{},"b":{},"_coverageSchema":"332fd63041d2c1bcb487cc26dd0d5f7d97098a6c","hash":"244d7e4c7b329565a0a015c0b0fa1d6085bbca95"}
,"/Users/sooraj/vierosafe/viero-paints-app/src/components/lavoridetails/lavoridetails.js": {"path":"/Users/sooraj/vierosafe/viero-paints-app/src/components/lavoridetails/lavoridetails.js","statementMap":{"0":{"start":{"line":27,"column":19},"end":{"line":27,"column":53}},"1":{"start":{"line":28,"column":19},"end":{"line":28,"column":53}},"2":{"start":{"line":29,"column":17},"end":{"line":29,"column":48}},"3":{"start":{"line":31,"column":15},"end":{"line":31,"column":163}},"4":{"start":{"line":37,"column":4},"end":{"line":37,"column":12}},"5":{"start":{"line":38,"column":4},"end":{"line":41,"column":6}},"6":{"start":{"line":45,"column":22},"end":{"line":45,"column":43}},"7":{"start":{"line":46,"column":17},"end":{"line":46,"column":34}},"8":{"start":{"line":47,"column":4},"end":{"line":72,"column":5}},"9":{"start":{"line":77,"column":22},"end":{"line":77,"column":43}},"10":{"start":{"line":78,"column":17},"end":{"line":78,"column":34}},"11":{"start":{"line":79,"column":4},"end":{"line":169,"column":6}},"12":{"start":{"line":95,"column":34},"end":{"line":95,"column":85}},"13":{"start":{"line":157,"column":39},"end":{"line":157,"column":67}},"14":{"start":{"line":173,"column":0},"end":{"line":178,"column":2}}},"fnMap":{"0":{"name":"(anonymous_0)","decl":{"start":{"line":36,"column":2},"end":{"line":36,"column":3}},"loc":{"start":{"line":36,"column":16},"end":{"line":42,"column":3}},"line":36},"1":{"name":"(anonymous_1)","decl":{"start":{"line":44,"column":2},"end":{"line":44,"column":3}},"loc":{"start":{"line":44,"column":26},"end":{"line":73,"column":3}},"line":44},"2":{"name":"(anonymous_2)","decl":{"start":{"line":76,"column":2},"end":{"line":76,"column":3}},"loc":{"start":{"line":76,"column":11},"end":{"line":170,"column":3}},"line":76},"3":{"name":"(anonymous_3)","decl":{"start":{"line":95,"column":26},"end":{"line":95,"column":27}},"loc":{"start":{"line":95,"column":34},"end":{"line":95,"column":85}},"line":95},"4":{"name":"(anonymous_4)","decl":{"start":{"line":157,"column":31},"end":{"line":157,"column":32}},"loc":{"start":{"line":157,"column":39},"end":{"line":157,"column":67}},"line":157}},"branchMap":{},"s":{"0":1,"1":1,"2":1,"3":1,"4":1,"5":1,"6":4,"7":4,"8":4,"9":1,"10":1,"11":1,"12":4,"13":4,"14":1},"f":{"0":1,"1":4,"2":1,"3":4,"4":4},"b":{},"_coverageSchema":"332fd63041d2c1bcb487cc26dd0d5f7d97098a6c","hash":"cfda3957ec3bb1013caa0619cd17088d191d56a9"}
,"/Users/sooraj/vierosafe/viero-paints-app/src/components/lavoridetails/styles.js": {"path":"/Users/sooraj/vierosafe/viero-paints-app/src/components/lavoridetails/styles.js","statementMap":{"0":{"start":{"line":6,"column":26},"end":{"line":6,"column":50}},"1":{"start":{"line":8,"column":15},"end":{"line":195,"column":2}}},"fnMap":{},"branchMap":{},"s":{"0":1,"1":1},"f":{},"b":{},"_coverageSchema":"332fd63041d2c1bcb487cc26dd0d5f7d97098a6c","hash":"6821c2cdd701a6e39dfc0725decde764ed6cd89c"}
,"/Users/sooraj/vierosafe/viero-paints-app/src/components/lavorifilter/lavorifilter.js": {"path":"/Users/sooraj/vierosafe/viero-paints-app/src/components/lavorifilter/lavorifilter.js","statementMap":{"0":{"start":{"line":18,"column":19},"end":{"line":18,"column":43}},"1":{"start":{"line":23,"column":4},"end":{"line":23,"column":12}},"2":{"start":{"line":24,"column":4},"end":{"line":27,"column":6}},"3":{"start":{"line":31,"column":4},"end":{"line":31,"column":69}},"4":{"start":{"line":35,"column":4},"end":{"line":35,"column":36}},"5":{"start":{"line":36,"column":4},"end":{"line":40,"column":5}},"6":{"start":{"line":37,"column":6},"end":{"line":37,"column":71}},"7":{"start":{"line":39,"column":6},"end":{"line":39,"column":70}},"8":{"start":{"line":44,"column":4},"end":{"line":102,"column":5}},"9":{"start":{"line":45,"column":25},"end":{"line":45,"column":53}},"10":{"start":{"line":46,"column":6},"end":{"line":95,"column":7}},"11":{"start":{"line":50,"column":29},"end":{"line":50,"column":45}},"12":{"start":{"line":58,"column":29},"end":{"line":58,"column":45}},"13":{"start":{"line":69,"column":15},"end":{"line":90,"column":34}},"14":{"start":{"line":70,"column":32},"end":{"line":70,"column":60}},"15":{"start":{"line":97,"column":6},"end":{"line":101,"column":8}},"16":{"start":{"line":106,"column":4},"end":{"line":108,"column":6}},"17":{"start":{"line":112,"column":0},"end":{"line":116,"column":2}},"18":{"start":{"line":118,"column":0},"end":{"line":122,"column":2}}},"fnMap":{"0":{"name":"(anonymous_0)","decl":{"start":{"line":22,"column":2},"end":{"line":22,"column":3}},"loc":{"start":{"line":22,"column":16},"end":{"line":28,"column":3}},"line":22},"1":{"name":"(anonymous_1)","decl":{"start":{"line":30,"column":2},"end":{"line":30,"column":3}},"loc":{"start":{"line":30,"column":23},"end":{"line":32,"column":3}},"line":30},"2":{"name":"(anonymous_2)","decl":{"start":{"line":34,"column":2},"end":{"line":34,"column":3}},"loc":{"start":{"line":34,"column":18},"end":{"line":41,"column":3}},"line":34},"3":{"name":"(anonymous_3)","decl":{"start":{"line":43,"column":2},"end":{"line":43,"column":3}},"loc":{"start":{"line":43,"column":18},"end":{"line":103,"column":3}},"line":43},"4":{"name":"(anonymous_4)","decl":{"start":{"line":50,"column":23},"end":{"line":50,"column":24}},"loc":{"start":{"line":50,"column":29},"end":{"line":50,"column":45}},"line":50},"5":{"name":"(anonymous_5)","decl":{"start":{"line":58,"column":23},"end":{"line":58,"column":24}},"loc":{"start":{"line":58,"column":29},"end":{"line":58,"column":45}},"line":58},"6":{"name":"(anonymous_6)","decl":{"start":{"line":68,"column":39},"end":{"line":68,"column":40}},"loc":{"start":{"line":69,"column":15},"end":{"line":90,"column":34}},"line":69},"7":{"name":"(anonymous_7)","decl":{"start":{"line":70,"column":26},"end":{"line":70,"column":27}},"loc":{"start":{"line":70,"column":32},"end":{"line":70,"column":60}},"line":70},"8":{"name":"(anonymous_8)","decl":{"start":{"line":105,"column":2},"end":{"line":105,"column":3}},"loc":{"start":{"line":105,"column":11},"end":{"line":109,"column":3}},"line":105}},"branchMap":{"0":{"loc":{"start":{"line":36,"column":4},"end":{"line":40,"column":5}},"type":"if","locations":[{"start":{"line":36,"column":4},"end":{"line":40,"column":5}},{"start":{"line":36,"column":4},"end":{"line":40,"column":5}}],"line":36},"1":{"loc":{"start":{"line":44,"column":4},"end":{"line":102,"column":5}},"type":"if","locations":[{"start":{"line":44,"column":4},"end":{"line":102,"column":5}},{"start":{"line":44,"column":4},"end":{"line":102,"column":5}}],"line":44},"2":{"loc":{"start":{"line":51,"column":56},"end":{"line":51,"column":102}},"type":"cond-expr","locations":[{"start":{"line":51,"column":81},"end":{"line":51,"column":90}},{"start":{"line":51,"column":93},"end":{"line":51,"column":102}}],"line":51},"3":{"loc":{"start":{"line":53,"column":62},"end":{"line":53,"column":127}},"type":"cond-expr","locations":[{"start":{"line":53,"column":87},"end":{"line":53,"column":104}},{"start":{"line":53,"column":107},"end":{"line":53,"column":127}}],"line":53},"4":{"loc":{"start":{"line":59,"column":56},"end":{"line":59,"column":102}},"type":"cond-expr","locations":[{"start":{"line":59,"column":81},"end":{"line":59,"column":90}},{"start":{"line":59,"column":93},"end":{"line":59,"column":102}}],"line":59},"5":{"loc":{"start":{"line":61,"column":62},"end":{"line":61,"column":127}},"type":"cond-expr","locations":[{"start":{"line":61,"column":87},"end":{"line":61,"column":104}},{"start":{"line":61,"column":107},"end":{"line":61,"column":127}}],"line":61},"6":{"loc":{"start":{"line":72,"column":19},"end":{"line":76,"column":36}},"type":"cond-expr","locations":[{"start":{"line":74,"column":19},"end":{"line":74,"column":64}},{"start":{"line":76,"column":19},"end":{"line":76,"column":36}}],"line":72},"7":{"loc":{"start":{"line":81,"column":22},"end":{"line":85,"column":44}},"type":"cond-expr","locations":[{"start":{"line":83,"column":22},"end":{"line":83,"column":50}},{"start":{"line":85,"column":22},"end":{"line":85,"column":44}}],"line":81}},"s":{"0":2,"1":3,"2":3,"3":3,"4":2,"5":2,"6":1,"7":1,"8":9,"9":7,"10":7,"11":0,"12":0,"13":35,"14":0,"15":2,"16":8,"17":2,"18":2},"f":{"0":3,"1":3,"2":2,"3":9,"4":0,"5":0,"6":35,"7":0,"8":8},"b":{"0":[1,1],"1":[7,2],"2":[5,2],"3":[5,2],"4":[2,5],"5":[2,5],"6":[7,28],"7":[0,35]},"_coverageSchema":"332fd63041d2c1bcb487cc26dd0d5f7d97098a6c","hash":"0f2b6ef160d0680a03e8863cb83d0f5ec827390c"}
,"/Users/sooraj/vierosafe/viero-paints-app/src/components/lavorifilter/styles.js": {"path":"/Users/sooraj/vierosafe/viero-paints-app/src/components/lavorifilter/styles.js","statementMap":{"0":{"start":{"line":6,"column":26},"end":{"line":6,"column":50}},"1":{"start":{"line":8,"column":15},"end":{"line":55,"column":2}}},"fnMap":{},"branchMap":{},"s":{"0":2,"1":2},"f":{},"b":{},"_coverageSchema":"332fd63041d2c1bcb487cc26dd0d5f7d97098a6c","hash":"8909b68ff795413f910645a5e90a994167108a21"}
,"/Users/sooraj/vierosafe/viero-paints-app/src/components/login/formconfig.js": {"path":"/Users/sooraj/vierosafe/viero-paints-app/src/components/login/formconfig.js","statementMap":{"0":{"start":{"line":1,"column":19},"end":{"line":23,"column":1}}},"fnMap":{},"branchMap":{},"s":{"0":1},"f":{},"b":{},"_coverageSchema":"332fd63041d2c1bcb487cc26dd0d5f7d97098a6c","hash":"c94f7d106d8e954a62f5a2a1cfba36653b0c371a"}
[...]
,"/Users/sooraj/vierosafe/viero-paints-app/src/components/wishlist/styles.js": {"path":"/Users/sooraj/vierosafe/viero-paints-app/src/components/wishlist/styles.js","statementMap":{"0":{"start":{"line":6,"column":26},"end":{"line":6,"column":50}},"1":{"start":{"line":8,"column":15},"end":{"line":65,"column":2}}},"fnMap":{},"branchMap":{},"s":{"0":1,"1":1},"f":{},"b":{},"_coverageSchema":"332fd63041d2c1bcb487cc26dd0d5f7d97098a6c","hash":"390d72337577a4c134e5a9fe38847dfd0e293f19"}
,"/Users/sooraj/vierosafe/viero-paints-app/src/components/wishlist/wishlist.js": {"path":"/Users/sooraj/vierosafe/viero-paints-app/src/components/wishlist/wishlist.js","statementMap":{"0":{"start":{"line":23,"column":19},"end":{"line":23,"column":54}},"1":{"start":{"line":29,"column":4},"end":{"line":29,"column":12}},"2":{"start":{"line":30,"column":4},"end":{"line":33,"column":6}},"3":{"start":{"line":37,"column":4},"end":{"line":39,"column":6}},"4":{"start":{"line":38,"column":18},"end":{"line":38,"column":49}},"5":{"start":{"line":43,"column":21},"end":{"line":43,"column":37}},"6":{"start":{"line":44,"column":23},"end":{"line":44,"column":34}},"7":{"start":{"line":45,"column":4},"end":{"line":45,"column":67}},"8":{"start":{"line":45,"column":29},"end":{"line":45,"column":65}},"9":{"start":{"line":49,"column":21},"end":{"line":49,"column":35}},"10":{"start":{"line":50,"column":4},"end":{"line":50,"column":46}},"11":{"start":{"line":51,"column":17},"end":{"line":51,"column":25}},"12":{"start":{"line":52,"column":4},"end":{"line":54,"column":6}},"13":{"start":{"line":53,"column":14},"end":{"line":53,"column":40}},"14":{"start":{"line":58,"column":4},"end":{"line":58,"column":59}},"15":{"start":{"line":62,"column":4},"end":{"line":62,"column":69}},"16":{"start":{"line":66,"column":4},"end":{"line":83,"column":6}},"17":{"start":{"line":69,"column":23},"end":{"line":69,"column":52}},"18":{"start":{"line":87,"column":4},"end":{"line":122,"column":6}},"19":{"start":{"line":108,"column":43},"end":{"line":108,"column":71}}},"fnMap":{"0":{"name":"(anonymous_0)","decl":{"start":{"line":28,"column":2},"end":{"line":28,"column":3}},"loc":{"start":{"line":28,"column":16},"end":{"line":34,"column":3}},"line":28},"1":{"name":"(anonymous_1)","decl":{"start":{"line":36,"column":2},"end":{"line":36,"column":3}},"loc":{"start":{"line":36,"column":22},"end":{"line":40,"column":3}},"line":36},"2":{"name":"(anonymous_2)","decl":{"start":{"line":38,"column":6},"end":{"line":38,"column":7}},"loc":{"start":{"line":38,"column":18},"end":{"line":38,"column":49}},"line":38},"3":{"name":"(anonymous_3)","decl":{"start":{"line":42,"column":2},"end":{"line":42,"column":3}},"loc":{"start":{"line":42,"column":25},"end":{"line":46,"column":3}},"line":42},"4":{"name":"(anonymous_4)","decl":{"start":{"line":45,"column":20},"end":{"line":45,"column":21}},"loc":{"start":{"line":45,"column":29},"end":{"line":45,"column":65}},"line":45},"5":{"name":"(anonymous_5)","decl":{"start":{"line":48,"column":2},"end":{"line":48,"column":3}},"loc":{"start":{"line":48,"column":34},"end":{"line":55,"column":3}},"line":48},"6":{"name":"(anonymous_6)","decl":{"start":{"line":53,"column":6},"end":{"line":53,"column":7}},"loc":{"start":{"line":53,"column":14},"end":{"line":53,"column":40}},"line":53},"7":{"name":"(anonymous_7)","decl":{"start":{"line":57,"column":2},"end":{"line":57,"column":3}},"loc":{"start":{"line":57,"column":24},"end":{"line":59,"column":3}},"line":57},"8":{"name":"(anonymous_8)","decl":{"start":{"line":61,"column":2},"end":{"line":61,"column":3}},"loc":{"start":{"line":61,"column":27},"end":{"line":63,"column":3}},"line":61},"9":{"name":"(anonymous_9)","decl":{"start":{"line":65,"column":2},"end":{"line":65,"column":3}},"loc":{"start":{"line":65,"column":26},"end":{"line":84,"column":3}},"line":65},"10":{"name":"(anonymous_10)","decl":{"start":{"line":69,"column":17},"end":{"line":69,"column":18}},"loc":{"start":{"line":69,"column":23},"end":{"line":69,"column":52}},"line":69},"11":{"name":"(anonymous_11)","decl":{"start":{"line":86,"column":2},"end":{"line":86,"column":3}},"loc":{"start":{"line":86,"column":11},"end":{"line":123,"column":3}},"line":86},"12":{"name":"(anonymous_12)","decl":{"start":{"line":108,"column":29},"end":{"line":108,"column":30}},"loc":{"start":{"line":108,"column":43},"end":{"line":108,"column":71}},"line":108}},"branchMap":{"0":{"loc":{"start":{"line":72,"column":11},"end":{"line":76,"column":69}},"type":"cond-expr","locations":[{"start":{"line":74,"column":12},"end":{"line":74,"column":98}},{"start":{"line":76,"column":12},"end":{"line":76,"column":69}}],"line":72},"1":{"loc":{"start":{"line":92,"column":12},"end":{"line":96,"column":19}},"type":"binary-expr","locations":[{"start":{"line":92,"column":12},"end":{"line":92,"column":33}},{"start":{"line":94,"column":12},"end":{"line":96,"column":19}}],"line":92},"2":{"loc":{"start":{"line":100,"column":10},"end":{"line":119,"column":22}},"type":"cond-expr","locations":[{"start":{"line":102,"column":12},"end":{"line":115,"column":22}},{"start":{"line":117,"column":15},"end":{"line":119,"column":22}}],"line":100},"3":{"loc":{"start":{"line":102,"column":12},"end":{"line":115,"column":22}},"type":"cond-expr","locations":[{"start":{"line":104,"column":15},"end":{"line":109,"column":17}},{"start":{"line":111,"column":15},"end":{"line":115,"column":22}}],"line":102}},"s":{"0":1,"1":3,"2":3,"3":6,"4":6,"5":6,"6":6,"7":0,"8":0,"9":3,"10":3,"11":3,"12":3,"13":3,"14":5,"15":1,"16":1,"17":0,"18":8,"19":0},"f":{"0":3,"1":6,"2":6,"3":6,"4":0,"5":3,"6":3,"7":5,"8":1,"9":1,"10":0,"11":8,"12":0},"b":{"0":[1,0],"1":[8,5],"2":[5,3],"3":[4,1]},"_coverageSchema":"332fd63041d2c1bcb487cc26dd0d5f7d97098a6c","hash":"34b87066c81e207e05c505fc70595a2cfa2c717f"}
,"/Users/sooraj/vierosafe/viero-paints-app/src/controller/apiconfig.js": {"path":"/Users/sooraj/vierosafe/viero-paints-app/src/controller/apiconfig.js","statementMap":{"0":{"start":{"line":1,"column":24},"end":{"line":1,"column":53}},"1":{"start":{"line":2,"column":21},"end":{"line":2,"column":33}},"2":{"start":{"line":3,"column":25},"end":{"line":3,"column":87}},"3":{"start":{"line":4,"column":27},"end":{"line":4,"column":75}},"4":{"start":{"line":5,"column":25},"end":{"line":5,"column":84}},"5":{"start":{"line":6,"column":25},"end":{"line":6,"column":63}},"6":{"start":{"line":7,"column":28},"end":{"line":7,"column":255}},"7":{"start":{"line":8,"column":29},"end":{"line":8,"column":97}},"8":{"start":{"line":9,"column":34},"end":{"line":9,"column":259}},"9":{"start":{"line":10,"column":34},"end":{"line":10,"column":225}},"10":{"start":{"line":11,"column":41},"end":{"line":11,"column":226}},"11":{"start":{"line":12,"column":32},"end":{"line":12,"column":78}},"12":{"start":{"line":13,"column":30},"end":{"line":13,"column":187}},"13":{"start":{"line":14,"column":30},"end":{"line":14,"column":183}},"14":{"start":{"line":15,"column":24},"end":{"line":15,"column":70}},"15":{"start":{"line":16,"column":34},"end":{"line":16,"column":80}}},"fnMap":{},"branchMap":{},"s":{"0":13,"1":13,"2":13,"3":13,"4":13,"5":13,"6":13,"7":13,"8":13,"9":13,"10":13,"11":13,"12":13,"13":13,"14":13,"15":13},"f":{},"b":{},"_coverageSchema":"332fd63041d2c1bcb487cc26dd0d5f7d97098a6c","hash":"693bf4b970c1d872750928737de70568a316edb5"}
,"/Users/sooraj/vierosafe/viero-paints-app/src/controller/apicontroller.js": {"path":"/Users/sooraj/vierosafe/viero-paints-app/src/controller/apicontroller.js","statementMap":{"0":{"start":{"line":6,"column":17},"end":{"line":6,"column":23}},"1":{"start":{"line":7,"column":24},"end":{"line":7,"column":29}},"2":{"start":{"line":8,"column":14},"end":{"line":8,"column":16}},"3":{"start":{"line":12,"column":2},"end":{"line":12,"column":17}},"4":{"start":{"line":16,"column":2},"end":{"line":16,"column":17}},"5":{"start":{"line":20,"column":2},"end":{"line":20,"column":20}},"6":{"start":{"line":24,"column":2},"end":{"line":24,"column":20}},"7":{"start":{"line":28,"column":2},"end":{"line":28,"column":29}},"8":{"start":{"line":32,"column":2},"end":{"line":32,"column":27}},"9":{"start":{"line":36,"column":21},"end":{"line":41,"column":3}},"10":{"start":{"line":42,"column":23},"end":{"line":46,"column":3}},"11":{"start":{"line":47,"column":2},"end":{"line":77,"column":3}},"12":{"start":{"line":48,"column":4},"end":{"line":60,"column":5}},"13":{"start":{"line":52,"column":6},"end":{"line":52,"column":29}},"14":{"start":{"line":55,"column":4},"end":{"line":57,"column":5}},"15":{"start":{"line":56,"column":6},"end":{"line":56,"column":26}},"16":{"start":{"line":59,"column":4},"end":{"line":59,"column":15}},"17":{"start":{"line":62,"column":4},"end":{"line":76,"column":5}},"18":{"start":{"line":67,"column":6},"end":{"line":67,"column":70}},"19":{"start":{"line":68,"column":6},"end":{"line":68,"column":29}},"20":{"start":{"line":71,"column":4},"end":{"line":73,"column":5}},"21":{"start":{"line":72,"column":6},"end":{"line":72,"column":26}},"22":{"start":{"line":75,"column":4},"end":{"line":75,"column":15}},"23":{"start":{"line":81,"column":15},"end":{"line":84,"column":4}},"24":{"start":{"line":85,"column":2},"end":{"line":85,"column":73}},"25":{"start":{"line":89,"column":2},"end":{"line":93,"column":5}},"26":{"start":{"line":90,"column":4},"end":{"line":92,"column":5}},"27":{"start":{"line":91,"column":6},"end":{"line":91,"column":20}}},"fnMap":{"0":{"name":"setFilters","decl":{"start":{"line":11,"column":16},"end":{"line":11,"column":26}},"loc":{"start":{"line":11,"column":33},"end":{"line":13,"column":1}},"line":11},"1":{"name":"getFilters","decl":{"start":{"line":15,"column":16},"end":{"line":15,"column":26}},"loc":{"start":{"line":15,"column":29},"end":{"line":17,"column":1}},"line":15},"2":{"name":"screenNameSetter","decl":{"start":{"line":19,"column":16},"end":{"line":19,"column":32}},"loc":{"start":{"line":19,"column":39},"end":{"line":21,"column":1}},"line":19},"3":{"name":"screenNameChecker","decl":{"start":{"line":23,"column":16},"end":{"line":23,"column":33}},"loc":{"start":{"line":23,"column":36},"end":{"line":25,"column":1}},"line":23},"4":{"name":"transactionSetter","decl":{"start":{"line":27,"column":16},"end":{"line":27,"column":33}},"loc":{"start":{"line":27,"column":42},"end":{"line":29,"column":1}},"line":27},"5":{"name":"transactionChecker","decl":{"start":{"line":31,"column":16},"end":{"line":31,"column":34}},"loc":{"start":{"line":31,"column":37},"end":{"line":33,"column":1}},"line":31},"6":{"name":"apiCallHandler","decl":{"start":{"line":35,"column":16},"end":{"line":35,"column":30}},"loc":{"start":{"line":35,"column":70},"end":{"line":78,"column":1}},"line":35},"7":{"name":"(anonymous_7)","decl":{"start":{"line":51,"column":12},"end":{"line":51,"column":13}},"loc":{"start":{"line":51,"column":31},"end":{"line":53,"column":5}},"line":51},"8":{"name":"(anonymous_8)","decl":{"start":{"line":54,"column":8},"end":{"line":54,"column":9}},"loc":{"start":{"line":54,"column":26},"end":{"line":58,"column":3}},"line":54},"9":{"name":"(anonymous_9)","decl":{"start":{"line":58,"column":11},"end":{"line":58,"column":12}},"loc":{"start":{"line":58,"column":18},"end":{"line":60,"column":3}},"line":58},"10":{"name":"(anonymous_10)","decl":{"start":{"line":66,"column":12},"end":{"line":66,"column":13}},"loc":{"start":{"line":66,"column":31},"end":{"line":69,"column":5}},"line":66},"11":{"name":"(anonymous_11)","decl":{"start":{"line":70,"column":8},"end":{"line":70,"column":9}},"loc":{"start":{"line":70,"column":26},"end":{"line":74,"column":3}},"line":70},"12":{"name":"(anonymous_12)","decl":{"start":{"line":74,"column":11},"end":{"line":74,"column":12}},"loc":{"start":{"line":74,"column":18},"end":{"line":76,"column":3}},"line":74},"13":{"name":"getToken","decl":{"start":{"line":80,"column":16},"end":{"line":80,"column":24}},"loc":{"start":{"line":80,"column":27},"end":{"line":86,"column":1}},"line":80},"14":{"name":"getLocalData","decl":{"start":{"line":88,"column":16},"end":{"line":88,"column":28}},"loc":{"start":{"line":88,"column":34},"end":{"line":94,"column":1}},"line":88},"15":{"name":"(anonymous_15)","decl":{"start":{"line":89,"column":35},"end":{"line":89,"column":36}},"loc":{"start":{"line":89,"column":52},"end":{"line":93,"column":3}},"line":89}},"branchMap":{"0":{"loc":{"start":{"line":47,"column":2},"end":{"line":77,"column":3}},"type":"if","locations":[{"start":{"line":47,"column":2},"end":{"line":77,"column":3}},{"start":{"line":47,"column":2},"end":{"line":77,"column":3}}],"line":47},"1":{"loc":{"start":{"line":50,"column":15},"end":{"line":50,"column":48}},"type":"cond-expr","locations":[{"start":{"line":50,"column":23},"end":{"line":50,"column":33}},{"start":{"line":50,"column":36},"end":{"line":50,"column":48}}],"line":50},"2":{"loc":{"start":{"line":55,"column":4},"end":{"line":57,"column":5}},"type":"if","locations":[{"start":{"line":55,"column":4},"end":{"line":57,"column":5}},{"start":{"line":55,"column":4},"end":{"line":57,"column":5}}],"line":55},"3":{"loc":{"start":{"line":64,"column":15},"end":{"line":64,"column":48}},"type":"cond-expr","locations":[{"start":{"line":64,"column":23},"end":{"line":64,"column":33}},{"start":{"line":64,"column":36},"end":{"line":64,"column":48}}],"line":64},"4":{"loc":{"start":{"line":71,"column":4},"end":{"line":73,"column":5}},"type":"if","locations":[{"start":{"line":71,"column":4},"end":{"line":73,"column":5}},{"start":{"line":71,"column":4},"end":{"line":73,"column":5}}],"line":71},"5":{"loc":{"start":{"line":90,"column":4},"end":{"line":92,"column":5}},"type":"if","locations":[{"start":{"line":90,"column":4},"end":{"line":92,"column":5}},{"start":{"line":90,"column":4},"end":{"line":92,"column":5}}],"line":90}},"s":{"0":12,"1":12,"2":12,"3":1,"4":1,"5":1,"6":1,"7":1,"8":1,"9":96,"10":96,"11":96,"12":46,"13":35,"14":33,"15":32,"16":2,"17":50,"18":38,"19":38,"20":37,"21":36,"22":1,"23":38,"24":38,"25":18,"26":18,"27":5},"f":{"0":1,"1":1,"2":1,"3":1,"4":1,"5":1,"6":96,"7":35,"8":33,"9":2,"10":38,"11":37,"12":1,"13":38,"14":18,"15":18},"b":{"0":[46,50],"1":[32,14],"2":[32,1],"3":[5,45],"4":[36,1],"5":[5,13]},"_coverageSchema":"332fd63041d2c1bcb487cc26dd0d5f7d97098a6c","hash":"a5cebc5c3665b426e287c40de642ee685afbba96"}
,"/Users/sooraj/vierosafe/viero-paints-app/src/lib/textinput/styles.js": {"path":"/Users/sooraj/vierosafe/viero-paints-app/src/lib/textinput/styles.js","statementMap":{"0":{"start":{"line":5,"column":15},"end":{"line":32,"column":2}}},"fnMap":{},"branchMap":{},"s":{"0":4},"f":{},"b":{},"_coverageSchema":"332fd63041d2c1bcb487cc26dd0d5f7d97098a6c","hash":"c8b0817a797d61a72b2f0b40faa12c891de3bc29"}
,"/Users/sooraj/vierosafe/viero-paints-app/src/lib/textinput/textinput.js": {"path":"/Users/sooraj/vierosafe/viero-paints-app/src/lib/textinput/textinput.js","statementMap":{"0":{"start":{"line":18,"column":4},"end":{"line":18,"column":17}},"1":{"start":{"line":19,"column":4},"end":{"line":22,"column":6}},"2":{"start":{"line":26,"column":4},"end":{"line":26,"column":35}},"3":{"start":{"line":27,"column":16},"end":{"line":27,"column":32}},"4":{"start":{"line":28,"column":4},"end":{"line":37,"column":5}},"5":{"start":{"line":29,"column":26},"end":{"line":29,"column":48}},"6":{"start":{"line":30,"column":6},"end":{"line":36,"column":7}},"7":{"start":{"line":31,"column":8},"end":{"line":31,"column":40}},"8":{"start":{"line":32,"column":8},"end":{"line":32,"column":56}},"9":{"start":{"line":34,"column":8},"end":{"line":34,"column":39}},"10":{"start":{"line":35,"column":8},"end":{"line":35,"column":55}},"11":{"start":{"line":41,"column":25},"end":{"line":45,"column":29}},"12":{"start":{"line":47,"column":26},"end":{"line":51,"column":23}},"13":{"start":{"line":53,"column":4},"end":{"line":75,"column":6}},"14":{"start":{"line":72,"column":30},"end":{"line":72,"column":54}},"15":{"start":{"line":80,"column":0},"end":{"line":95,"column":2}},"16":{"start":{"line":97,"column":0},"end":{"line":114,"column":2}}},"fnMap":{"0":{"name":"(anonymous_0)","decl":{"start":{"line":17,"column":2},"end":{"line":17,"column":3}},"loc":{"start":{"line":17,"column":21},"end":{"line":23,"column":3}},"line":17},"1":{"name":"(anonymous_1)","decl":{"start":{"line":25,"column":2},"end":{"line":25,"column":3}},"loc":{"start":{"line":25,"column":23},"end":{"line":38,"column":3}},"line":25},"2":{"name":"(anonymous_2)","decl":{"start":{"line":40,"column":2},"end":{"line":40,"column":3}},"loc":{"start":{"line":40,"column":11},"end":{"line":76,"column":3}},"line":40},"3":{"name":"(anonymous_3)","decl":{"start":{"line":72,"column":22},"end":{"line":72,"column":23}},"loc":{"start":{"line":72,"column":30},"end":{"line":72,"column":54}},"line":72}},"branchMap":{"0":{"loc":{"start":{"line":28,"column":4},"end":{"line":37,"column":5}},"type":"if","locations":[{"start":{"line":28,"column":4},"end":{"line":37,"column":5}},{"start":{"line":28,"column":4},"end":{"line":37,"column":5}}],"line":28},"1":{"loc":{"start":{"line":30,"column":6},"end":{"line":36,"column":7}},"type":"if","locations":[{"start":{"line":30,"column":6},"end":{"line":36,"column":7}},{"start":{"line":30,"column":6},"end":{"line":36,"column":7}}],"line":30},"2":{"loc":{"start":{"line":41,"column":25},"end":{"line":45,"column":29}},"type":"cond-expr","locations":[{"start":{"line":43,"column":4},"end":{"line":43,"column":34}},{"start":{"line":45,"column":4},"end":{"line":45,"column":29}}],"line":41},"3":{"loc":{"start":{"line":47,"column":26},"end":{"line":51,"column":23}},"type":"cond-expr","locations":[{"start":{"line":49,"column":4},"end":{"line":49,"column":30}},{"start":{"line":51,"column":4},"end":{"line":51,"column":23}}],"line":47},"4":{"loc":{"start":{"line":66,"column":10},"end":{"line":70,"column":24}},"type":"cond-expr","locations":[{"start":{"line":68,"column":11},"end":{"line":68,"column":23}},{"start":{"line":70,"column":11},"end":{"line":70,"column":24}}],"line":66}},"s":{"0":18,"1":18,"2":4,"3":4,"4":4,"5":2,"6":2,"7":1,"8":1,"9":1,"10":1,"11":40,"12":40,"13":40,"14":1,"15":4,"16":4},"f":{"0":18,"1":4,"2":40,"3":1},"b":{"0":[2,2],"1":[1,1],"2":[1,39],"3":[1,39],"4":[37,3]},"_coverageSchema":"332fd63041d2c1bcb487cc26dd0d5f7d97098a6c","hash":"6b547fdfcdbf797306c1d98f3386fd7f24a101a9"}
}
