TN:
SF:/Users/sooraj/vierosafe/viero-paints-app/jest-setup.js
FNF:0
FNH:0
DA:4,26
LF:1
LH:1
BRF:0
BRH:0
end_of_record
TN:
SF:/Users/sooraj/vierosafe/viero-paints-app/src/components/categorydetails/categorydetails.js
FN:35,(anonymous_0)
FN:52,(anonymous_1)
FN:62,(anonymous_2)
FN:64,(anonymous_3)
FN:68,(anonymous_4)
FN:72,(anonymous_5)
FN:90,(anonymous_6)
FN:94,(anonymous_7)
FN:101,(anonymous_8)
FN:110,(anonymous_9)
FN:114,(anonymous_10)
FN:116,(anonymous_11)
FN:153,(anonymous_12)
FN:155,(anonymous_13)
FN:174,(anonymous_14)
FN:187,(anonymous_15)
FN:189,(anonymous_16)
FN:215,(anonymous_17)
FNF:18
FNH:13
FNDA:6,(anonymous_0)
FNDA:0,(anonymous_1)
FNDA:6,(anonymous_2)
FNDA:0,(anonymous_3)
FNDA:70,(anonymous_4)
FNDA:0,(anonymous_5)
FNDA:1,(anonymous_6)
FNDA:3,(anonymous_7)
FNDA:85,(anonymous_8)
FNDA:10,(anonymous_9)
FNDA:20,(anonymous_10)
FNDA:10,(anonymous_11)
FNDA:14,(anonymous_12)
FNDA:70,(anonymous_13)
FNDA:0,(anonymous_14)
FNDA:70,(anonymous_15)
FNDA:0,(anonymous_16)
FNDA:84,(anonymous_17)
DA:28,1
DA:29,1
DA:30,1
DA:36,6
DA:37,6
DA:48,6
DA:49,6
DA:54,0
DA:55,0
DA:57,0
DA:59,0
DA:62,6
DA:65,0
DA:69,70
DA:72,0
DA:91,1
DA:95,3
DA:96,3
DA:97,3
DA:102,85
DA:111,10
DA:112,10
DA:113,10
DA:114,20
DA:115,10
DA:116,10
DA:117,10
DA:118,10
DA:153,14
DA:155,70
DA:174,0
DA:188,70
DA:189,0
DA:215,84
DA:246,1
LF:35
LH:27
BRDA:54,0,0,0
BRDA:54,0,1,0
BRDA:73,1,0,10
BRDA:73,1,1,60
BRDA:77,2,0,10
BRDA:77,2,1,60
BRDA:96,3,0,1
BRDA:96,3,1,2
BRDA:126,4,0,10
BRDA:126,4,1,0
BRDA:191,5,0,9
BRDA:191,5,1,61
BRF:12
BRH:9
end_of_record
TN:
SF:/Users/sooraj/vierosafe/viero-paints-app/src/components/categorydetails/demoproducts.js
FNF:0
FNH:0
DA:1,1
DA:3,1
LF:2
LH:2
BRF:0
BRH:0
end_of_record
TN:
SF:/Users/sooraj/vierosafe/viero-paints-app/src/components/categorydetails/styles.js
FNF:0
FNH:0
DA:7,1
DA:9,1
LF:2
LH:2
BRF:0
BRH:0
end_of_record
TN:
SF:/Users/sooraj/vierosafe/viero-paints-app/src/components/editprofile/card.js
FN:24,(anonymous_0)
FN:32,(anonymous_1)
FN:41,(anonymous_2)
FN:44,(anonymous_3)
FNF:4
FNH:3
FNDA:4,(anonymous_0)
FNDA:2,(anonymous_1)
FNDA:9,(anonymous_2)
FNDA:0,(anonymous_3)
DA:19,2
DA:20,2
DA:25,4
DA:26,4
DA:33,2
DA:34,1
DA:36,1
DA:38,2
DA:42,9
DA:44,0
DA:68,2
DA:76,2
LF:12
LH:11
BRDA:33,0,0,1
BRDA:33,0,1,1
BRDA:52,1,0,4
BRDA:52,1,1,5
BRF:4
BRH:4
end_of_record
TN:
SF:/Users/sooraj/vierosafe/viero-paints-app/src/components/editprofile/editprofile.js
FN:34,(anonymous_0)
FN:45,(anonymous_1)
FN:58,(anonymous_2)
FN:180,(anonymous_3)
FN:183,(anonymous_4)
FN:187,(anonymous_5)
FN:190,(anonymous_6)
FN:193,(anonymous_7)
FN:215,(anonymous_8)
FN:252,(anonymous_9)
FN:260,(anonymous_10)
FN:275,(anonymous_11)
FN:283,(anonymous_12)
FN:291,(anonymous_13)
FN:299,(anonymous_14)
FN:307,(anonymous_15)
FN:315,(anonymous_16)
FN:323,(anonymous_17)
FN:338,(anonymous_18)
FN:346,(anonymous_19)
FN:354,(anonymous_20)
FN:362,(anonymous_21)
FN:370,(anonymous_22)
FN:378,(anonymous_23)
FN:386,(anonymous_24)
FN:406,(anonymous_25)
FNF:26
FNH:9
FNDA:7,(anonymous_0)
FNDA:4,(anonymous_1)
FNDA:5,(anonymous_2)
FNDA:4,(anonymous_3)
FNDA:4,(anonymous_4)
FNDA:4,(anonymous_5)
FNDA:4,(anonymous_6)
FNDA:6,(anonymous_7)
FNDA:15,(anonymous_8)
FNDA:0,(anonymous_9)
FNDA:0,(anonymous_10)
FNDA:0,(anonymous_11)
FNDA:0,(anonymous_12)
FNDA:0,(anonymous_13)
FNDA:0,(anonymous_14)
FNDA:0,(anonymous_15)
FNDA:0,(anonymous_16)
FNDA:0,(anonymous_17)
FNDA:0,(anonymous_18)
FNDA:0,(anonymous_19)
FNDA:0,(anonymous_20)
FNDA:0,(anonymous_21)
FNDA:0,(anonymous_22)
FNDA:0,(anonymous_23)
FNDA:0,(anonymous_24)
FNDA:0,(anonymous_25)
DA:29,1
DA:30,1
DA:35,7
DA:36,7
DA:46,4
DA:47,4
DA:48,1
DA:49,3
DA:50,1
DA:51,2
DA:52,1
DA:54,1
DA:59,5
DA:60,5
DA:61,5
DA:62,5
DA:63,5
DA:64,5
DA:65,5
DA:66,5
DA:67,5
DA:69,5
DA:70,2
DA:71,2
DA:72,2
DA:73,2
DA:75,2
DA:86,2
DA:87,3
DA:88,1
DA:89,1
DA:90,1
DA:91,1
DA:92,1
DA:93,1
DA:94,1
DA:95,1
DA:96,1
DA:97,1
DA:98,1
DA:99,1
DA:114,1
DA:115,1
DA:117,1
DA:130,1
DA:131,2
DA:132,1
DA:133,1
DA:134,1
DA:135,1
DA:136,1
DA:137,1
DA:138,1
DA:139,1
DA:140,1
DA:141,1
DA:142,1
DA:143,1
DA:158,1
DA:159,1
DA:161,1
DA:174,1
DA:176,1
DA:181,4
DA:182,4
DA:183,4
DA:188,4
DA:189,4
DA:190,4
DA:194,6
DA:195,6
DA:196,2
DA:197,2
DA:198,2
DA:200,0
DA:201,0
DA:204,4
DA:205,4
DA:206,4
DA:207,4
DA:209,0
DA:210,0
DA:216,15
DA:217,15
DA:218,15
DA:219,15
DA:220,15
DA:252,0
DA:260,0
DA:275,0
DA:283,0
DA:291,0
DA:299,0
DA:307,0
DA:315,0
DA:323,0
DA:338,0
DA:346,0
DA:354,0
DA:362,0
DA:370,0
DA:378,0
DA:386,0
DA:406,0
DA:423,1
LF:105
LH:84
BRDA:47,0,0,1
BRDA:47,0,1,3
BRDA:49,1,0,1
BRDA:49,1,1,2
BRDA:51,2,0,1
BRDA:51,2,1,1
BRDA:69,3,0,2
BRDA:69,3,1,3
BRDA:79,4,0,2
BRDA:79,4,1,0
BRDA:87,5,0,1
BRDA:87,5,1,2
BRDA:106,6,0,1
BRDA:106,6,1,0
BRDA:131,7,0,1
BRDA:131,7,1,1
BRDA:150,8,0,1
BRDA:150,8,1,0
BRDA:195,9,0,2
BRDA:195,9,1,4
BRDA:196,10,0,2
BRDA:196,10,1,0
BRDA:204,11,0,4
BRDA:204,11,1,0
BRDA:224,12,0,4
BRDA:224,12,1,11
BRDA:257,13,0,1
BRDA:257,13,1,10
BRDA:265,14,0,1
BRDA:265,14,1,10
BRDA:280,15,0,1
BRDA:280,15,1,10
BRDA:288,16,0,1
BRDA:288,16,1,10
BRDA:296,17,0,1
BRDA:296,17,1,10
BRDA:304,18,0,1
BRDA:304,18,1,10
BRDA:312,19,0,1
BRDA:312,19,1,10
BRDA:320,20,0,1
BRDA:320,20,1,10
BRDA:328,21,0,1
BRDA:328,21,1,10
BRDA:343,22,0,1
BRDA:343,22,1,10
BRDA:351,23,0,1
BRDA:351,23,1,10
BRDA:359,24,0,1
BRDA:359,24,1,10
BRDA:367,25,0,1
BRDA:367,25,1,10
BRDA:375,26,0,1
BRDA:375,26,1,10
BRDA:383,27,0,1
BRDA:383,27,1,10
BRDA:391,28,0,1
BRDA:391,28,1,10
BRDA:411,29,0,1
BRDA:411,29,1,10
BRF:60
BRH:55
end_of_record
TN:
SF:/Users/sooraj/vierosafe/viero-paints-app/src/components/editprofile/styles.js
FNF:0
FNH:0
DA:6,2
DA:8,2
LF:2
LH:2
BRF:0
BRH:0
end_of_record
TN:
SF:/Users/sooraj/vierosafe/viero-paints-app/src/components/education/education.js
FN:36,(anonymous_0)
FN:50,(anonymous_1)
FN:52,(anonymous_2)
FN:56,(anonymous_3)
FN:62,(anonymous_4)
FN:69,(anonymous_5)
FN:70,(anonymous_6)
FN:76,(anonymous_7)
FN:79,(anonymous_8)
FN:87,(anonymous_9)
FN:92,(anonymous_10)
FN:95,(anonymous_11)
FN:125,(anonymous_12)
FN:128,(anonymous_13)
FN:151,(anonymous_14)
FN:158,(anonymous_15)
FN:168,(anonymous_16)
FN:172,(anonymous_17)
FN:200,(anonymous_18)
FN:234,(anonymous_19)
FN:244,(anonymous_20)
FN:245,(anonymous_21)
FN:253,(anonymous_22)
FN:272,(anonymous_23)
FNF:24
FNH:17
FNDA:13,(anonymous_0)
FNDA:13,(anonymous_1)
FNDA:2,(anonymous_2)
FNDA:2,(anonymous_3)
FNDA:4,(anonymous_4)
FNDA:1,(anonymous_5)
FNDA:1,(anonymous_6)
FNDA:0,(anonymous_7)
FNDA:2,(anonymous_8)
FNDA:4,(anonymous_9)
FNDA:10,(anonymous_10)
FNDA:0,(anonymous_11)
FNDA:3,(anonymous_12)
FNDA:3,(anonymous_13)
FNDA:2,(anonymous_14)
FNDA:1,(anonymous_15)
FNDA:4,(anonymous_16)
FNDA:0,(anonymous_17)
FNDA:0,(anonymous_18)
FNDA:29,(anonymous_19)
FNDA:0,(anonymous_20)
FNDA:0,(anonymous_21)
FNDA:0,(anonymous_22)
FNDA:2,(anonymous_23)
DA:26,1
DA:27,1
DA:28,1
DA:29,1
DA:31,1
DA:32,1
DA:37,13
DA:38,13
DA:51,13
DA:52,2
DA:57,2
DA:58,2
DA:63,4
DA:64,4
DA:65,4
DA:66,4
DA:70,1
DA:71,1
DA:72,1
DA:74,0
DA:76,0
DA:80,2
DA:81,1
DA:83,1
DA:88,4
DA:89,2
DA:93,10
DA:95,0
DA:121,2
DA:126,3
DA:127,3
DA:128,3
DA:129,3
DA:130,3
DA:131,3
DA:134,3
DA:135,3
DA:137,0
DA:139,3
DA:140,2
DA:141,2
DA:142,1
DA:143,1
DA:145,1
DA:152,2
DA:153,2
DA:154,2
DA:155,1
DA:156,1
DA:158,1
DA:159,1
DA:160,1
DA:161,1
DA:164,1
DA:169,4
DA:170,1
DA:172,0
DA:198,3
DA:200,0
DA:235,29
DA:244,0
DA:245,0
DA:253,0
DA:273,2
DA:286,1
LF:65
LH:56
BRDA:57,0,0,2
BRDA:57,0,1,0
BRDA:64,1,0,0
BRDA:64,1,1,4
BRDA:71,2,0,1
BRDA:71,2,1,0
BRDA:80,3,0,1
BRDA:80,3,1,1
BRDA:88,4,0,2
BRDA:88,4,1,2
BRDA:97,5,0,2
BRDA:97,5,1,8
BRDA:106,6,0,0
BRDA:106,6,1,10
BRDA:130,7,0,3
BRDA:130,7,1,0
BRDA:134,8,0,3
BRDA:134,8,1,0
BRDA:139,9,0,2
BRDA:139,9,1,1
BRDA:141,10,0,1
BRDA:141,10,1,1
BRDA:153,11,0,2
BRDA:153,11,1,0
BRDA:154,12,0,1
BRDA:154,12,1,1
BRDA:160,13,0,1
BRDA:160,13,1,0
BRDA:169,14,0,1
BRDA:169,14,1,3
BRDA:178,15,0,1
BRDA:178,15,1,0
BRDA:212,16,0,3
BRDA:212,16,1,0
BRDA:261,17,0,2
BRDA:261,17,1,27
BRF:36
BRH:26
end_of_record
TN:
SF:/Users/sooraj/vierosafe/viero-paints-app/src/components/education/styles.js
FNF:0
FNH:0
DA:6,1
DA:8,1
LF:2
LH:2
BRF:0
BRH:0
end_of_record
TN:
SF:/Users/sooraj/vierosafe/viero-paints-app/src/components/home/home.js
FN:28,(anonymous_0)
FN:37,(anonymous_1)
FN:38,(anonymous_2)
FN:41,(anonymous_3)
FN:43,(anonymous_4)
FN:47,(anonymous_5)
FN:51,(anonymous_6)
FN:66,(anonymous_7)
FN:68,(anonymous_8)
FN:91,(anonymous_9)
FN:95,(anonymous_10)
FN:106,(anonymous_11)
FN:107,(anonymous_12)
FN:127,(anonymous_13)
FN:129,(anonymous_14)
FNF:15
FNH:11
FNDA:4,(anonymous_0)
FNDA:5,(anonymous_1)
FNDA:4,(anonymous_2)
FNDA:6,(anonymous_3)
FNDA:6,(anonymous_4)
FNDA:1,(anonymous_5)
FNDA:2,(anonymous_6)
FNDA:7,(anonymous_7)
FNDA:14,(anonymous_8)
FNDA:1,(anonymous_9)
FNDA:19,(anonymous_10)
FNDA:0,(anonymous_11)
FNDA:0,(anonymous_12)
FNDA:0,(anonymous_13)
FNDA:0,(anonymous_14)
DA:25,1
DA:29,4
DA:30,4
DA:38,5
DA:42,6
DA:43,6
DA:48,1
DA:49,1
DA:50,1
DA:51,1
DA:52,2
DA:53,2
DA:54,2
DA:57,1
DA:61,1
DA:67,7
DA:68,7
DA:69,14
DA:70,14
DA:71,7
DA:78,7
DA:86,7
DA:87,7
DA:92,1
DA:96,19
DA:106,0
DA:107,0
DA:128,0
DA:129,0
DA:144,1
LF:30
LH:26
BRDA:53,0,0,2
BRDA:53,0,1,0
BRDA:57,1,0,1
BRDA:57,1,1,0
BRDA:61,2,0,0
BRDA:61,2,1,1
BRDA:69,3,0,14
BRDA:69,3,1,0
BRDA:70,4,0,7
BRDA:70,4,1,7
BRDA:114,5,0,19
BRDA:114,5,1,7
BRF:12
BRH:8
end_of_record
TN:
SF:/Users/sooraj/vierosafe/viero-paints-app/src/components/home/masonry.js
FN:6,(anonymous_0)
FN:18,(anonymous_1)
FN:26,(anonymous_2)
FN:30,(anonymous_3)
FN:42,(anonymous_4)
FN:46,(anonymous_5)
FN:50,(anonymous_6)
FN:51,(anonymous_7)
FN:74,(anonymous_8)
FN:86,(anonymous_9)
FN:87,(anonymous_10)
FN:90,(anonymous_11)
FN:101,(anonymous_12)
FN:106,(anonymous_13)
FN:108,(anonymous_14)
FN:117,(anonymous_15)
FN:118,(anonymous_16)
FN:124,(anonymous_17)
FN:133,(anonymous_18)
FN:134,(anonymous_19)
FN:137,(anonymous_20)
FN:143,(anonymous_21)
FN:147,(anonymous_22)
FN:148,(anonymous_23)
FNF:24
FNH:3
FNDA:0,(anonymous_0)
FNDA:0,(anonymous_1)
FNDA:0,(anonymous_2)
FNDA:0,(anonymous_3)
FNDA:0,(anonymous_4)
FNDA:0,(anonymous_5)
FNDA:0,(anonymous_6)
FNDA:0,(anonymous_7)
FNDA:4,(anonymous_8)
FNDA:0,(anonymous_9)
FNDA:0,(anonymous_10)
FNDA:0,(anonymous_11)
FNDA:0,(anonymous_12)
FNDA:0,(anonymous_13)
FNDA:0,(anonymous_14)
FNDA:0,(anonymous_15)
FNDA:0,(anonymous_16)
FNDA:0,(anonymous_17)
FNDA:0,(anonymous_18)
FNDA:0,(anonymous_19)
FNDA:0,(anonymous_20)
FNDA:19,(anonymous_21)
FNDA:38,(anonymous_22)
FNDA:0,(anonymous_23)
DA:7,0
DA:19,0
DA:20,0
DA:27,0
DA:31,0
DA:43,0
DA:47,0
DA:51,0
DA:52,0
DA:53,0
DA:54,0
DA:55,0
DA:75,4
DA:76,4
DA:77,4
DA:78,8
DA:80,4
DA:83,4
DA:87,0
DA:91,0
DA:92,0
DA:93,0
DA:95,0
DA:96,0
DA:99,0
DA:100,0
DA:101,0
DA:108,0
DA:109,0
DA:117,0
DA:118,0
DA:119,0
DA:120,0
DA:124,0
DA:125,0
DA:134,0
DA:138,0
DA:139,0
DA:140,0
DA:144,19
DA:148,38
LF:41
LH:8
BRDA:55,0,0,0
BRDA:55,0,1,0
BRDA:91,1,0,0
BRDA:91,1,1,0
BRDA:92,2,0,0
BRDA:92,2,1,0
BRDA:99,3,0,0
BRDA:99,3,1,0
BRF:8
BRH:0
end_of_record
TN:
SF:/Users/sooraj/vierosafe/viero-paints-app/src/components/home/styles.js
FNF:0
FNH:0
DA:6,1
DA:8,1
LF:2
LH:2
BRF:0
BRH:0
end_of_record
TN:
SF:/Users/sooraj/vierosafe/viero-paints-app/src/components/informazioni/informazioni.js
FN:30,(anonymous_0)
FN:38,(anonymous_1)
FN:39,(anonymous_2)
FN:42,(anonymous_3)
FN:44,(anonymous_4)
FN:48,(anonymous_5)
FN:52,(anonymous_6)
FNF:7
FNH:7
FNDA:3,(anonymous_0)
FNDA:3,(anonymous_1)
FNDA:3,(anonymous_2)
FNDA:4,(anonymous_3)
FNDA:4,(anonymous_4)
FNDA:6,(anonymous_5)
FNDA:9,(anonymous_6)
DA:24,1
DA:26,1
DA:31,3
DA:32,3
DA:39,3
DA:43,4
DA:44,4
DA:49,6
DA:53,9
DA:95,1
LF:10
LH:10
BRF:0
BRH:0
end_of_record
TN:
SF:/Users/sooraj/vierosafe/viero-paints-app/src/components/informazioni/styles.js
FNF:0
FNH:0
DA:7,1
DA:9,1
LF:2
LH:2
BRDA:42,0,0,0
BRDA:42,0,1,1
BRF:2
BRH:1
end_of_record
TN:
SF:/Users/sooraj/vierosafe/viero-paints-app/src/components/lavoridetails/demolavori.js
FNF:0
FNH:0
DA:1,1
DA:2,1
DA:3,1
DA:4,1
DA:6,1
LF:5
LH:5
BRF:0
BRH:0
end_of_record
TN:
SF:/Users/sooraj/vierosafe/viero-paints-app/src/components/lavoridetails/lavoridetails.js
FN:36,(anonymous_0)
FN:44,(anonymous_1)
FN:76,(anonymous_2)
FN:95,(anonymous_3)
FN:157,(anonymous_4)
FNF:5
FNH:5
FNDA:1,(anonymous_0)
FNDA:4,(anonymous_1)
FNDA:1,(anonymous_2)
FNDA:4,(anonymous_3)
FNDA:4,(anonymous_4)
DA:27,1
DA:28,1
DA:29,1
DA:31,1
DA:37,1
DA:38,1
DA:45,4
DA:46,4
DA:47,4
DA:77,1
DA:78,1
DA:79,1
DA:95,4
DA:157,4
DA:173,1
LF:15
LH:15
BRF:0
BRH:0
end_of_record
TN:
SF:/Users/sooraj/vierosafe/viero-paints-app/src/components/lavoridetails/styles.js
FNF:0
FNH:0
DA:6,1
DA:8,1
LF:2
LH:2
BRF:0
BRH:0
end_of_record
TN:
SF:/Users/sooraj/vierosafe/viero-paints-app/src/components/lavorifilter/lavorifilter.js
FN:22,(anonymous_0)
FN:30,(anonymous_1)
FN:34,(anonymous_2)
FN:43,(anonymous_3)
FN:50,(anonymous_4)
FN:58,(anonymous_5)
FN:68,(anonymous_6)
FN:70,(anonymous_7)
FN:105,(anonymous_8)
FNF:9
FNH:6
FNDA:3,(anonymous_0)
FNDA:3,(anonymous_1)
FNDA:2,(anonymous_2)
FNDA:9,(anonymous_3)
FNDA:0,(anonymous_4)
FNDA:0,(anonymous_5)
FNDA:35,(anonymous_6)
FNDA:0,(anonymous_7)
FNDA:8,(anonymous_8)
DA:18,2
DA:23,3
DA:24,3
DA:31,3
DA:35,2
DA:36,2
DA:37,1
DA:39,1
DA:44,9
DA:45,7
DA:46,7
DA:50,0
DA:58,0
DA:69,35
DA:70,0
DA:97,2
DA:106,8
DA:112,2
DA:118,2
LF:19
LH:16
BRDA:36,0,0,1
BRDA:36,0,1,1
BRDA:44,1,0,7
BRDA:44,1,1,2
BRDA:51,2,0,5
BRDA:51,2,1,2
BRDA:53,3,0,5
BRDA:53,3,1,2
BRDA:59,4,0,2
BRDA:59,4,1,5
BRDA:61,5,0,2
BRDA:61,5,1,5
BRDA:72,6,0,7
BRDA:72,6,1,28
BRDA:81,7,0,0
BRDA:81,7,1,35
BRF:16
BRH:15
end_of_record
TN:
SF:/Users/sooraj/vierosafe/viero-paints-app/src/components/lavorifilter/styles.js
FNF:0
FNH:0
DA:6,2
DA:8,2
LF:2
LH:2
BRF:0
BRH:0
end_of_record
TN:
SF:/Users/sooraj/vierosafe/viero-paints-app/src/components/login/formconfig.js
FNF:0
FNH:0
DA:1,1
LF:1
LH:1
BRF:0
BRH:0
end_of_record
TN:
SF:/Users/sooraj/vierosafe/viero-paints-app/src/components/login/login.js
FN:35,(anonymous_0)
FN:44,(anonymous_1)
FN:52,(anonymous_2)
FN:63,(anonymous_3)
FN:72,(anonymous_4)
FN:75,(anonymous_5)
FN:86,(anonymous_6)
FN:88,(anonymous_7)
FN:91,(anonymous_8)
FN:97,(anonymous_9)
FN:105,(anonymous_10)
FN:124,(anonymous_11)
FN:129,(anonymous_12)
FN:151,(anonymous_13)
FNF:14
FNH:14
FNDA:6,(anonymous_0)
FNDA:3,(anonymous_1)
FNDA:1,(anonymous_2)
FNDA:3,(anonymous_3)
FNDA:2,(anonymous_4)
FNDA:3,(anonymous_5)
FNDA:1,(anonymous_6)
FNDA:1,(anonymous_7)
FNDA:1,(anonymous_8)
FNDA:1,(anonymous_9)
FNDA:14,(anonymous_10)
FNDA:28,(anonymous_11)
FNDA:44,(anonymous_12)
FNDA:1,(anonymous_13)
DA:26,1
DA:27,1
DA:30,1
DA:31,1
DA:36,6
DA:37,6
DA:38,6
DA:45,3
DA:46,3
DA:48,3
DA:49,1
DA:50,1
DA:52,2
DA:53,1
DA:55,2
DA:56,1
DA:58,1
DA:64,3
DA:65,3
DA:66,3
DA:67,3
DA:68,3
DA:69,3
DA:70,3
DA:71,3
DA:72,2
DA:76,3
DA:77,2
DA:78,2
DA:80,1
DA:81,1
DA:82,1
DA:87,1
DA:88,1
DA:92,1
DA:93,1
DA:94,1
DA:98,1
DA:102,1
DA:106,14
DA:125,28
DA:129,44
DA:151,1
LF:43
LH:43
BRDA:48,0,0,1
BRDA:48,0,1,2
BRDA:55,1,0,1
BRDA:55,1,1,1
BRDA:55,2,0,2
BRDA:55,2,1,1
BRDA:76,3,0,2
BRDA:76,3,1,1
BRDA:143,4,0,3
BRDA:143,4,1,11
BRDA:158,5,0,1
BRDA:158,5,1,10
BRF:12
BRH:12
end_of_record
TN:
SF:/Users/sooraj/vierosafe/viero-paints-app/src/components/login/styles.js
FNF:0
FNH:0
DA:6,2
DA:8,2
LF:2
LH:2
BRF:0
BRH:0
end_of_record
TN:
SF:/Users/sooraj/vierosafe/viero-paints-app/src/components/menu/menu.js
FN:26,(anonymous_0)
FN:34,(anonymous_1)
FN:36,(anonymous_2)
FN:40,(anonymous_3)
FN:46,(anonymous_4)
FN:54,(anonymous_5)
FN:59,(anonymous_6)
FN:65,(anonymous_7)
FN:69,(anonymous_8)
FN:80,(anonymous_9)
FNF:10
FNH:10
FNDA:5,(anonymous_0)
FNDA:6,(anonymous_1)
FNDA:6,(anonymous_2)
FNDA:7,(anonymous_3)
FNDA:5,(anonymous_4)
FNDA:4,(anonymous_5)
FNDA:6,(anonymous_6)
FNDA:30,(anonymous_7)
FNDA:1,(anonymous_8)
FNDA:1,(anonymous_9)
DA:22,1
DA:27,5
DA:28,5
DA:35,6
DA:36,6
DA:41,7
DA:42,1
DA:43,1
DA:47,5
DA:48,5
DA:49,2
DA:51,5
DA:52,1
DA:54,4
DA:55,4
DA:60,6
DA:66,30
DA:69,1
DA:80,1
DA:98,1
LF:20
LH:20
BRDA:48,0,0,2
BRDA:48,0,1,3
BRDA:51,1,0,1
BRDA:51,1,1,4
BRF:4
BRH:4
end_of_record
TN:
SF:/Users/sooraj/vierosafe/viero-paints-app/src/components/menu/menuitems.js
FNF:0
FNH:0
DA:1,1
LF:1
LH:1
BRF:0
BRH:0
end_of_record
TN:
SF:/Users/sooraj/vierosafe/viero-paints-app/src/components/menu/styles.js
FNF:0
FNH:0
DA:7,1
DA:9,1
LF:2
LH:2
BRDA:24,0,0,1
BRDA:24,0,1,0
BRF:2
BRH:1
end_of_record
TN:
SF:/Users/sooraj/vierosafe/viero-paints-app/src/components/navheader/navheader.js
FN:21,(anonymous_0)
FN:25,(anonymous_1)
FN:28,(anonymous_2)
FN:36,(anonymous_3)
FNF:4
FNH:4
FNDA:1,(anonymous_0)
FNDA:112,(anonymous_1)
FNDA:1,(anonymous_2)
FNDA:1,(anonymous_3)
DA:15,15
DA:16,15
DA:17,15
DA:22,1
DA:26,112
DA:28,1
DA:36,1
LF:7
LH:7
BRDA:29,0,0,112
BRDA:29,0,1,90
BRF:2
BRH:2
end_of_record
TN:
SF:/Users/sooraj/vierosafe/viero-paints-app/src/components/navheader/styles.js
FNF:0
FNH:0
DA:6,15
DA:8,15
LF:2
LH:2
BRF:0
BRH:0
end_of_record
TN:
SF:/Users/sooraj/vierosafe/viero-paints-app/src/components/orders/demoorders.js
FNF:0
FNH:0
DA:1,1
LF:1
LH:1
BRF:0
BRH:0
end_of_record
TN:
SF:/Users/sooraj/vierosafe/viero-paints-app/src/components/orders/orders.js
FN:31,(anonymous_0)
FN:42,(anonymous_1)
FN:43,(anonymous_2)
FN:46,(anonymous_3)
FN:51,(anonymous_4)
FN:55,(anonymous_5)
FN:64,(anonymous_6)
FN:68,(anonymous_7)
FN:87,(anonymous_8)
FN:93,(anonymous_9)
FN:112,(anonymous_10)
FN:116,(anonymous_11)
FN:120,(anonymous_12)
FN:125,(anonymous_13)
FN:129,(anonymous_14)
FN:134,(anonymous_15)
FN:136,(anonymous_16)
FN:141,(anonymous_17)
FN:147,(anonymous_18)
FN:148,(anonymous_19)
FN:178,(anonymous_20)
FNF:21
FNH:18
FNDA:8,(anonymous_0)
FNDA:10,(anonymous_1)
FNDA:10,(anonymous_2)
FNDA:10,(anonymous_3)
FNDA:10,(anonymous_4)
FNDA:10,(anonymous_5)
FNDA:1,(anonymous_6)
FNDA:1,(anonymous_7)
FNDA:1,(anonymous_8)
FNDA:1,(anonymous_9)
FNDA:1,(anonymous_10)
FNDA:1,(anonymous_11)
FNDA:1,(anonymous_12)
FNDA:1,(anonymous_13)
FNDA:1,(anonymous_14)
FNDA:1,(anonymous_15)
FNDA:1,(anonymous_16)
FNDA:21,(anonymous_17)
FNDA:0,(anonymous_18)
FNDA:0,(anonymous_19)
FNDA:0,(anonymous_20)
DA:24,1
DA:25,1
DA:26,1
DA:27,1
DA:32,8
DA:33,8
DA:39,8
DA:43,10
DA:47,10
DA:48,10
DA:49,10
DA:50,10
DA:51,10
DA:56,10
DA:57,10
DA:65,1
DA:69,1
DA:88,1
DA:94,1
DA:113,1
DA:114,1
DA:115,1
DA:116,1
DA:121,1
DA:122,1
DA:123,1
DA:124,1
DA:125,1
DA:130,1
DA:131,1
DA:134,1
DA:137,1
DA:138,1
DA:142,21
DA:143,21
DA:144,21
DA:147,0
DA:148,0
DA:178,0
DA:198,1
LF:40
LH:37
BRDA:113,0,0,1
BRDA:113,0,1,0
BRDA:167,1,0,12
BRDA:167,1,1,9
BRDA:169,2,0,8
BRDA:169,2,1,1
BRF:6
BRH:5
end_of_record
TN:
SF:/Users/sooraj/vierosafe/viero-paints-app/src/components/orders/styles.js
FNF:0
FNH:0
DA:6,1
DA:8,1
LF:2
LH:2
BRF:0
BRH:0
end_of_record
TN:
SF:/Users/sooraj/vierosafe/viero-paints-app/src/components/productdetails/attachmentview.js
FN:23,(anonymous_0)
FNF:1
FNH:1
FNDA:1,(anonymous_0)
DA:18,2
DA:24,1
DA:42,2
DA:46,2
LF:4
LH:4
BRF:0
BRH:0
end_of_record
TN:
SF:/Users/sooraj/vierosafe/viero-paints-app/src/components/productdetails/descriptionstyles.js
FNF:0
FNH:0
DA:6,1
LF:1
LH:1
BRF:0
BRH:0
end_of_record
TN:
SF:/Users/sooraj/vierosafe/viero-paints-app/src/components/productdetails/materialcard.js
FN:20,(anonymous_0)
FNF:1
FNH:1
FNDA:2,(anonymous_0)
DA:21,2
DA:52,2
DA:58,2
LF:3
LH:3
BRDA:25,0,0,1
BRDA:25,0,1,1
BRDA:36,1,0,1
BRDA:36,1,1,1
BRF:4
BRH:4
end_of_record
TN:
SF:/Users/sooraj/vierosafe/viero-paints-app/src/components/productdetails/productdetails.js
FN:43,(anonymous_0)
FN:55,(anonymous_1)
FN:61,(anonymous_2)
FN:66,(anonymous_3)
FN:70,(anonymous_4)
FN:73,(anonymous_5)
FN:76,(anonymous_6)
FN:80,(anonymous_7)
FN:89,(anonymous_8)
FN:91,(anonymous_9)
FN:92,(anonymous_10)
FN:151,(anonymous_11)
FN:164,(anonymous_12)
FN:166,(anonymous_13)
FN:192,(anonymous_14)
FN:214,(anonymous_15)
FN:225,(anonymous_16)
FN:245,(anonymous_17)
FNF:18
FNH:14
FNDA:7,(anonymous_0)
FNDA:7,(anonymous_1)
FNDA:1,(anonymous_2)
FNDA:1,(anonymous_3)
FNDA:1,(anonymous_4)
FNDA:1,(anonymous_5)
FNDA:2,(anonymous_6)
FNDA:1,(anonymous_7)
FNDA:13,(anonymous_8)
FNDA:65,(anonymous_9)
FNDA:13,(anonymous_10)
FNDA:0,(anonymous_11)
FNDA:77,(anonymous_12)
FNDA:0,(anonymous_13)
FNDA:0,(anonymous_14)
FNDA:44,(anonymous_15)
FNDA:33,(anonymous_16)
FNDA:0,(anonymous_17)
DA:33,1
DA:34,1
DA:35,1
DA:36,1
DA:37,1
DA:38,1
DA:39,1
DA:44,7
DA:45,7
DA:52,7
DA:56,7
DA:57,7
DA:58,7
DA:62,1
DA:67,1
DA:71,1
DA:72,1
DA:73,1
DA:77,2
DA:81,1
DA:90,13
DA:91,65
DA:92,13
DA:93,13
DA:151,0
DA:165,77
DA:166,0
DA:192,0
DA:215,44
DA:226,33
DA:245,0
DA:265,1
LF:32
LH:28
BRDA:97,0,0,11
BRDA:97,0,1,2
BRDA:107,1,0,1
BRDA:107,1,1,10
BRDA:168,2,0,11
BRDA:168,2,1,66
BRF:6
BRH:6
end_of_record
TN:
SF:/Users/sooraj/vierosafe/viero-paints-app/src/components/productdetails/propertyview.js
FN:19,(anonymous_0)
FNF:1
FNH:1
FNDA:2,(anonymous_0)
DA:20,2
DA:37,2
DA:43,2
LF:3
LH:3
BRDA:21,0,0,1
BRDA:21,0,1,1
BRF:2
BRH:2
end_of_record
TN:
SF:/Users/sooraj/vierosafe/viero-paints-app/src/components/productdetails/styles.js
FNF:0
FNH:0
DA:7,4
DA:9,4
LF:2
LH:2
BRDA:33,0,0,4
BRDA:33,0,1,0
BRF:2
BRH:1
end_of_record
TN:
SF:/Users/sooraj/vierosafe/viero-paints-app/src/components/productfilter/productfilter.js
FN:22,(anonymous_0)
FN:28,(anonymous_1)
FN:31,(anonymous_2)
FN:65,(anonymous_3)
FNF:4
FNH:4
FNDA:7,(anonymous_0)
FNDA:15,(anonymous_1)
FNDA:1,(anonymous_2)
FNDA:4,(anonymous_3)
DA:18,2
DA:23,7
DA:24,5
DA:25,5
DA:29,15
DA:31,1
DA:57,2
DA:66,4
DA:72,2
DA:78,2
LF:10
LH:10
BRDA:23,0,0,5
BRDA:23,0,1,2
BRDA:33,1,0,5
BRDA:33,1,1,10
BRDA:42,2,0,3
BRDA:42,2,1,12
BRF:6
BRH:6
end_of_record
TN:
SF:/Users/sooraj/vierosafe/viero-paints-app/src/components/productfilter/styles.js
FNF:0
FNH:0
DA:6,2
DA:8,2
LF:2
LH:2
BRF:0
BRH:0
end_of_record
TN:
SF:/Users/sooraj/vierosafe/viero-paints-app/src/components/products/productsapi.js
FN:33,(anonymous_0)
FN:48,(anonymous_1)
FN:50,(anonymous_2)
FN:53,(anonymous_3)
FN:55,(anonymous_4)
FN:59,(anonymous_5)
FN:61,(anonymous_6)
FN:64,(anonymous_7)
FN:66,(anonymous_8)
FN:70,(anonymous_9)
FN:75,(anonymous_10)
FN:83,(anonymous_11)
FN:97,(anonymous_12)
FN:100,(anonymous_13)
FN:103,(anonymous_14)
FN:120,(anonymous_15)
FN:130,(anonymous_16)
FN:133,(anonymous_17)
FN:137,(anonymous_18)
FN:138,(anonymous_19)
FN:139,(anonymous_20)
FN:142,(anonymous_21)
FN:160,(anonymous_22)
FN:174,(anonymous_23)
FN:175,(anonymous_24)
FN:183,(anonymous_25)
FN:202,(anonymous_26)
FNF:27
FNH:20
FNDA:9,(anonymous_0)
FNDA:10,(anonymous_1)
FNDA:2,(anonymous_2)
FNDA:2,(anonymous_3)
FNDA:2,(anonymous_4)
FNDA:2,(anonymous_5)
FNDA:2,(anonymous_6)
FNDA:2,(anonymous_7)
FNDA:2,(anonymous_8)
FNDA:2,(anonymous_9)
FNDA:2,(anonymous_10)
FNDA:4,(anonymous_11)
FNDA:0,(anonymous_12)
FNDA:1,(anonymous_13)
FNDA:1,(anonymous_14)
FNDA:2,(anonymous_15)
FNDA:0,(anonymous_16)
FNDA:1,(anonymous_17)
FNDA:1,(anonymous_18)
FNDA:5,(anonymous_19)
FNDA:2,(anonymous_20)
FNDA:0,(anonymous_21)
FNDA:22,(anonymous_22)
FNDA:0,(anonymous_23)
FNDA:0,(anonymous_24)
FNDA:0,(anonymous_25)
FNDA:0,(anonymous_26)
DA:27,1
DA:28,1
DA:34,9
DA:35,9
DA:45,9
DA:49,10
DA:50,10
DA:54,2
DA:55,2
DA:60,2
DA:61,2
DA:65,2
DA:66,2
DA:71,2
DA:72,0
DA:76,2
DA:77,1
DA:79,1
DA:84,4
DA:85,1
DA:93,3
DA:97,0
DA:101,1
DA:102,1
DA:103,1
DA:104,1
DA:105,1
DA:106,1
DA:109,1
DA:110,1
DA:112,0
DA:114,1
DA:115,0
DA:116,0
DA:121,2
DA:122,2
DA:123,2
DA:124,2
DA:125,2
DA:126,1
DA:128,1
DA:130,2
DA:134,1
DA:138,5
DA:139,2
DA:140,1
DA:142,0
DA:161,22
DA:174,0
DA:175,0
DA:183,0
DA:202,0
DA:215,1
LF:53
LH:43
BRDA:76,0,0,1
BRDA:76,0,1,1
BRDA:84,1,0,1
BRDA:84,1,1,3
BRDA:105,2,0,1
BRDA:105,2,1,0
BRDA:109,3,0,1
BRDA:109,3,1,0
BRDA:114,4,0,0
BRDA:114,4,1,1
BRDA:125,5,0,1
BRDA:125,5,1,1
BRDA:125,6,0,2
BRDA:125,6,1,1
BRDA:146,7,0,1
BRDA:146,7,1,0
BRDA:165,8,0,3
BRDA:165,8,1,19
BRF:18
BRH:14
end_of_record
TN:
SF:/Users/sooraj/vierosafe/viero-paints-app/src/components/products/styles.js
FNF:0
FNH:0
DA:6,1
DA:8,1
LF:2
LH:2
BRF:0
BRH:0
end_of_record
TN:
SF:/Users/sooraj/vierosafe/viero-paints-app/src/components/profile/profile.js
FN:27,(anonymous_0)
FN:35,(anonymous_1)
FN:54,(anonymous_2)
FN:58,(anonymous_3)
FNF:4
FNH:3
FNDA:1,(anonymous_0)
FNDA:2,(anonymous_1)
FNDA:8,(anonymous_2)
FNDA:0,(anonymous_3)
DA:21,1
DA:23,1
DA:28,1
DA:29,1
DA:30,1
DA:31,1
DA:32,1
DA:36,2
DA:37,2
DA:38,2
DA:55,8
DA:58,0
DA:73,1
LF:13
LH:12
BRF:0
BRH:0
end_of_record
TN:
SF:/Users/sooraj/vierosafe/viero-paints-app/src/components/profile/styles.js
FNF:0
FNH:0
DA:6,1
DA:8,1
LF:2
LH:2
BRF:0
BRH:0
end_of_record
TN:
SF:/Users/sooraj/vierosafe/viero-paints-app/src/components/publishlavori/publishlavori.js
FN:29,(anonymous_0)
FN:39,(anonymous_1)
FN:51,(anonymous_2)
FN:68,(anonymous_3)
FNF:4
FNH:3
FNDA:4,(anonymous_0)
FNDA:0,(anonymous_1)
FNDA:1,(anonymous_2)
FNDA:1,(anonymous_3)
DA:23,1
DA:24,1
DA:25,1
DA:30,4
DA:39,0
DA:52,1
DA:69,1
DA:96,1
LF:8
LH:7
BRDA:37,0,0,1
BRDA:37,0,1,3
BRF:2
BRH:2
end_of_record
TN:
SF:/Users/sooraj/vierosafe/viero-paints-app/src/components/publishlavori/styles.js
FNF:0
FNH:0
DA:6,1
DA:8,1
LF:2
LH:2
BRF:0
BRH:0
end_of_record
TN:
SF:/Users/sooraj/vierosafe/viero-paints-app/src/components/relatedproducts/relatedproducts.js
FN:26,(anonymous_0)
FN:34,(anonymous_1)
FN:36,(anonymous_2)
FN:39,(anonymous_3)
FN:41,(anonymous_4)
FN:45,(anonymous_5)
FN:49,(anonymous_6)
FN:50,(anonymous_7)
FN:51,(anonymous_8)
FN:54,(anonymous_9)
FN:72,(anonymous_10)
FN:83,(anonymous_11)
FNF:12
FNH:11
FNDA:2,(anonymous_0)
FNDA:4,(anonymous_1)
FNDA:4,(anonymous_2)
FNDA:4,(anonymous_3)
FNDA:4,(anonymous_4)
FNDA:4,(anonymous_5)
FNDA:6,(anonymous_6)
FNDA:47,(anonymous_7)
FNDA:12,(anonymous_8)
FNDA:0,(anonymous_9)
FNDA:8,(anonymous_10)
FNDA:6,(anonymous_11)
DA:21,2
DA:27,2
DA:28,2
DA:35,4
DA:36,4
DA:40,4
DA:41,4
DA:46,4
DA:50,47
DA:51,12
DA:52,6
DA:54,0
DA:73,8
DA:84,6
LF:14
LH:13
BRDA:58,0,0,5
BRDA:58,0,1,1
BRDA:81,1,0,6
BRDA:81,1,1,2
BRF:4
BRH:4
end_of_record
TN:
SF:/Users/sooraj/vierosafe/viero-paints-app/src/components/relatedproducts/styles.js
FNF:0
FNH:0
DA:6,2
DA:8,2
LF:2
LH:2
BRF:0
BRH:0
end_of_record
TN:
SF:/Users/sooraj/vierosafe/viero-paints-app/src/components/splashscreen/splashscreen.js
FN:27,(anonymous_0)
FN:29,(anonymous_1)
FN:32,(anonymous_2)
FN:33,(anonymous_3)
FN:42,(anonymous_4)
FN:50,(anonymous_5)
FNF:6
FNH:6
FNDA:5,(anonymous_0)
FNDA:2,(anonymous_1)
FNDA:4,(anonymous_2)
FNDA:4,(anonymous_3)
FNDA:4,(anonymous_4)
FNDA:4,(anonymous_5)
DA:22,1
DA:23,1
DA:28,5
DA:29,5
DA:33,4
DA:34,4
DA:35,1
DA:37,3
DA:43,4
DA:47,4
DA:51,4
DA:72,1
LF:12
LH:12
BRDA:34,0,0,1
BRDA:34,0,1,3
BRF:2
BRH:2
end_of_record
TN:
SF:/Users/sooraj/vierosafe/viero-paints-app/src/components/splashscreen/styles.js
FNF:0
FNH:0
DA:5,1
LF:1
LH:1
BRF:0
BRH:0
end_of_record
TN:
SF:/Users/sooraj/vierosafe/viero-paints-app/src/components/vetrinalavori/demolavori.js
FNF:0
FNH:0
DA:1,4
DA:2,4
DA:3,4
DA:4,4
DA:6,4
LF:5
LH:5
BRF:0
BRH:0
end_of_record
TN:
SF:/Users/sooraj/vierosafe/viero-paints-app/src/components/vetrinalavori/styles.js
FNF:0
FNH:0
DA:6,1
DA:8,1
LF:2
LH:2
BRF:0
BRH:0
end_of_record
TN:
SF:/Users/sooraj/vierosafe/viero-paints-app/src/components/vetrinalavori/vetrinalavori.js
FN:33,(anonymous_0)
FN:45,(anonymous_1)
FN:49,(anonymous_2)
FN:52,(anonymous_3)
FN:73,(anonymous_4)
FN:76,(anonymous_5)
FN:104,(anonymous_6)
FN:112,(anonymous_7)
FN:126,(anonymous_8)
FN:131,(anonymous_9)
FN:136,(anonymous_10)
FN:150,(anonymous_11)
FN:151,(anonymous_12)
FN:159,(anonymous_13)
FN:176,(anonymous_14)
FN:179,(anonymous_15)
FNF:16
FNH:10
FNDA:13,(anonymous_0)
FNDA:1,(anonymous_1)
FNDA:4,(anonymous_2)
FNDA:16,(anonymous_3)
FNDA:1,(anonymous_4)
FNDA:0,(anonymous_5)
FNDA:2,(anonymous_6)
FNDA:29,(anonymous_7)
FNDA:1,(anonymous_8)
FNDA:1,(anonymous_9)
FNDA:30,(anonymous_10)
FNDA:0,(anonymous_11)
FNDA:0,(anonymous_12)
FNDA:0,(anonymous_13)
FNDA:0,(anonymous_14)
FNDA:0,(anonymous_15)
DA:27,1
DA:28,1
DA:29,1
DA:34,13
DA:35,13
DA:42,13
DA:46,1
DA:50,4
DA:51,4
DA:52,4
DA:53,16
DA:54,16
DA:55,10
DA:58,4
DA:59,3
DA:61,1
DA:63,4
DA:64,2
DA:65,1
DA:66,1
DA:68,1
DA:74,1
DA:76,0
DA:105,2
DA:106,1
DA:108,1
DA:113,29
DA:114,2
DA:122,27
DA:127,1
DA:128,1
DA:132,1
DA:137,30
DA:150,0
DA:151,0
DA:159,0
DA:176,0
DA:179,0
DA:196,1
LF:39
LH:33
BRDA:54,0,0,10
BRDA:54,0,1,6
BRDA:58,1,0,3
BRDA:58,1,1,1
BRDA:63,2,0,2
BRDA:63,2,1,2
BRDA:64,3,0,1
BRDA:64,3,1,1
BRDA:105,4,0,1
BRDA:105,4,1,1
BRDA:113,5,0,2
BRDA:113,5,1,27
BRDA:141,6,0,29
BRDA:141,6,1,1
BRF:14
BRH:14
end_of_record
TN:
SF:/Users/sooraj/vierosafe/viero-paints-app/src/components/wishlist/styles.js
FNF:0
FNH:0
DA:6,1
DA:8,1
LF:2
LH:2
BRF:0
BRH:0
end_of_record
TN:
SF:/Users/sooraj/vierosafe/viero-paints-app/src/components/wishlist/wishlist.js
FN:28,(anonymous_0)
FN:36,(anonymous_1)
FN:38,(anonymous_2)
FN:42,(anonymous_3)
FN:45,(anonymous_4)
FN:48,(anonymous_5)
FN:53,(anonymous_6)
FN:57,(anonymous_7)
FN:61,(anonymous_8)
FN:65,(anonymous_9)
FN:69,(anonymous_10)
FN:86,(anonymous_11)
FN:108,(anonymous_12)
FNF:13
FNH:10
FNDA:3,(anonymous_0)
FNDA:6,(anonymous_1)
FNDA:6,(anonymous_2)
FNDA:6,(anonymous_3)
FNDA:0,(anonymous_4)
FNDA:3,(anonymous_5)
FNDA:3,(anonymous_6)
FNDA:5,(anonymous_7)
FNDA:1,(anonymous_8)
FNDA:1,(anonymous_9)
FNDA:0,(anonymous_10)
FNDA:8,(anonymous_11)
FNDA:0,(anonymous_12)
DA:23,1
DA:29,3
DA:30,3
DA:37,6
DA:38,6
DA:43,6
DA:44,6
DA:45,0
DA:49,3
DA:50,3
DA:51,3
DA:52,3
DA:53,3
DA:58,5
DA:62,1
DA:66,1
DA:69,0
DA:87,8
DA:108,0
LF:19
LH:16
BRDA:72,0,0,1
BRDA:72,0,1,0
BRDA:92,1,0,8
BRDA:92,1,1,5
BRDA:100,2,0,5
BRDA:100,2,1,3
BRDA:102,3,0,4
BRDA:102,3,1,1
BRF:8
BRH:7
end_of_record
TN:
SF:/Users/sooraj/vierosafe/viero-paints-app/src/controller/apiconfig.js
FNF:0
FNH:0
DA:1,13
DA:2,13
DA:3,13
DA:4,13
DA:5,13
DA:6,13
DA:7,13
DA:8,13
DA:9,13
DA:10,13
DA:11,13
DA:12,13
DA:13,13
DA:14,13
DA:15,13
DA:16,13
LF:16
LH:16
BRF:0
BRH:0
end_of_record
TN:
SF:/Users/sooraj/vierosafe/viero-paints-app/src/controller/apicontroller.js
FN:11,setFilters
FN:15,getFilters
FN:19,screenNameSetter
FN:23,screenNameChecker
FN:27,transactionSetter
FN:31,transactionChecker
FN:35,apiCallHandler
FN:51,(anonymous_7)
FN:54,(anonymous_8)
FN:58,(anonymous_9)
FN:66,(anonymous_10)
FN:70,(anonymous_11)
FN:74,(anonymous_12)
FN:80,getToken
FN:88,getLocalData
FN:89,(anonymous_15)
FNF:16
FNH:16
FNDA:1,setFilters
FNDA:1,getFilters
FNDA:1,screenNameSetter
FNDA:1,screenNameChecker
FNDA:1,transactionSetter
FNDA:1,transactionChecker
FNDA:96,apiCallHandler
FNDA:35,(anonymous_7)
FNDA:33,(anonymous_8)
FNDA:2,(anonymous_9)
FNDA:38,(anonymous_10)
FNDA:37,(anonymous_11)
FNDA:1,(anonymous_12)
FNDA:38,getToken
FNDA:18,getLocalData
FNDA:18,(anonymous_15)
DA:6,12
DA:7,12
DA:8,12
DA:12,1
DA:16,1
DA:20,1
DA:24,1
DA:28,1
DA:32,1
DA:36,96
DA:42,96
DA:47,96
DA:48,46
DA:52,35
DA:55,33
DA:56,32
DA:59,2
DA:62,50
DA:67,38
DA:68,38
DA:71,37
DA:72,36
DA:75,1
DA:81,38
DA:85,38
DA:89,18
DA:90,18
DA:91,5
LF:28
LH:28
BRDA:47,0,0,46
BRDA:47,0,1,50
BRDA:50,1,0,32
BRDA:50,1,1,14
BRDA:55,2,0,32
BRDA:55,2,1,1
BRDA:64,3,0,5
BRDA:64,3,1,45
BRDA:71,4,0,36
BRDA:71,4,1,1
BRDA:90,5,0,5
BRDA:90,5,1,13
BRF:12
BRH:12
end_of_record
TN:
SF:/Users/sooraj/vierosafe/viero-paints-app/src/lib/textinput/styles.js
FNF:0
FNH:0
DA:5,4
LF:1
LH:1
BRF:0
BRH:0
end_of_record
TN:
SF:/Users/sooraj/vierosafe/viero-paints-app/src/lib/textinput/textinput.js
FN:17,(anonymous_0)
FN:25,(anonymous_1)
FN:40,(anonymous_2)
FN:72,(anonymous_3)
FNF:4
FNH:4
FNDA:18,(anonymous_0)
FNDA:4,(anonymous_1)
FNDA:40,(anonymous_2)
FNDA:1,(anonymous_3)
DA:18,18
DA:19,18
DA:26,4
DA:27,4
DA:28,4
DA:29,2
DA:30,2
DA:31,1
DA:32,1
DA:34,1
DA:35,1
DA:41,40
DA:47,40
DA:53,40
DA:72,1
DA:80,4
DA:97,4
LF:17
LH:17
BRDA:28,0,0,2
BRDA:28,0,1,2
BRDA:30,1,0,1
BRDA:30,1,1,1
BRDA:41,2,0,1
BRDA:41,2,1,39
BRDA:47,3,0,1
BRDA:47,3,1,39
BRDA:66,4,0,37
BRDA:66,4,1,3
BRF:10
BRH:10
end_of_record
